[    0.000000] Initializing cgroup subsys cpuset
[    0.000000] Initializing cgroup subsys cpu
[    0.000000] Initializing cgroup subsys cpuacct
[    0.000000] Linux version 4.4.0-159-generic (buildd@lgw01-amd64-042) (gcc version 5.4.0 20160609 (Ubuntu 5.4-6ubuntu1~16.04.10) ) #187-Ubuntu SMP Thu Aug 1 16:28:06 TC 2019 (Ubuntu 4.4.0-159.187-generic 4.4.185)
[    0.000000] Command line: BOOT_IMAGE=/boot/vmlinuz-4.4.0-159-generic root=LABEL=cloudimg-rootfs ro console=tty1 console=ttyS0
[    0.000000] KERNEL supported cpus:
[    0.000000]   Intel GenuineIntel
[    0.000000]   AMD AuthenticAMD
[    0.000000]   Centaur CentaurHauls
[    0.000000] x86/fpu: Legacy x87 FPU detected.
[    0.000000] e820: BIOS-provided physical RAM map:
[    0.000000] BIOS-e820: [mem 0x0000000000000000-0x000000000009fbff] usable
[    0.000000] BIOS-e820: [mem 0x000000000009fc00-0x000000000009ffff] reserved
[    0.000000] BIOS-e820: [mem 0x00000000000f0000-0x00000000000fffff] reserved
[    0.000000] BIOS-e820: [mem 0x0000000100000x000000003ffeffff] usable
[    0.000000] BIOS-e820: [mem 0x000000003fff0000-0x000000003ffffff] ACPI data
[    0.000000] BIOS-e820: [mem 0x00000000fec00000-0x00000000fec00fff] reserved
[    0.000000] BIOS-e820: [mem 0x00000000fee00000-0x00000000fee00fff] reserved
[    0.000000] BBIOS-e820: [mem 0x00000000fffc0000-0x00000000ffffffff] reserved
[    0.000000] NX (Execute Disable) protection: active
[    0.000000] SMBIOS 2.5 present.
[    0.000000] Hypervisor detected: KVM
[    0.000000] 820: last_pfn = 0x3fff0 max_arch_pfn = 0x400000000
[    0.000000] MTRR: Disabled
[    0.000000] x86/PAT: MTRRs disabled, skipping PAT initialization too.
[    0.000000] CPU MTRRs all blank - virtualized system.
[    0.000000] x86/PAT: Configuration [0-7]: WB  WT  UC- UC  WB  WT  UC- UC  
[    0.000000] found SMP MP-table at [mem 0x0009fff0-0x0009ffff] mapped at [ffff88000009fff0]
[    0.000000] Scanning 1 areas for low memory corruption
[    0.000000] RAMDISK: [mem 0x362f8000-0x37173fff]
[    0.000000] ACPI: Early table checksum verification disabled
[    0.000000] ACPI: RSDP 0x00000000000E0000 000024 (v02 VBOX  )
[   0.000000] ACPI: XSDT 0x000000003FFF0030 00003C (v01 VBOX   VBOXXSDT 00000001 ASL  00000061)
[    0.000000] ACPI: FACP 0x000000003FFF00F0 0000F4 (v04 VBOX   VBOXFACP 00000001 ASL  00000061)
[    0.000000] ACPI: DSDT 0x000000003FFF0470 0021FF (v02 VBOX   VBOXBIOS 00000002 INTL 20180105)
[    0.000000] ACPI: FACS 0x000000003FFF0200 000040
[    0.000000] ACPI: FACS 0x00000003FFF0200 000040
[    0.000000] ACPI: APIC 0x000000003FFF0240 00005C (v02 VBOX   VBOXAPIC 00000001 ASL  00000061)
[    0.000000] ACPI: SSDT 0x000000003FFF02A0 0001CC (v01 VBOX   VBOXCPUT 00000002 INTL 20180105)
[    0.000000] No NUMA configuration found
[    0.000000] Faking a node at [mem 0x0000000000000000-0x00000003ffeffff]
[    0.000000] NODE_DATA(0) allocated [mem 0x3ffeb000-0x3ffeffff]
[    0.000000]kv-clock:Using msrs 4b564d01 and 4b564d00
[    0.000000] kvm-clock: cpu 0, msr 0:3ffe3001, primary cpu clock
[    0.000000] kvm-clck: using sched offset of 5155116752 cycles
[    0.000000] clocksource: kvm-clock: mask: 0xffffffffffffffff max_cycles: 0x1cd42e4dffb, max_idle_ns: 881590591483 ns
[    0.000000] Zone ranges:
[    0.000000]   DMA      [mem 0x0000000000001000-0x0000000000ffffff]
[    0.000000]   DMA32    [mem 0x0000000001000000-0x000000003ffeffff]
[    0.000000]   Normal   empty
[    0.000000]   Device   empty
[    0.000000] Movable zone start for each node
[    0.000000] Early memory node ranges
[    0.000000]   node   0: [mem 0x0000000000001000-0x000000000009efff]
[    0.000000]   node   0: [mem 0x0000000000100000-0x000000003ffeffff]
[    0.000000] Initmem setup node 0 [mem 0x0000000000001000-0x000000003ffeffff]
[    0.000000] ACPI: PM-Timer IO Port: 0x4008
[    0.000000] IOAPIC[0]: apic_id 2, version 32, address 0xfec00000, GSI 0-23
[    0.000000] ACPI: INT_SRC_OVR (bus 0 bus_irq 0 global_irq 2 dfl dfl)
[    0.000000] ACPI: INT_SRC_OVR (bus 0 bus_irq 9 global_irq 9 low level)
[    0.000000] Using ACPI (MADT) for SMP configuration information
[    0.000000] smpboot: Allowing 2 CPUs, 0 hotplug CPUs
[    0.000000] PM: Registered nosave memory: [mem 0x00000000-0x00000fff]
[    0.000000] PM: Registered nosave memory: [mem 0x0009f000-0x0009ffff]
[    0.000000] PM: Registered nosave memory: [mem 0x000a0000-0x000effff]
[    0.000000] PM: Registered nosave memory: [mem 0x000f0000-0x000fffff]
[    0.000000] e820: [mem 0x4000000-0xfebfffff] available fr PCI devices
[    0.000000] Booting paravirtualized kernel on KVM
[    0.000000] clocksource: refined-jiffies: mask: 0xffffffff max_cycles: 0xffffffff, max_idle_ns: 7645519600211568 ns
[    0.000000] setup_percp: NRCPUS:512nr_cpumask_bits:512 nr_cpu_ids:2 nr_node_ids:1
[    0.000000] PERCPU: Embedded 34 pages/cpu @ffff88003fc00000 s99544 r8192 d31528 u1048576
[    0.000000] Built 1 zonelists in Node order, mobility grouping on.  Total pages: 257912
[    0.000000] Policy zone: DMA32
[    0.000000] Kernel command line: BOOT_IMAGE=/boot/vmlinuz-4.4.0-159-generic root=LABEL=cloudimg-rootfs ro console=tty1 consoe=ttyS0
[    0.000000] PID hash table entries: 4096 (order: 3, 32768 bytes)
[    0.000000] Memory: 997724K/1048120K available (8618K kernel code, 1335K rwdata, 4032K rodata, 1488K init, 1284K bss, 50396K reserved, 0K cma-reserved)
[    0.000000] SLUB: HWalign=64, Order=0-3, MinObjects=0, CPUs=2, Nodes=1
[    0.000000] Kernel/User page tables isolation: enabled
[    0.000000] Hierarchical RCU implementation.
[    0.000000] 	Build-time adjustment of leaf fanout to 64.
[    0.000000] 	RCU restricting CPUs from NR_CPUS=512 to nr_cpu_ids=2.
[    0.000000] RCU: Adjusting geometry for rcu_fanout_leaf=64, nr_cpu_ids=2
[    0.000000] NR_IRQS:33024 nr_irqs:440 16
[    0.000000] Console: colour VGA+ 80x25
[    0.000000] console [tty1] enabled
[    0.000000] console [ttyS0] enabled
[    0.000000] tsc: Detected 2992.498 MHz processor
[    3.114534] Calibrating delay loop (skipped) preset value.. 5984.99 BogoMIPS (lpj=11969992)
[    3.117419] pid_max: default: 32768 minimum: 301
[    3.118944] ACPI: Core revision 20150930
[    3.121590] ACPI: 2 ACPI AML tables successfully acquired and loaded
[    3.166012] Security Framework initialized
[    3.167428] Yama: becoming mindful.
[    3.168793] AppArmor: AppArmor initialized
[    3.170393] Dentry cache hash table entries: 131072 (order: 8, 1048576 bytes)
[    3.173022] Inode-cache hash table entries: 65536 (order: 7, 524288 bytes)
[    3.175296] Mount-cache hash table entries: 2048 (order: 2, 16384 bytes)
[    3.177267] Mountpoint-cache hash table entries: 2048 (order: 2, 16384 bytes)
[    3.180200] Initializing cgroup subsys io
[    3.181607] Initializing cgroup subsys memory
[    3.183097] Initializing cgroup subsys devices
[    3.184621] Initializing cgroup subsys freezer
[    3.261818] Initializing cgroup subsys net_cls
[    3.263310] Initializing cgroup subsys perf_event
[    3.264892] Initializing cgroup subsys net_prio
[    3.266422] Initializing cgroup subsys hugetlb
[    3.267908] Initializing cgroup subsys pids
[    3.269460] mce: CPU supports 0 MCE banks
[    3.270904] Last level iTLB entries: 4KB 128, 2MB 4, 4MB 4
[    3.272600] Last level dTLB entries: 4KB 256, 2MB 0, 4MB 32, 1GB 0
[    3.313703] Spectre V1 : Mitigation: usercopy/swapgs barriers and __user pointer sanitization
[    3.342914] Spectre V2 : Mitigation: Full generic retpoline
[    3.344657] Spectre V2 : Spectre v2 / SpectreRSB mitigation: Filling RSB on context switch
[    3.347452] Speculative Store Bypass: Vulnerable
[    3.349766] MDS: Vulnerable: Clear CPU buffers attempted, no microcode
[    3.355373] Freeing SMP alternatives memory: 36K
[    3.364450] ftrace: allocating 32318 entries in 127 pages
[    3.521802] smpboot: APIC(0) Converting physical 0 to logical package 0
[    3.582586] smpboot: Max logical packages: 1
[    3.584611] x2apic enabled
[    3.586308] Switched APIC routing to physical x2apic.
[    3.590292] ..TIMER: vector=0x30 apic1=0 pin1=2 apic2=-1 pin2=-1
[    3.696731] smpboot: CPU0: Intel(R) Core(TM)2 Duo CPU     E8400  @ 3.00GHz (family: 0x6, model: 0x17, stepping: 0xa)
[    3.801397] Performance Events: unsupported p6 CPU model 23 no PMU driver, software events only.
[    3.982256] KVM setup paravirtual spinlock
[    3.987120] x86: Booting SMP configuration:
[    3.988534] .... node  #0, CPUs:      #1
[    4.004625] kvm-clock: cpu 1, msr 0:3ffe3041, secondary cpu clock
[    4.012052] mce: CPU supports 0 MCE banks
[    4.015217] x86: Booted up 1 node, 2 CPUs
[    4.017058] smpboot: Total of 2 processors activated (11969.99 BogoMIPS)
[    4.019639] devtmpfs: initialized
[    4.023336] evm: security.selinux
[    4.024572] evm: security.SMACK64
[    4.025812] evm: security.SMACK64EXEC
[    4.027132] evm: security.SMACK64TRANSMUTE
[    4.028521] evm: security.SMACK64MMAP
[    4.035168] evm: security.ima
[    4.036327] evm: security.capability
[    4.037819] clocksource: jiffies: mask: 0xffffffff max_cycles: 0xffffffff, max_idle_ns: 7645041785100000 ns
[    4.052626] futex hash table entries: 512 (order: 3, 32768 bytes)
[    4.054664] pinctrl core: initialized pinctrl subsystem
[    4.056474] RTC time: 17:09:12, date: 08/22/19
[    4.058366] NET: Registered protocol family 16
[    4.068793] cpuidle: using governor ladder
[    4.084825] cpuidle: using governor menu
[    4.086223] PCCT header not found.
[    4.087523] ACPI: bus type PCI registered
[    4.088916] acpiphp: ACPI Hot Plug PCI Controller Driver version: 0.5
[    4.090952] PCI: Using configuration type 1 for base access
[    4.105705] ACPI: Added _OSI(Module Device)
[    4.107156] ACPI: Added _OSI(Processor Device)
[    4.108624] ACPI: Added _OSI(3.0 _SCP Extensions)
[    4.124752] ACPI: Added _OSI(Processor Aggregator Device)
[    4.127263] ACPI: Executed 1 blocks of module-level executable AML code
[    4.132021] ACPI: Interpreter enabled
[    4.133362] ACPI: (supports S0 S5)
[    4.134660] ACPI: Using IOAPIC for interrupt routing
[    4.136437] PCI: Using host bridge windows from ACPI; if necessary, use "pci=nocrs" and report a bug
[    4.152382] ACPI: PCI Root Bridge [PCI0] (domain 0000 [bus 00-ff])
[    4.203050] acpi PNP0A03:00: _OSC: OS supports [ASPM ClockPM Segments MSI]
[    4.205051] acpi PNP0A03:00: _OSC: not requesting OS control; OS requires [ExtendedConfig ASPM ClockPM MSI]
[    4.246574] acpi PNP0A03:00: fail to add MMCONFIG information, can't access extended PCI configuration space under this bridge.
[    4.390781] PCI host bridge to bus 0000:00
[    4.427938] pci_bus 0000:00: root bus resource [io  0x0000-0x0cf7 window]
[    4.429911] pci_bus 0000:00: root bus resource [io  0x0d00-0xffff window]
[    4.481563] pci_bus 0000:00: root bus resource [mem 0x000a0000-0x000bffff window]
[    4.561038] pci_bus 0000:00: root bus resource [mem 0x40000000-0xfdffffff window]
[    4.563623] pci_bus 0000:00: root bus resource [bus 00-ff]
[    4.597134] pci 0000:00:01.1: legacy IDE quirk: reg 0x10: [io  0x01f0-0x01f7]
[    4.599182] pci 0000:00:01.1: legacy IDE quirk: reg 0x14: [io  0x03f6]
[    4.601089] pci 0000:00:01.1: legacy IDE quirk: reg 0x18: [io  0x0170-0x0177]
[    4.603128] pci 0000:00:01.1: legacy IDE quirk: reg 0x1c: [io  0x0376]
[    4.631430] pci 0000:00:07.0: quirk: [io  0x4000-0x403f] claimed by PIIX4 ACPI
[    4.635325] pci 0000:00:07.0: quirk: [io  0x4100-0x410f] claimed by PIIX4 SMB
[    4.646382] ACPI: PCI Interrupt Link [LNKA] (IRQs 5 9 10 *11)
[    4.656706] ACPI: PCI Interrupt Link [LNKB] (IRQs 5 9 *10 11)
[    4.659153] ACPI: PCI Interrupt Link [LNKC] (IRQs 5 *9 10 11)
[    4.683837] ACPI: PCI Interrupt Link [LNKD] (IRQs 5 9 10 *11)
[    4.686353] ACPI: Enabled 2 GPEs in block 00 to 07
[    4.689037] vgaarb: setting as boot device: PCI:0000:00:02.0
[    4.690793] vgaarb: device added: PCI:0000:00:02.0,decodes=io+mem,owns=io+mem,locks=none
[    4.698866] vgaarb: loaded
[    4.699985] vgaarb: bridge control possible 0000:00:02.0
[    4.702292] SCSI subsystem initialized
[    4.704083] ACPI: bus type USB registered
[    4.710859] usbcore: registered new interface driver usbfs
[    4.714063] usbcore: registered new interface driver hub
[    4.715757] usbcore: registered new device driver usb
[    4.717833] PCI: Using ACPI for IRQ routing
[    4.719950] NetLabel: Initializing
[    4.721227] NetLabel:  domain hash size = 128
[    4.722695] NetLabel:  protocols = UNLABELED CIPSOv4
[    4.724310] NetLabel:  unlabeled traffic allowed by default
[    4.734679] amd_nb: Cannot enumerate AMD northbridges
[    4.736443] clocksource: Switched to clocksource kvm-clock
[    4.822111] AppArmor: AppArmor Filesystem Enabled
[    4.824755] pnp: PnP ACPI init
[    4.828002] pnp: PnP ACPI: found 3 devices
[   4.843387] clocksource: acpi_pm: mask: 0xffffff max_cycles: 0xffffff, max_idle_ns: 2085701024 ns
[    4.877354] NET: Registered protocol family 2

[    4.879551] TCP established hash table entries: 8192 (order: 4, 65536 bytes)
[    4.881745] TCP bind hash table entries: 8192 (order: 5, 131072 bytes)
    4.883806] TCP: Hash tables configured (established 8192 bind 8192)
[    4.916405] UDP hash table entries: 512 (order: 2, 16384 bytes)
[    4.918323] UDP-Lite hash table entries: 512 (order: 2, 16384 bytes)
[    4.920411] NET: Registered protocol family 1
[    4.921988] pci 0000:00:00.0: Limiting direct PCI/PCI transfers
[    4.923900] pci 0000:00:01.0: Activating ISA DMA hang workarounds
[    4.926087] Unpacking initramfs...
[  5.196471] Freeing initrd memory: 14832K
[    5.258151] clocksource: tsc: mask: 0xffffffffffffffff max_cycles: 0x2b2296bc2b9, max_idle_ns: 440795321505 ns
[    5.261346] platform rtc_cmos: registered platform RTC device (no PNP device found)
[    5.264067] Scanning for low memory corruption every 60 seconds

[    5.267401] audit: initializing netlink subsys (disabled)
[    5.274353] audit: type=2000 audit(1566493755.441:1): initialized
[    5.277716] Initialise system trusted keyring
[    5.279387] HugeTLB registered 2 MB page size, pre-allocated 0 pages
[    5.283302] zbud: loaded
[    5.295564] VFS: Disk quotas dquot_6.6.0
[    5.297020] VFS: Dquot-cache hash table entries: 512 (order 0, 4096 bytes)
[    5.299376] squashfs: version 4.0 (2009/01/31) Phillip Lougher
[    5.307507] fuse init (API version 7.23)
[    5.309158] Key type big_key registered
[    5.310549] Allocating IMA MOK and blacklist keyrings.
[    5.313561] Key type asymmetric registered
[    5.317433] Asymmetric key parser 'x509' registered
[    5.319074] Block layer SCSI generic (bsg) driver version 0.4 loaded (major 249)
[    5.321794] io scheduler noop registered
[    5.323186] io scheduler deadline registered (default)
[    5.324911] io scheduler cfq registered
[    5.326486] pci_hotplug: PCI Hot Plug PCI Core version: 0.5
[    5.328305] pciehp: PCI Express Hot Plug Controller Driver version: 0.4
[    5.335745] ACPI: AC Adapter [AC] (on-line)
[    5.337348] input: Power Button as /devices/LNXSYSTM:00/LNXPWRBN:00/input/input0
[    5.340038] ACPI: Power Button [PWRF]
[    5.354826] input: Sleep Button as /devices/LNXSYSTM:00/LNXSLPBN:00/input/input1
[    5.379508] ACPI: Sleep Button [SLPF]
[    5.381218] GHES: HEST is not enabled!
[    5.388180] Serial: 8250/16550 driver, 32 ports, IRQ sharing enabled
[    5.414288] 00:02: ttyS0 at I/O 0x3f8 (irq = 4, base_baud = 115200) is a 16550A
[    5.425937] Linux agpgart interface v0.103
[    5.430539] loop: module loaded
[    5.432851] scsi host0: ata_piix
[    5.434372] scsi host1: ata_piix
[    5.441037] ata1: PATA max UDMA/33 cmd 0x1f0 ctl 0x3f6 bmdma 0xd000 irq 14
[    5.443128] ata2: PATA max UDMA/33 cmd 0x170 ctl 0x376 bmdma 0xd008 irq 15
[    5.445391] libphy: Fixed MDIO Bus: probed
[    5.452274] tun: Universal TUN/TAP device driver, 1.6
[    5.459342] tun: (C) 1999-2004 Max Krasnyansky <maxk@qualcomm.com>
[    5.461402] PPP generic driver version 2.4.2
[    5.468242] ehci_hcd: USB 2.0 'Enhanced' Host Controller (EHCI) Driver
[    5.475675] ehci-pci: EHCI PCI platform driver
[    5.477277] ehci-platform: EHCI generic platform driver
[    5.484374] ohci_hcd: USB 1.1 'Open' Host Controller (OHCI) Driver
[    5.489797] ohci-pci: OHCI PCI platform driver
[    5.491374] ohci-platform: OHCI generic platform driver
[    5.498469] uhci_hcd: USB Universal Host Controller Interface driver
[    5.502500] i8042: PNP: PS/2 Controller [PNP0303:PS2K,PNP0f03:PS2M] at 0x60,0x64 irq 1,12
[    5.506104] serio: i8042 KBD port at 0x60,0x64 irq 1
[    5.507789] serio: i8042 AUX port at 0x60,0x64 irq 12
[    5.525220] mousedev: PS/2 mouse device common for all mice
[    5.527851] input: AT Translated Set 2 keyboard as /devices/platform/i8042/serio0/input/input2
[    5.530950] rtc_cmos rtc_cmos: rtc core: registered rtc_cmos as rtc0
[    5.536267] rtc_cmos rtc_cmos: alarms up to one day, 114 bytes nvram
[    5.538301] i2c /dev entries driver
[    5.539721] device-mapper: uevent: version 1.0.3
[    5.548239] device-mapper: ioctl: 4.34.0-ioctl (2015-10-28) initialised: dm-devel@redhat.com
[    5.563229] ledtrig-cpu: registered to indicate activity on CPUs
[    5.565892] NET: Registered protocol family 10
[    5.567903] NET: Registered protocol family 17
[    5.715647] Key type dns_resolver registered
[    5.725623] registered taskstats version 1
[    5.727115] Loading compiled-in X.509 certificates
[    5.736074] Loaded X.509 cert 'Build time autogenerated kernel key: d14182f9795b80ec340f636a5a08bf5817ccd8e7'
[    5.786172] zswap: loaded using pool lzo/zbud
[    5.801452] Key type trusted registered
[    5.861765] Key type encrypted registered
[    5.881183] AppArmor: AppArmor sha1 policy hashing enabled
[    5.905295] ima: No TPM chip found, activating TPM-bypass!
[    5.907147] ima: Allocated hash algorithm: sha1
[    5.908844] evm: HMAC attrs: 0x1
[    5.925733]   Magic number: 15:86:189
[    5.927336] rtc_cmos rtc_cmos: setting system clock to 2019-08-22 17:09:14 UTC (1566493754)
[    5.930498] BIOS EDD facility v0.16 2004-Jun-25, 0 devices found
[    5.932429] EDD information not available.
[    5.939585] Freeing unused kernel memory: 1488K
[    5.956495] Write protecting the kernel read-only data: 14336k
[    5.972358] Freeing unused kernel memory: 1608K
[    5.974299] Freeing unused kernel memory: 64K
Loading, please wait...
starting version 229
[    6.117356] random: systemd-udevd: uninitialized urandom read (16 bytes read, 2 bits of entropy available)
[    6.131785] random: systemd-udevd: uninitialized urandom read (16 bytes read, 2 bits of entropy available)
[    6.145721] random: udevadm: uninitialized urandom read (16 bytes read, 2 bits of entropy available)
[    6.145855] random: udevadm: uninitialized urandom read (16 bytes read, 2 bits of entropy available)
[    6.224577] random: systemd-udevd: uninitialized urandom read (16 bytes read, 2 bits of entropy available)
[    6.228641] random: systemd-udevd: uninitialized urandom read (16 bytes read, 2 bits of entropy available)
[    6.253538] random: systemd-udevd: uninitialized urandom read (16 bytes read, 2 bits of entropy available)
[    6.272676] random: udevadm: uninitialized urandom read (16 bytes read, 2 bits of entropy available)
[    6.273046] random: udevadm: uninitialized urandom read (16 bytes read, 2 bits of entropy available)
[    6.274175] random: udevadm: uninitialized urandom read (16 bytes read, 2 bits of entropy available)
[    6.724042] e1000: Intel(R) PRO/1000 Network Driver - version 7.3.21-k8-NAPI
[    6.725875] Fusion MPT base driver 3.04.20
[    6.725876] Copyright (c) 1999-2008 LSI Corporation
[    6.732422] e1000: Copyright (c) 1999-2006 Intel Corporation.
[    6.769032] Fusion MPT SPI Host driver 3.04.20
[    6.975801] input: ImExPS/2 Generic Explorer Mouse as /devices/platform/i8042/serio1/input/input4
[    7.860574] e1000 0000:00:03.0 eth0: (PCI:33MHz:32-bit) 02:52:2e:48:de:28
[    7.921528] e1000 0000:00:03.0 eth0: Intel(R) PRO/1000 Network Connection
[    7.929832] e1000 0000:00:03.0 enp0s3: renamed from eth0
[    7.930482] mptbase: ioc0: Initiating bringup
[    8.004992] ioc0: LSI53C1030 A0: Capabilities={Initiator}
[    8.166228] scsi host2: ioc0: LSI53C1030 A0, FwRev=00000000h, Ports=1, MaxQ=256, IRQ=20
[    8.317921] scsi 2:0:0:0: Direct-Access     VBOX     HARDDISK         1.0  PQ: 0 ANSI: 5
[    8.333343] scsi target2:0:0: Beginning Domain Validation
[    8.337037] scsi target2:0:0: Domain Validation skipping write tests
[    8.340189] scsi target2:0:0: Ending Domain Validation
[    8.342962] scsi target2:0:0: asynchronous
[    8.346014] scsi 2:0:1:0: Direct-Access     VBOX     HARDDISK         1.0  PQ: 0 ANSI: 5
[    8.350056] scsi target2:0:1: Beginning Domain Validation
[    8.355249] scsi target2:0:1: Domain Validation skipping write tests
[    8.357130] scsi target2:0:1: Ending Domain Validation
[    8.358826] scsi target2:0:1: asynchronous
[    8.369923] sd 2:0:0:0: [sda] 20971520 512-byte logical blocks: (10.7 GB/10.0 GiB)
[    8.370783] sd 2:0:0:0: Attached scsi generic sg0 type 0
[    8.375049] sd 2:0:1:0: [sdb] 20480 512-byte logical blocks: (10.5 MB/10.0 MiB)
[    8.375103] sd 2:0:1:0: Attached scsi generic sg1 type 0
[    8.380118] sd 2:0:1:0: [sdb] Write Protect is off
[    8.380496] sd 2:0:1:0: [sdb] Incomplete mode parameter data
[    8.380512] sd 2:0:1:0: [sdb] Assuming drive cache: write through
[    8.411874] sd 2:0:1:0: [sdb] Attached SCSI disk
[    8.581784] sd 2:0:0:0: [sda] Write Protect is off
[    8.583600] sd 2:0:0:0: [sda] Incomplete mode parameter data
[    8.586538] sd 2:0:0:0: [sda] Assuming drive cache: write through
[    8.604514]  sda: sda1
[    8.607008] sd 2:0:0:0: [sda] Attached SCSI disk
Begin: Loading essential drivers ... [   11.029511] md: linear personality registered for level -1
[   11.057237] md: multipath personality registered for level -4
[   11.083334] md: raid0 personality registered for level 0
[   11.120081] md: raid1 personality registered for level 1
[   11.220506] raid6: sse2x1   gen()  4572 MB/s
[   11.292520] raid6: sse2x1   xor()  4692 MB/s
[   11.360461] raid6: sse2x2   gen()  5245 MB/s
[   11.432452] raid6: sse2x2   xor()  5718 MB/s
[   11.500458] raid6: sse2x4   gen()  8367 MB/s
[   11.572459] raid6: sse2x4   xor()  6886 MB/s
[   11.575504] raid6: using algorithm sse2x4 gen() 8367 MB/s
[   11.577175] raid6: .... xor() 6886 MB/s, rmw enabled
[   11.578759] raid6: using ssse3x2 recovery algorithm
[   11.587675] xor: measuring software checksum speed
[   11.634730]    prefetch64-sse: 17882.000 MB/sec
[   11.676462]    generic_sse: 15914.000 MB/sec
[   11.678710] xor: using function: prefetch64-sse (17882.000 MB/sec)
[   11.686721] async_tx: api initialized (async)
[   11.748852] md: raid6 personality registered for level 6
[   11.751930] md: raid5 personality registered for level 5
[   11.755117] md: raid4 personality registered for level 4
[   11.822809] md: raid10 personality registered for level 10
done.
Begin: Running /scripts/init-premount ... done.
Begin: Mounting root file system ... Begin: Running /scripts/local-top ... done.
Begin: Running /scripts/local-premount ... [   11.981400] Btrfs loaded
Scanning for Btrfs filesystems
done.
Warning: fsck not present, so skipping root file system
[   12.237897] EXT4-fs (sda1): mounted filesystem with ordered data mode. Opts: (null)
done.
Begin: Running /scripts/local-bottom ... done.
Begin: Running /scripts/init-bottom ... done.
[   13.069983] systemd[1]: systemd 229 running in system mode. (+PAM +AUDIT +SELINUX +IMA +APPARMOR +SMACK +SYSVINIT +UTMP +LIBCRYPTSETUP +GCRYPT +GNUTLS +ACL +XZ -LZ4 +SECCOMP +BLKID +ELFUTILS +KMOD -IDN)
[   13.091017] systemd[1]: Detected virtualization oracle.
[   13.092691] systemd[1]: Detected architecture x86-64.

Welcome to [1mUbuntu 16.04.6 LTS[0m!

[   13.145483] systemd[1]: Set hostname to <ubuntu>.
[   13.245760] systemd[1]: Initializing machine ID from random generator.
[   13.247829] systemd[1]: Installed transient /etc/machine-id file.
[   13.556799] random: nonblocking pool is initialized
[ 14.363067] systemd[1]: Reached target Swap.
[[0;32m  OK  [0m] Reached target Swap.
[   14.427794] systemd[1]: Listening on Device-mapper event daemon FIFOs.
[[0;32m  OK  [0m] Listening on Device-mapper event daemon FIFOs.
[   14.856833] systemd[1]: Listening on Syslog Socket.
[[0;32m  OK  [0m] Listening on Syslog Socket.
[   14.860227] systemd[1]: Listening on udev Kernel Socket.
[[0;32m  OK  [0m] Listening on udev Kernel Socket.
[   14.863862] systemd[1]: Listening on LVM2 metadata daemon socket.
[[0;32m  OK  [0m] Listening on LVM2 metadata daemon socket.
[   14.895895] systemd[1]: Listening on Journal Audit Socket.
[[0;32m  OK  [0m] Listening on Journal Audit Socket.
[   15.242467] systemd[1]: Listening on LVM2 poll daemon socket.
[[0;32m  OK  [0m] Listening on LVM2 poll daemon socket.
[   15.258297] systemd[1]: Started Forward Passwod Requests to Wall Directory Watch.
[[0;32m  OK  [0m] Started Forward Password Requests to Wall Directory Watch.
[   15.293024] systemd[1]: Set up automount Arbitrary Executable File Formats FileSystem Automount Point.
[[0;32m  OK  [0m] Set up automount Arbitrary Executab...ats File System Automount Point.
[   15.328061] systemd[1]: Started Trigger resolvconf update for neworkd DNS.
[[0;32m  OK  [0m] Started Trigger resolvconf update for networkd DNS.
[   15.836466] systemd[1]: Reached target User and Group Name Lookups.
[[0;32m  OK  [0m] Reached target User and Group Name Lookups.
[   15.840472] systemd[1]: Listening on /dev/initctl Compatbility Named Pipe.
[[0;32m  OK  [0m] Listening on /dev/initctl Compatibility Named Pipe.
[   15.894760] systemd[1]: Reached target Encrypted Volumes.
[[0;32m  OK  [0m] Reached target Encrypted Volumes.
[   15.898568] systemd[1]: stening on Journal Socket (/dev/log).
[[0;32m  OK  [0m] Listening on Journal Socket (/dev/log).
[   15.963734] systemd[1]: Reached target System Time Synchronized.
[[0;32m  OK  [0m] Reached target System Time Synchronized.
[   15.969029] systemd[1]: Created slice User and Session Slice.
[[0;32m  OK  [0m] Created slice User and Session Slice.
[   16.235384] systemd[1]: Listening on udev Control Socket.
[[0;32m  OK  [0m] Listening on udev Control Socket.
[   16.239174] systemd[1]: Listening on Journal Socket.
[[0;32m  OK  [0m] Listening on Journal Socket.
[   16.243584] systemd[1]: Created slicSystem Slice.
[[0;32m  OK  [0m] Created slice System Slice.

[   16.326600] systemd[1]: Starting Journal Service...
         Starting Journal Service...
[   16.352110] systemd[1]: Starting Nameserver information manager...
         Starting Nameserver information manager...
[   16.371974] systemd[1]: Starting Uncomplicated firewall...
         Starting Uncomplicated firewall...
[   16.406663] systemd[1]: Starting Create list of required static device nodes for the current kernel...
         Starting Create list of required st... nodes for the current kernel...
[   16.423776] systemd[1]: Reached target Slices.
[[0;32m  OK  [0m] Reached target Slices.
[   16.438996] systemd[1]: Created slice system-serial\x2dgetty.slice.
[[0;32m  OK  [0m] Created slice system-serial\x2dgetty.slice.
[   16.500982] systemd[1]: Mounting Huge Pages File System...
         Mounting Huge Pages File System...
[   16.520157] systemd[1]: Starting Monitoring of LVM2 mirrors, snapshots etc. using dmeventd or progress polling...
         Starting Monitoring of LVM2 mirrors... dmeventd or progress polling...
[   16.556034] systemd[1]: Starting Remount Root and Kernel File Systems...
         Starting Remount Root and Kernel File Systems...
[   16.577269] systemd[1]: Starting Set console keymap...
         Starting Set console keymap...
[   16.610182] systemd[1]: Mounting Debug File System...
         Mounting Debug File System...
[   16.670518] systemd[1]: Starting Load Kernel Modules...
         Starting Load Kernel Modules...
[   16.677310] EXT4-fs (sda1): re-mounted. Opts: (null)
[   16.741104] systemd[1]: Mounting POSIX Message Queue File System...
         Mounting POSIX Message Queue File System...
[   16.819959] systemd[1]: Mounted Debug File System.
[[0;32m  OK  [0m] [   16.856279] Loading iSCSI transport class v2.0-870.
Mounted Debug File System.
[   16.858669] systemd[1]: Mounted Huge Pages File System.
[[0;32m  OK  [0m] Mounted Huge Pages File System.
[   16.864138] systemd[1]: Mounted POSIX Message Queue File System.
[[0;32m  OK  [0m] Mounted POSIX Message Queue File System.
[   16.870465] systemd[1]: Started Journal Service.
[[0;32m  OK  [0m] Started Journal Service.
[[0;32m  OK  [0m] Started Uncomplicated firewall.
[   16.942576] iscsi: registered transport (tcp)
[[0;32m  OK  [0m] Started Create list of required sta...ce nodes for the current kernel.
[[0;32m  OK  [0m] Started Remount Root and Kernel File Systems.
[[0;32m  OK  [0m] Started Nameserver information manager.
[[0;32m  OK  [0m] Started Set console keymap.
[[0;32m  OK  [0m] Started LVM2 metadata daemon.
         Starting Load/Save Random Seed...
         Starting udev Coldplug all Devic[   17.459912] iscsi: registered transport (iser)
es...
         Starting Create Static Device Nodes in /dev...
         Starting Flush Journal to Persistent Storage...
[[0;32m  OK  [0m] Started Load Kernel Modules.
[[0;32m  OK  [0m] Started Load/Save Random Seed.
[   17.630067] systemd-journald[345]: Received request to flush runtime journal from PID 1
         Starting Apply Kernel Variables...
         Mounting FUSE Control File System...
[[0;32m  OK  [0m] Started Flush Journal to Persistent Storage.
[[0;32m  OK  [0m] Mounted FUSE Control File System.
[[0;32m  OK  [0m] Started Apply Kernel Variables.
[[0;32m  OK  [0m] Started Create Static Device Nodes in /dev.
         Starting udev Kernel Device Manager...
[[0;32m  OK  [0m] Started Monitoring of LVM2 mirrors,...ng dmeventd or progress polling.
[[0;32m  OK  [0m] Reached target Local File Systems (Pre).
[[0;32m  OK  [0m] Reached target Local File Systems.
         Starting Create Volatile Files and Directories...
         Starting Commit a transient machine-id on disk...
         Starting Set console font and keymap...
         Starting Initial cloud-init job (pre-networking)...
         Starting LSB: AppArmor initialization...
         Starting Tell Plymouth To Write Out Runtime Data...
[[0;32m  OK  [0m] Started udev Kernel Device Manager.
[[0;32m  OK  [0m] Started Commit a transient machine-id on disk.
[[0;32m  OK  [0m] Started Tell Plymouth To Write Out Runtime Data.
[[0;32m  OK  [0m] Started Create Volatile Files and Directories.
         Starting Update UTMP about System Boot/Shutdown...
[[0;32m  OK  [0m] Started udev Coldplug all Devices.
[[0;32m  OK  [0m] Started Dispatch Password Requests to Console Directory Watch.
[[0;32m  OK  [0m] Started Update UTMP about System Boot/Shutdown.
[[0;32m  OK  [0m] Found device /dev/ttyS0.
[[0;32m  OK  [0m] Listening on Load/Save RF Kill Switch Status /dev/rfkill Watch.
[[0;32m  OK  [0m] Started LSB: AppArmor initialization.
[[0;32m  OK  [0m] Started Set console font and keymap.
[[0;32m  OK  [0m] Created slice system-getty.slice.
[   26.447171] cloud-init[449]: Cloud-init v. 19.1-1-gbaa47854-0ubuntu1~16.04.1 running 'init-local' at Thu, 22 Aug 2019 17:09:38 +0000. Up 25.27 seconds.
[[0;32m  OK  [0m] Started Initial cloud-init job (pre-networking).
[[0;32m  OK  [0m] Reached target Network (Pre).
         Starting Raise network interfaces...
[[0;32m  OK  [0m] Started Raise network interfaces.
         Starting Initial cloud-init job (metadata service crawler)...
[[0;32m  OK  [0m] Reached target Network.
[   33.091319] cloud-init[938]: Cloud-init v. 19.1-1-gbaa47854-0ubuntu1~16.04.1 running 'init' at Thu, 22 Aug 2019 17:09:42 +0000. Up 29.42 seconds.
[   33.175036] cloud-init[938]: ci-info: ++++++++++++++++++++++++++++++++++++++Net device info++++++++++++++++++++++++++++++++++++++
[   33.196820] cloud-init[938]: ci-info: +--------+------+----------------------------+---------------+--------+-------------------+
[   33.237283] cloud-init[938]: ci-info: | Device |  Up  |          Address           |      Mask     | Scope  |     Hw-Address    |
[   33.293074] cloud-init[938]: ci-info: +--------+------+----------------------------+---------------+--------+-------------------+
[   33.307232] cloud-init[938]: ci-info: | enp0s3 | True |         10.0.2.15          | 255.255.255.0 | global | 02:52:2e:48:de:28 |
[   33.314985] cloud-init[938]: ci-info: | enp0s3 | True | fe80::52:2eff:fe48:de28/64 |       .       |  link  | 02:52:2e:48:de:28 |
[   33.322189] cloud-init[938]: ci-info: |   lo   | True |         127.0.0.1          |   255.0.0.0   |  host  |         .         |
[   33.330374] cloud-init[938]: ci-info: |   lo   | True |          ::1/128           |       .       |  host  |         .         |
[   33.337704] cloud-init[938]: ci-info: +--------+------+----------------------------+---------------+--------+-------------------+
[   33.350899] cloud-init[938]: ci-info: +++++++++++++++++++++++++++Route IPv4 info++++++++++++++++++++++++++++
[   33.368917] cloud-init[938]: ci-info: +-------+-------------+----------+---------------+-----------+-------+
[[0;32m  OK  [0m] Started Initial cloud-init job (metadata service crawler).
[   33.432002] cloud-init[938]: ci-info: | Route | Destination | Gateway  |    Genmask    | Interface | Flags |
[   33.445086] cloud-init[938]: ci-info: +-------+-------------+----------+---------------+-----------+-------+
[   33.453545] cloud-init[938]: ci-info: |   0   |   0.0.0.0   | 10.0.2.2 |    0.0.0.0    |   enp0s3  |   UG  |
[   33.460543] cloud-init[938]: ci-info: |   1   |   10.0.2.0  | 0.0.0.0  | 255.255.255.0 |   enp0s3  |   U   |
[   33.467572] cloud-init[938]: ci-info: +-------+-------------+----------+---------------+-----------+-------+
[[0;32m  OK  [0m] Reached target Network is Online.
[   33.479432] cloud-init[938]: ci-info: +++++++++++++++++++Route IPv6 info+++++++++++++++++++
[   33.488234] cloud-init[938]: ci-info: +-------+-------------+---------+-----------+-------+
[   33.493645] cloud-init[938]: ci-info: | Route | Destination | Gateway | Interface | Flags |
         Starting iSCSI initiator daemon (iscsid)...
[[0;32m  OK  [0m] Reached target Cloud-config availability.
[   33.537777] cloud-init[938]: ci-info: +-------+-------------+---------+-----------+-------+
[[0;32m  OK  [0m[   33.617761] cloud-init[938]: ci-info: |   0   |  fe80::/64  |    ::   |   enp0s3  |   U   |
] Reached target System Initialization.
[   33.619047] cloud-init[938]: ci-info: |   4   |   ff00::/8  |    ::   |   enp0s3  |   U   |
[   33.626058] cloud-init[938]: ci-info: +-------+-------------+---------+-----------+-------+
[[0;32m  OK  [0m] Listening on D-Bus System Message Bus Socket.
[   33.628436] cloud-init[938]: Generating public/private rsa key pair.
[   33.713466] cloud-init[938]: Your identification has been saved in /etc/ssh/ssh_host_rsa_key.
[   33.715814] cloud-init[938]: Your public key has been saved in /etc/ssh/ssh_host_rsa_key.pub.
[   33.719458] cloud-init[938]: The key fingerprint is:
[   33.729969] cloud-init[938]: SHA256:fRGYn7YWi/7nrb7keljeTp5ib4JO+Io4Rxj1sGTPUB4 root@ubuntu-xenial
[   33.730459] cloud-init[938]: The key's randomart image is:
[   33.730872] cloud-init[938]: +---[RSA 2048]----+
[   33.731828] cloud-init[938]: |        .E o.    |
[   33.737947] cloud-init[938]: |       *. +  .   |
[   33.738196] cloud-init[938]: |      + B. ...   |
[   33.738500] cloud-init[938]: |     . . =  =.   |
[   33.738729] cloud-init[938]: |      o S .o.+   |
[   33.738952] cloud-init[938]: |     . .  o.+ .  |
[   33.739184] cloud-init[938]: |      .  o o.+...|
[   33.739410] cloud-init[938]: |     .... +..*+=o|
[   33.739643] cloud-init[938]: |     .o. .o++*@*+|
[   33.739868] cloud-init[938]: +----[SHA256]-----+
[   33.740089] cloud-init[938]: Generating public/private dsa key pair.
[   33.740365] cloud-init[938]: Your identification has been saved in /etc/ssh/ssh_host_dsa_key.
[   33.740591] cloud-init[938]: Your public key has been saved in /etc/ssh/ssh_host_dsa_key.pub.
[   33.740823] cloud-init[938]: The key fingerprint is:
[   33.741046] cloud-init[938]: SHA256:JqIhJ1v9KXKMODYxo66hYdMiAbzzPu1J+Ep9QsEotDA root@ubuntu-xenial
[   33.741278] cloud-init[938]: The key's randomart image is:
[   33.741516] cloud-init[938]: +---[DSA 1024]----+
[   33.741742] cloud-init[938]: |E.               |
[   33.741966] cloud-init[938]: |+.. o            |
[[0;32m  OK  [0m] Listening on ACPID Listen Socket.
[   33.742312] cloud-init[938]: |.+ . o           |
[   33.909824] cloud-init[938]: |. o.  .          |
         Starting Socket activation for snappy daemon.
[   33.910210] cloud-init[938]: |+*+ o.. S        |
[   34.000585] cloud-init[938]: |.OB=+o +         |
[[0;32m  OK  [0m] Started Daily apt download activities.
[[0;32m  OK  [0m] Started Daily Cleanup of Temporary Directories.
[   34.001017] cloud-init[938]: |O*+==+o.         |
[   34.168551] cloud-init[938]: |*+*+oo+          |
[   34.208760] cloud-init[938]: |+. o++           |
[[0;32m  OK  [0m] Started ACPI Events Check.
[[0;32m  OK  [0m] Reached target Paths.
[[0;32m  OK  [0m] Listening on UUID daemon activation socket.
[   34.209134] cloud-init[938]: +----[SHA256]-----+
         Starting LXD - unix socket.
[   34.266881] cloud-init[938]: Generating public/private ecdsa key pair.
[[0;32m  OK  [0m] Started Daily apt upgrade and clean activities.
[   34.283251] cloud-init[938]: Your identification has been saved in /etc/ssh/ssh_host_ecdsa_key.
[   34.371727] cloud-init[938]: Your public key has been saved in /etc/ssh/ssh_host_ecdsa_key.pub.
[   34.464681] cloud-init[938]: The key fingerprint is:
[   34.480555] cloud-init[938]: SHA256:Cb+yYdUyzhLo3/IdMkPrtiav0NYdyts5EwWyYJQTRf4 root@ubuntu-xenial
[   34.485311] cloud-init[938]: The key's randomart image is:
[   34.536600] cloud-init[938]: +---[ECDSA 256]---+
[[0;32m  OK  [0m] Reached target Timers.
[   34.536954] cloud-init[938]: |     .o=o        |
[   34.632961] cloud-init[938]: |      =.. .      |
[[0;32m  OK  [0m[   34.642619] cloud-init[938]: |     ..o.o .     |
[   34.645213] ] Listening on Socket activation for snappy daemon.
[[0;32m  OK  [0m] Listening on LXD - unix socket.
cloud-init[938]: |     . o.+  .    |
[   34.671861] cloud-init[938]: |    . . S E.     |
[   34.672264] cloud-init[938]: |   . . O B..     |
[   34.672581] cloud-init[938]: |    o B % o.     |
[   34.673082] cloud-init[938]: |     =oBoBoo     |
[   34.673362] cloud-init[938]: |      +OB.+o     |
[   34.673848] cloud-init[938]: +----[SHA256]-----+
[   34.674084] cloud-init[938]: Generating public/private ed25519 key pair.
[   34.674337] cloud-init[938]: Your identification has been saved in /etc/ssh/ssh_host_ed25519_key.
[   34.675638] cloud-init[938]: Your public key has been saved in /etc/ssh/ssh_host_ed25519_key.pub.
[   34.675884] cloud-init[938]: The key fingerprint is:
[   34.676119] cloud-init[938]: SHA256:zIjNmmO1lH483HkDpp3JPeFMY9Q8oO6hx//MEryXfdw root@ubuntu-xenial
[   34.676351] cloud-init[938]: The key's randomart image is:
[   34.676588] cloud-init[938]: +--[ED25519 256]--+
[   34.676817] cloud-init[938]: |            .    |
[   34.677047] cloud-init[938]: |           . +   |
[   34.677320] cloud-init[938]: |          . . +  |
[   34.678536] cloud-init[938]: |     + = . .   . |
[   34.678774] cloud-init[938]: |    . B S =.=    |
[   34.679050] cloud-init[938]: |     * + X %oo   |
[   34.679293] cloud-init[938]: |    = o B @ Bo +.|
[   34.679527] cloud-init[938]: |   . . . o oo=o E|
[   34.681327] cloud-init[938]: |            .++ .|
[   34.681572] cloud-init[938]: +----[SHA256]-----+
[[0;32m  OK  [0m] Started iSCSI initiator daemon (iscsid).
         Starting Login to default iSCSI targets...
[[0;32m  OK  [0m] Reached target Sockets.
[[0;32m  OK  [0m] Reached target Basic System.
[[0;32m  OK  [0m] Started ACPI event daemon.
         Starting Pollinate to seed the pseudo random number generator...
         Starting LSB: MD monitoring daemon...
         Starting /etc/rc.local Compatibility...
         Starting System Logging Service...
[[0;32m  OK  [0m] Started Deferred execution scheduler.
         Starting LSB: Record successful boot for GRUB...
[[0;32m  OK  [0m] Started D-Bus System Message Bus.
         Starting Accounts Service...
[[0;32m  OK  [0m] Started Regular background program processing daemon.
         Starting LXD - container startup/shutdown...
         Starting Login Service...
         Starting Virtualbox guest utils...
         Starting Snappy daemon...
[[0;32m  OK  [0m] Started FUSE filesystem for LXC.
[[0;32m  OK  [0m] Started System Logging Service.
[[0;32m  OK  [0m] Started /etc/rc.local Compatibility.
[[0;32m  OK  [0m] Started Login Service.
[[0;32m  OK  [0m] Started Unattended Upgrades Shutdown.
[[0;32m  OK  [0m] Started Login to default iSCSI targets.
[[0;32m  OK  [0m] Reached target Remote File Systems (Pre).
[[0;32m  OK  [0m] Reached target Remote File Systems.
         Starting LSB: daemon to balance interrupts for SMP systems...
         Starting LSB: automatic crash report generation...
         Starting Permit User Sessions...
         Starting LSB: Set the CPU Frequency Scaling governor to "ondemand"...
         Starting Authenticate and Authorize Users to Run Privileged Tasks...
[[0;32m  OK  [0m] Started LSB: Record successful boot for GRUB.
[[0;32m  OK  [0m] Started LSB: MD monitoring daemon.
[[0;32m  OK  [0m] Started Permit User Sessions.
         Starting Terminate Plymouth Boot Screen...
         Starting Hold until boot process finishes up...
[[0;32m  OK  [0m] Started Terminate Plymouth Boot Screen.
[[0;32m  OK  [0m] Started Hold until boot process finishes up.
[[0;32m  OK  [0m] Started Serial Getty on ttyS0.
         Starting Set console scheme...
[[0;32m  OK  [0m] Started Getty on tty1.
[[0;32m  OK  [0m] Reached target Login Prompts.
[[0;32m  OK  [0m] Started Authenticate and Authorize Users to Run Privileged Tasks.
[[0;32m  OK  [0m] Started Accounts Service.
[[0;32m  OK  [0m] Started LSB: Set the CPU Frequency Scaling governor to "ondemand".
[[0;32m  OK  [0m] Started LSB: automatic crash report generation.
[[0;32m  OK  [0m] Started Set console scheme.
[[0;32m  OK  [0m] Started LSB: daemon to balance interrupts for SMP systems.
[[0;32m  OK  [0m] Started Virtualbox guest utils.
[[0;32m  OK  [0m] Started LXD - container startup/shutdown.
[[0;32m  OK  [0m] Started Snappy daemon.
         Starting Wait until snapd is fully seeded...
[[0;32m  OK  [0m] Started Pollinate to seed the pseudo random number generator.
         Starting OpenBSD Secure Shell server...
[[0;32m  OK  [0m] Started OpenBSD Secure Shell server.
[[0;32m  OK  [0m] Created slice User Slice of vagrant.
         Starting User Manager for UID 1000...
[[0;32m  OK  [0m] Started Session 1 of user vagrant.
[[0;32m  OK  [0m] Started User Manager for UID 1000.

Ubuntu 16.04.6 LTS ubuntu-xenial ttyS0

ubuntu-xenial login: [   51.590862] cloud-init[1395]: Generating locales (this might take a while)...
[   56.881600] cloud-init[1395]:   en_US.UTF-8... done
[   56.886776] cloud-init[1395]: Generation complete.
[   61.436669] cloud-init[1395]: Cloud-init v. 19.1-1-gbaa47854-0ubuntu1~16.04.1 running 'modules:config' at Thu, 22 Aug 2019 17:10:03 +0000. Up 50.49 seconds.
ci-info: no authorized ssh keys fingerprints found for user ubuntu.
<14>Aug 22 17:10:15 ec2: 
<14>Aug 22 17:10:15 ec2: #############################################################
<14>Aug 22 17:10:15 ec2: -----BEGIN SSH HOST KEY FINGERPRINTS-----
<14>Aug 22 17:10:15 ec2: 1024 SHA256:JqIhJ1v9KXKMODYxo66hYdMiAbzzPu1J+Ep9QsEotDA root@ubuntu-xenial (DSA)
<14>Aug 22 17:10:15 ec2: 256 SHA256:Cb+yYdUyzhLo3/IdMkPrtiav0NYdyts5EwWyYJQTRf4 root@ubuntu-xenial (ECDSA)
<14>Aug 22 17:10:15 ec2: 256 SHA256:zIjNmmO1lH483HkDpp3JPeFMY9Q8oO6hx//MEryXfdw root@ubuntu-xenial (ED25519)
<14>Aug 22 17:10:15 ec2: 2048 SHA256:fRGYn7YWi/7nrb7keljeTp5ib4JO+Io4Rxj1sGTPUB4 root@ubuntu-xenial (RSA)
<14>Aug 22 17:10:15 ec2: -----END SSH HOST KEY FINGERPRINTS-----
<14>Aug 22 17:10:15 ec2: #############################################################
-----BEGIN SSH HOST KEY KEYS-----
ecdsa-sha2-nistp256 AAAAE2VjZHNhLXNoYTItbmlzdHAyNTYAAAAIbmlzdHAyNTYAAABBBFMnehw/q71dRp9vrtTJFGk7YXYR0qTkbRI2TShTp0FF8peWqP6xNOgPSjsLMjPo0IhBcVKAvyZ79f2S38wic5Q= root@ubuntu-xenial
ssh-ed25519 AAAAC3NzaC1lZDI1NTE5AAAAIFvrUJk7tbpAYdjHUeHo0VKnq3yYuGRflnxK0+d7uuCc root@ubuntu-xenial
ssh-rsa AAAAB3NzaC1yc2EAAAADAQABAAABAQCzFZZrxqqrVWggNxbxFhN3beEpDHGS/6DwVofFeEX6MzBCRK978Pn/FLsUUy92mDLgttFbFlkHkaRerDwfrgZKNxl6zkGyxS6aUWf5ZdnkTG48rH5j3bhHuFELFmIsLYj00Jiy3wL7rgw97H5ZGRRvni1VeY8xy4Sn4g4+EWiZkoNfqst9kI51H9TFozasQOfkTA06GM/sK36PnUoH7jCq8QYHs0T0x78KwbVvbdgYrBJNVZmgjteyI6cyq7PQQXBh137K0gniL6xv01/1erGjYchrInAzd55+TCpeg7qCihmwL+se1p3qlTAqSEBR39PdTc+8MpBe6/ohgptTg8Ej root@ubuntu-xenial
-----END SSH HOST KEY KEYS-----
[   63.260546] cloud-init[1546]: Cloud-init v. 19.1-1-gbaa47854-0ubuntu1~16.04.1 running 'modules:final' at Thu, 22 Aug 2019 17:10:15 +0000. Up 62.51 seconds.
[   63.261287] cloud-init[1546]: ci-info: no authorized ssh keys fingerprints found for user ubuntu.
[   63.261901] cloud-init[1546]: Cloud-init v. 19.1-1-gbaa47854-0ubuntu1~16.04.1 finished at Thu, 22 Aug 2019 17:10:16 +0000. Datasource DataSourceNoCloud [seed=/dev/sdb][dsmode=net].  Up 63.23 seconds
