[    000000] Initializing cgroup subsys cpuset
[    0.000000] Initializing cgroup subsys cpu
[    0.000000] Initializing cgroup subsys cpuacct
[    0.000000] Linux version 4.4.0-159-generic (buildd@lgw01-amd64-042) (gcc version 5.4.0 20160609 (Ubuntu 5.4.0-6ubuntu1~16.04.10) ) #187-Ubuntu SMP Thu Aug 1 16:28:06 UTC 2019 (Ubuntu 4.4.0-159.187-generic 4.4.185)
[    0.000000] Command line: BOOTIMAGE=/boot/vmlinuz-4.4.0-159-generic root=LABEL=cloudimg-rootfs ro console=tty1 console=ttyS0
[    0.000000] KERNEL supported cpus:
[    0.000000]   Intel GenuineIntel
[    0.000000]   AMD AuthenticAMD
[    0.000000]   Centaur CentaurHauls
[    0.000000] x86/fpu: Legacy x87 FPUetected.
[    0.000000] e820: BIOS-provided physical RAM map:
[    0.000000] BIOS-e820: [mem 0x0000000000000000-0x000000000009fbff] usable
[    0.000000] BIOS-e820: [mem 0x000000000009fc00-0x000000000009ffff] reserved
[    0.000000] BIOS-e820: [mem 0x00000000000f0000-0x00000000000fffff] reserved
[    0.000000] BIOS-e820: [mem 0x0000000000100000-0x000000003ffeffff] usable
[    0.000000] BIOS-e820: [mem 0x000000003fff0000-0x000000003fffffff] ACPI data
[    0.000000] BIOS-e820: [mem 0x00000000fec00000-0x00000000fec00fff] reserved
[    0.000000] BIOS-e820: [mem 0x00000000fee00000-0x00000000fee00fff] reserved
[    0.000000] BIOS-e820: [mem 0x00000000fffc0000-0x00000000ffffffff] reserved
[    0.000000] NX (Execute Disable) protectio active
[    0.000000] SMBIOS 2.5 present.
[    0.000000] Hypervisor detected: KVM
[    0.000000] e820: last_pfn = 0x3fff0 max_arch_pfn = 0x400000000
[    0.000000] MTRR: sabled
[  0.000000] x86/PAT: MTRRs disabled, skppng PAT initialization too.
[    0.000000] CPU MTRRs all blak - virtualized system.
[    0.000000] x86/PAT: Configuration [0-7]: WB  WT  UC- UC  WB  WT  UC- UC  
[    0.000000] found SMP MP-table at [mem 0x0009fff0-0x0009ffff] mapped at [ffff88000009fff0]
[    0.000000] Scanning 1 areas for low memory corruption
[    0.000000] RAMDISK: [mem 0x362f8000-0x37173fff]
[    0.000000] ACPI: Early table checksum verification disabled
[    0.000000] ACPI: RSDP 0x00000000000E0000 000024 (v02 VBOX  )
[    0.000000] ACPI: XSDT 0x000000003FFF0030 00003C (v01 VBOX   VBOXXSDT 00000001 ASL  00000061)
[    0.000000] ACPI: FACP 0x000000003FFF00F0 0000F4 (v04 VBOX   VBOXFACP 00000001 ASL  00000061)
[    0.000000] ACPI: DSDT 0x000000003FFF0470 0021FF (v02 VBOX   VBOXBIOS 00000002 INTL 20180105)
[    0.000000] ACPI: FACS 0x000000003FFF0200 000040
[    0.000000] ACPI: FACS 0x000000003FFF0200 000040
[    0.000000] ACPI: APIC 0x000000003FFF0240 00005C (v02 VBOX   VBOXAPIC 00000001 ASL  00000061)
[    0.000000] ACPI: SSDT 0x000000003FFF02A0 0001CC (v01 VBOX   VBOXCPUT 00000002 INTL 20180105)
[    0.000000] No NUMA configuration found
[    0.000000] Faking a node at [mem 0x0000000000000000-0x000000003ffeffff]
[    0.000000] NODE_DATA(0) allocated [mem 0x3ffeb000-0x3ffeffff]
[    0.000000] kvm-clock: Using msrs 4b564d01 and 4b564d00
[    0.000000] kvm-clock: cpu 0, msr 0:3ffe3001, primary cpu clock
[    0.000000] kvm-clock: using sched offset of 5376960034 cycles
[    0.000000] clocksource: kvm-clock: mask: 0xffffffffffffffff max_cycles: 0x1cd42e4dffb, max_idle_ns: 881590591483 ns
[    0.000000] Zone ranges:
[    0.000000]   DMA      [mem 0x0000000000001000-0x0000000000ffffff]
[    0.000000]   DMA32    [mem 0x0000000001000000-0x000000003ffeffff]
[    0.000000]   Normal   empty
[    0.000000]   Device   empty
[    0.000000] Movable zone star for eah node
[    0.000000] Early memory node ranges
[    0.000000]   node   0: [mem 0x0000000000001000-0x000000000009efff]
[    0.000000]   node   0: [mem 0x0000000000100000-0x000000003ffeffff]
[    0.000000] Initmem setup node 0 [mem 0x0000000000001000-0x00000003ffeff]
[    0.000000] ACPI: PM-Timer IO Port: 0x4008
[    0.000000] IOAPIC[0]: apic_id 2, version 32, address 0xfec00000, GSI 0-23
[    0.000000] ACPI: INT_SRC_OVR (bus 0 bus_irq 0 global_irq 2 dfl dfl)
[    0.000000] ACPI: INT_SRC_OVR (bus 0 bus_irq 9 global_irq 9 low level)
[    0.000000] Using ACPI (MADT) for SMP configuration information
[    0.000000] smpboot: Allowing 2 CPUs, 0 hotplug CPUs
[    0.000000] PM: Registered nosave memory: [mem 0x00000000-0x00000fff]
[    0.000000] PM: Registered nosave memory: [mem 0x0009f000-0x0009ffff]
[    0.000000] PM: Registered nosave memory: [mem 0x000a0000-0x000effff]
[    0.000000] PM: Registered nosave memory: [mem 0x000f0000-0x000fffff]
[    0.000000] e820: [mem 0x40000000-0xfebfffff] available for PCI devices
[    0.000000] Booting paravirtualized kernel on KVM
[    0.000000] clocksource: refined-jiffies: mask: 0xffffffff max_cycles: 0xffffffff, max_idle_ns: 7645519600211568 ns
[    0.000000] setup_percpu: NR_CPUS:512 nr_cpumask_bits:512 nr_cpu_ids:2 nr_node_ids:1
[    0.000000] PERCPU: Embedded 34 pages/cpu @ffff88003fc00000 s99544 r8192 d31528 u1048576
[    0.000000] Built 1 zonelists in Node order, mobility grouping on.  Total pages: 257912
[    0.000000] Policy zone: DMA32
[    0.000000] Kernel command line: BOOT_IMAGE=/boot/vmlinuz-4.4.0-159-generic root=LABEL=cloudimg-rootfs ro console=tty1 console=ttyS0
[    0.000000] PID hash table entries: 4096 (order: 3, 32768 bytes)
[    0.000000] Memory: 997724K/1048120K available (8618K kernel code, 1335K rwdata, 4032K rodata, 1488K init, 1284K bss, 50396K reserved, 0K cma-reserved)
[    0.000000] SLUB: HWalign=64, Order=0-3, MinObjects=0, CPUs=2, Nodes=1
[    0.000000] Kernel/User page tables isolation: enabled
[    0.000000] Hierarchical RCU implementation.
[    0.000000] 	Build-time adjustment of leaf fanout to 64.
[    0.000000] 	RCU restricting CPUs from NR_CPUS=512 to nr_cpu_ids=2.
[    0.000000] RCU: Adjusting geometry for rcu_fanout_leaf=64, nr_cpu_ids=2
[    0.000000] NR_IRQS:33024 nr_irqs:440 16
[    0.000000] Console: colour VGA+ 80x25
[    0.000000] console [tty1] enabled
[    0.000000] console [ttyS0] enabled
[    0.000000] tsc: Detected 2992.498 MHz processor
[    1.067031] Calibrating delay loop (skipped) preset value.. 5984.99 BogoMIPS (lpj=11969992)
[    1.071235] pid_max: default: 32768 minimum: 301
[    1.073423] ACPI: Core revision 20150930
[    1.076627] ACPI: 2 ACPI AML tables successfully acquired and loaded
[    1.079608] Security Framework initialized
[    1.081617] Yama: becoming mindful.
[    1.083448] AppArmor: AppArmor initialized
[    1.085605] Dentry cache hash table entries: 131072 (order: 8, 1048576 bytes)
[    1.089669] Inode-cache hash table entries: 65536 (order: 7, 524288 bytes)
[    1.092963] Mount-cache hash table entries: 2048 (order: 2, 16384 bytes)
[    1.095859] Mountpoint-cache hash table entries: 2048 (order: 2, 16384 bytes)
[    1.099774] Initializing cgroup subsys io
[    1.101726] Initializing cgroup subsys memory
[    1.103809] Initializing cgroup subsys devices
[    1.106088] Initializing cgroup subsys freezer
[    1.108200] Initializing cgroup subsys net_cls
[    1.110283] Initializing cgroup subsys perf_event
[    1.112486] Initializing cgroup subsys net_prio
[    1.114598] Initializing cgroup subsys hugetlb
[    1.116943] Initializing cgroup subsys pids
[    1.119055] mce: CPU supports 0 MCE banks
[    1.121499] Last level iTLB entries: 4KB 128, 2MB 4, 4MB 4
[    1.123984] Last level dTLB entries: 4KB 256, 2MB 0, 4MB 32, 1GB 0
[    1.141753] Spectre V1 : Mitigation: usercopy/swapgs barriers and __user pointer sanitization
[    1.145795] Spectre V2 : Mitigation: Full generic retpoline
[    1.148289] Spectre V2 : Spectre v2 / SpectreRSB mitigation: Filling RSB on context switch
[    1.152164] Speculative Store Bypass: Vulnerable
[    1.155568] MDS: Vulnerable: Clear CPU buffers attempted, no microcode
[    1.162175] Freeing SMP alternatives memory: 36K
[    1.172497] ftrace: allocating 32318 entries in 127 pages
[    1.262452] smpboot: APIC(0) Converting physical 0 to logical package 0
[    1.342181] smpboot: Max logical packages: 1
[    1.344276] x2apic enabled
[    1.345954] Switched APIC routing to physical x2apic.
[    1.350005] ..TIMER: vector=0x30 apic1=0 pin1=2 apic2=-1 pin2=-1
[    1.459295] smpboot: CPU0: Intel(R) Core(TM)2 Duo CPU     E8400  @ 3.00GHz (family: 0x6, model: 0x17, stepping: 0xa)
[    1.527083] Performance Events: unsupported p6 CPU model 23 no PMU driver, software events only.
[    1.654207] KVM setup paravirtual spinlock
[    1.682055] x86: Booting SMP configuration:
[    1.700619] .... node  #0, CPUs:      #1
[    1.721014] kvm-clock: cpu 1, msr 0:3ffe3041, secondary cpu clock
[    1.734934] mce: CPU supports 0 MCE banks
[    1.738862] x86: Booted up 1 node, 2 CPUs
[    1.748327] smpboot: Total of 2 processors activated (11969.99 BogoMIPS)
[    1.751879] devtmpfs: initialized
[    1.756065] evm: security.selinux
[    1.757764] evm: security.SMACK64
[    1.759432] evm: security.SMACK64EXEC
[    1.761249] evm: security.SMACK64TRANSMUTE
[    1.763233] evm: security.SMACK64MMAP
[    1.765041] evm: security.ima
[    1.766644] evm: security.capability
[    1.768878] clocksource: jiffies: mask: 0xffffffff max_cycles: 0xffffffff, max_idle_ns: 7645041785100000 ns
[    1.773515] futex hash table entries: 512 (order: 3, 32768 bytes)
[    1.780523] pinctrl core: initialized pinctrl subsystem
[    1.783211] RTC time: 15:54:37, date: 08/22/19
[    1.785816] NET: Registered protocol family 16
[    1.799257] cpuidle: using governor ladder
[    1.817990] cpuidle: using governor menu
[    1.821843] PCCT header not found.
[    1.835751] ACPI: bus type PCI registered
[    1.841543] acpiphp: ACPI Hot Plug PCI Controller Driver version: 0.5
[    1.853365] PCI: Using configuration type 1 for base access
[    1.892414] ACPI: Added _OSI(Module Device)
[    1.894486] ACPI: Added _OSI(Processor Device)
[    1.896736] ACPI: Added _OSI(3.0 _SCP Extensions)
[    1.898940] ACPI: Added _OSI(Processor Aggregator Device)
[    1.902301] ACPI: Executed 1 blocks of module-level executable AML code
[    1.908230] ACPI: Interpreter enabled
[    1.910077] ACPI: (supports S0 S5)
[    1.911984] ACPI: Using IOAPIC for interrupt routing
[    1.914477] PCI: Using host bridge windows from ACPI; if necessary, use "pci=nocrs" and report a bug
[    1.923463] ACPI: PCI Root Bridge [PCI0] (domain 0000 [bus 00-ff])
[    1.926225] acpi PNP0A03:00: _OSC: OS supports [ASPM ClockPM Segments MSI]
[    1.929359] acpi PNP0A03:00: _OSC: not requesting OS control; OS requires [ExtendedConfig ASPM ClockPM MSI]
[    1.932563] acpi PNP0A03:00: fail to add MMCONFIG information, can't access extended PCI configuration space under this bridge.
[    1.938699] PCI host bridge to bus 0000:00
[    1.955963] pci_bus 0000:00: root bus resource [io  0x0000-0x0cf7 window]
[    1.957928] pci_bus 0000:00: root bus resource [io  0x0d00-0xffff window]
[    1.995120] pci_bus 0000:00: root bus resource [mem 0x000a0000-0x000bffff window]
[    1.997718] pci_bus 0000:00: root bus resource [mem 0x40000000-0xfdffffff window]
[    2.089399] pci_bus 0000:00: root bus resource [bus 00-ff]
[    2.118340] pci 0000:00:01.1: legacy IDE quirk: reg 0x10: [io  0x01f0-0x01f7]
[    2.208915] pci 0000:00:01.1: legacy IDE quirk: reg 0x14: [io  0x03f6]
[    2.236917] pci 0000:00:01.1: legacy IDE quirk: reg 0x18: [io  0x0170-0x0177]
[    2.238954] pci 0000:00:01.1: legacy IDE quirk: reg 0x1c: [io  0x0376]
[    2.263148] pci 0000:00:07.0: quirk: [io  0x4000-0x403f] claimed by PIIX4 ACPI
[    2.266952] pci 0000:00:07.0: quirk: [io  0x4100-0x410f] claimed by PIIX4 SMB
[    2.276592] ACPI: PCI Interrupt Link [LNKA] (IRQs 5 9 10 *11)
[    2.280790] ACPI: PCI Interrupt Link [LNKB] (IRQs 5 9 *10 11)
[    2.283196] ACPI: PCI Interrupt Link [LNKC] (IRQs 5 *9 10 11)
[    2.307798] ACPI: PCI Interrupt Link [LNKD] (IRQs 5 9 10 *11)
[    2.310317] ACPI: Enabled 2 GPEs in block 00 to 07
[    2.313005] vgaarb: setting as boot device: PCI:0000:00:02.0
[    2.314742] vgaarb: device added: PCI:0000:00:02.0,decodes=io+mem,owns=io+mem,locks=none
[    2.317468] vgaarb: loaded
[    2.318574] vgaarb: bridge control possible 0000:00:02.0
[    2.320903] SCSI subsystem initialized
[    2.322677] ACPI: bus type USB registered
[    2.324145] usbcore: registered new interface driver usbfs
[    2.337457] usbcore: registered new interface driver hub
[    2.339142] usbcore: registered new device driver usb
[    2.341194] PCI: Using ACPI for IRQ routing
[    2.348474] NetLabel: Initializing
[    2.349736] NetLabel:  domain hash size = 128
[    2.351191] NetLabel:  protocols = UNLABELED CIPSOv4
[    2.352854] NetLabel:  unlabeled traffic allowed by default
[    2.354991] amd_nb: Cannot enumerate AMD northbridges
[    2.356757] clocksource: Switched to clocksource kvm-clock
[    2.372956] AppArmor: AppArmor Filesystem Enaled
[    2.556416] pnp: PnP ACPI init
[    2.558672] pnp: PnP ACPI: found 3 devices

[    2.571857] clocksource: acpi_pm: mask: 0xffffff max_cycles: 0xffffff, max_idle_ns: 2085701024 ns
[    2.574984] NET: Registered protocol family 2
[    2.577099] TCP established hash table entries: 8192 (order: 4, 65536 bytes)
[    2.579300] TCP bind hash table entries: 8192 (order: 5, 131072 bytes)
[    2.588199] TCP: Hash tables configured (established 8192 bind 8192)
[    2.590254] UDP hash table entries: 512 (order: 2, 16384 bytes)
[    2.592189] UDP-Lite hash table entries: 512 (order: 2, 16384 bytes)
[    2.594270] NET: Registered protocol family 1
[    2.595850] pci 0000:00:00.0: Limiting direct PCI/PCI transfers
[    2.597758] pci 0000:00:01.0: Activating ISA DMA hang workarounds
[    2.599957] Unpacking initramfs...
[    2.864242] Freeing initrd memory: 14832K
[    2.877408] clocksource: tsc: mask: 0xffffffffffffffff max_cycles: 0x2b2296bc2b9, max_idle_ns: 440795321505 ns
[    2.952589] platform rtc_cmos: registered platform RTC device (no PNP device found)
[    2.995431] Scanning for low memory corruption every 60 seconds
[    3.077558] audit: initializing netlink subsys (disabled)
[    3.079359] audit: type=2000 audit(1566489283.868:1): initialized
[    3.087667] Initialise system trusted keyring
[    3.097648] HugeTLB registered 2 MB page size, pre-allocated 0 pages
[    3.101614] zbud: loaded
[    3.103211] VFS: Disk quotas dquot_6.6.0
[    3.126919] VFS: Dquot-cache hash table entries: 512 (order 0, 4096 bytes)
[    3.129357] squashfs: version 4.0 (2009/01/31) Phillip Lougher
[    3.131645] fuse init (API version 7.23)
[    3.133262] Key type big_key registered
[    3.136753] Allocating IMA MOK and blacklist keyrings.
[    3.140194] Key type asymmetric registered
[    3.141698] Asymmetric key parser 'x509' registered
[    3.178429] Block layer SCSI generic (bsg) driver version 0.4 loaded (major 249)
[    3.198767] io scheduler noop registered
[    3.200214] io scheduler deadline registered (default)
[    3.202011] io scheduler cfq registered
[    3.203587] pci_hotplug: PCI Hot Plug PCI Core version: 0.5
[    3.227156] pciehp: PCI Express Hot Plug Controller Driver version: 0.4
[    3.229420] ACPI: AC Adapter [AC] (on-line)
[    3.230995] input: Power Button as /devices/LNXSYSTM:00/LNXPWRBN:00/input/input0
[    3.277869] ACPI: Power Button [PWRF]
[    3.279298] input: Sleep Button as /devices/LNXSYSTM:00/LNXSLPBN:00/input/input1
[    3.307500] ACPI: Sleep Button [SLPF]
[    3.309132] GHES: HEST is not enabled!
[    3.310614] Serial: 8250/16550 driver, 32 ports, IRQ sharing enabled
[    3.335479] 00:02: ttyS0 at I/O 0x3f8 (irq = 4, base_baud = 115200) is a 16550A
[    3.349983] Linux agpgart interface v0.103
[    3.354199] loop: module loaded
[    3.356477] scsi host0: ata_piix
[    3.358036] scsi host1: ata_piix
[    3.359371] ata1: PATA max UDMA/33 cmd 0x1f0 ctl 0x3f6 bmdma 0xd000 irq 14
[    3.361483] ata2: PATA max UDMA/33 cmd 0x170 ctl 0x376 bmdma 0xd008 irq 15
[    3.363774] libphy: Fixed MDIO Bus: probed
[    3.406738] tun: Universal TUN/TAP device driver, 1.6
[    3.408475] tun: (C) 1999-2004 Max Krasnyansky <maxk@qualcomm.com>
[    3.410520] PPP generic driver version 2.4.2
[    3.412152] ehci_hcd: USB 2.0 'Enhanced' Host Controller (EHCI) Driver
[    3.414232] ehci-pci: EHCI PCI platform driver
[    3.456962] ehci-platform: EHCI generic platform driver
[    3.458697] ohci_hcd: USB 1.1 'Open' Host Controller (OHCI) Driver
[    3.477359] ohci-pci: OHCI PCI platform driver
[    3.487393] ohci-platform: OHCI generic platform driver
[    3.489245] uhci_hcd: USB Universal Host Controller Interface driver
[    3.491324] i8042: PNP: PS/2 Controller [PNP0303:PS2K,PNP0f03:PS2M] at 0x60,0x64 irq 1,12
[    3.495127] serio: i8042 KBD port at 0x60,0x64 irq 1
[    3.526875] serio: i8042 AUX port at 0x60,0x64 irq 12
[    3.528790] mousedev: PS/2 mouse device common for all mice
[    3.531445] input: AT Translated Set 2 keyboard as /devices/platform/i8042/serio0/input/input2
[    3.588215] rtc_cmos rtc_cmos: rtc core: registered rtc_cmos as rtc0
[    3.590342] rtc_cmos rtc_cmos: alarms up to one day, 114 bytes nvram
[    3.607333] i2c /dev entries driver
[    3.608934] device-mapper: uevent: version 1.0.3
[    3.610746] device-mapper: ioctl: 4.34.0-ioctl (2015-10-28) initialised: dm-devel@redhat.com
[    3.613603] ledtrig-cpu: registered to indicate activity on CPUs
[    3.616136] NET: Registered protocol family 10
[    3.657689] NET: Registered protocol family 17
[    3.659242] Key type dns_resolver registered
[    3.661114] registered taskstats version 1
[    3.662565] Loading compiled-in X.509 certificates
[    3.665178] Loaded X.509 cert 'Build time autogenerated kernel key: d14182f9795b80ec340f636a5a08bf5817ccd8e7'
[    3.717485] zswap: loaded using pool lzo/zbud
[    3.731748] Key type trusted registered
[    3.762552] Key type encrypted registered
[    3.763983] AppArmor: AppArmor sha1 policy hashing enabled
[    3.765757] ima: No TPM chip found, activating TPM-bypass!
[    3.767500] ima: Allocated hash algorithm: sha1
[    3.769074] evm: HMAC attrs: 0x1
[    3.777398]   Magic number: 15:148:943
[    3.778843] tty tty0: hash matches
[    3.780176] tty console: hash matches
[    3.781728] rtc_cmos rtc_cmos: setting system clock to 2019-08-22 15:54:39 UTC (1566489279)
[    3.788827] BIOS EDD facility v0.16 2004-Jun-25, 0 devices found
[    3.790737] EDD information not available.
[    3.797902] Freeing unused kernel memory: 1488K
[    3.816862] Write protecting the kernel read-only data: 14336k
[    3.832545] Freeing unused kernel memory: 1608K
[    3.834448] Freeing unused kernel memory: 64K
Loading, please wait...
starting version 229
[    3.976216] random: systemd-udevd: uninitialized urandom read (16 bytes read, 2 bits of entropy available)
[    3.983423] random: systemd-udevd: uninitialized urandom read (16 bytes read, 2 bits of entropy available)
[    3.988159] random: systemd-udevd: uninitialized urandom read (16 bytes read, 2 bits of entropy available)
[    3.991380] random: udevadm: uninitialized urandom read (16 bytes read, 2 bits of entropy available)
[    3.991590] random: udevadm: uninitialized urandom read (16 bytes read, 2 bits of entropy available)
[    4.006685] random: systemd-udevd: uninitialized urandom read (16 bytes read, 2 bits of entropy available)
[    4.046703] random: systemd-udevd: uninitialized urandom read (16 bytes read, 2 bits of entropy available)
[    4.068232] random: systemd-udevd: uninitialized urandom read (16 bytes read, 2 bits of entropy available)
[    4.078086] random: systemd-udevd: uninitialized urandom read (16 bytes read, 2 bits of entropy available)
[    4.093603] random: systemd-udevd: uninitialized urandom read (16 bytes read, 2 bits of entropy available)
[    4.449967] e1000: Intel(R) PRO/1000 Network Driver - version 7.3.21-k8-NAPI
[    4.468848] e1000: Copyright (c) 1999-2006 Intel Corporation.
[    4.475031] Fusion MPT base driver 3.04.20
[    4.477230] Copyright (c) 1999-2008 LSI Corporation
[    4.496658] Fusion MPT SPI Host driver 3.04.20
[    4.703215] input: ImExPS/2 Generic Explorer Mouse as /devices/platform/i8042/serio1/input/input4
[    4.971199] e1000 0000:00:03.0 eth0: (PCI:33MHz:32-bit) 02:52:2e:48:de:28
[    4.975255] e1000 0000:00:03.0 eth0: Intel(R) PRO/1000 Network Connection
[    4.979283] mptbase: ioc0: Initiating bringup
[    4.984719] e1000 0000:00:03.0 enp0s3: renamed from eth0
[    5.056133] ioc0: LSI53C1030 A0: Capabilities={Initiator}
[    6.037400] scsi host2: ioc0: LSI53C1030 A0, FwRev=00000000h, Ports=1, MaxQ=256, IRQ=20
[    6.576256] scsi 2:0:0:0: Direct-Access     VBOX     HARDDISK         1.0  PQ: 0 ANSI: 5
[    6.584314] scsi target2:0:0: Beginning Domain Validation
[    6.592415] scsi target2:0:0: Domain Validation skipping write tests
[    6.642322] scsi target2:0:0: Ending Domain Validation
[    6.644031] scsi target2:0:0: asynchronous
[    6.733732] scsi 2:0:1:0: Direct-Access     VBOX     HARDDISK         1.0  PQ: 0 ANSI: 5
[    6.736449] scsi target2:0:1: Beginning Domain Validation
[    6.747117] scsi target2:0:1: Domain Validation skipping write tests
[    6.749059] scsi target2:0:1: Ending Domain Validation
[    6.807624] scsi target2:0:1: asynchronous
[    6.818149] sd 2:0:0:0: [sda] 20971520 512-byte logical blocks: (10.7 GB/10.0 GiB)
[    6.818230] sd 2:0:0:0: Attached scsi generic sg0 type 0
[    6.819251] sd 2:0:1:0: Attached scsi generic sg1 type 0
[    6.819436] sd 2:0:1:0: [sdb] 20480 512-byte logical blocks: (10.5 MB/10.0 MiB)
[    6.819586] sd 2:0:1:0: [sdb] Write Protect is off
[    6.819692] sd 2:0:1:0: [sdb] Incomplete mode parameter data
[    6.819693] sd 2:0:1:0: [sdb] Assuming drive cache: write through
[    6.847879] sd 2:0:1:0: [sdb] Attached SCSI disk
[    7.012060] sd 2:0:0:0: [sda] Write Protect is off
[    7.014339] sd 2:0:0:0: [sda] Incomplete mode parameter data
[    7.016131] sd 2:0:0:0: [sda] Assuming drive cache: write through
[    7.029130]  sda: sda1
[    7.037091] sd 2:0:0:0: [sda] Attached SCSI disk
Begin: Loading e[    9.582935] md: linear personality registered for level -1
ssential drivers ... [    9.674395] md: multipath personality registered for level -4
[    9.775461] md: raid0 personality registered for level 0
[    9.822247] md: raid1 personality registered for level 1
[    9.945765] raid6: sse2x1   gen()  4769 MB/s
[   10.041444] raid6: sse2x1   xor()  5482 MB/s
[   10.405747] raid6: sse2x2   gen()  5767 MB/s
[   10.478811] raid6: sse2x2   xor()  5605 MB/s
[   10.559911] raid6: sse2x4   gen()  4402 MB/s
[   10.637224] raid6: sse2x4   xor()  2937 MB/s
[   10.641802] raid6: using algorithm sse2x2 gen() 5767 MB/s
[   10.644818] raid6: .... xor() 5605 MB/s, rmw enabled
[   10.647208] raid6: using ssse3x2 recovery algorithm
[   10.690695] xor: measuring software checksum speed
[   10.773743]    prefetch64-sse: 10092.000 MB/sec
[   10.831420]    generic_sse: 17357.000 MB/sec
[   10.834331] xor: using function: generic_sse (17357.000 MB/sec)
[   10.858167] async_tx: api initialized (async)
[   10.995834] md: raid6 personality registered for level 6
[   11.003140] md: raid5 personality registered for level 5
[   11.006556] md: raid4 personality registered for level 4
[   11.096147] md: raid10 personality registered for level 10
done.
Begin: Running /scripts/init-premount ... done.
Begin: Mounting root file system ... Begin: Running /scripts/local-top ... done.
Begin: Running /scripts/local-premount ... [   11.273456] Btrfs loaded
Scanning for Btrfs filesystems
done.
Warning: fsck not present, so skipping root file system
[   11.554652] EXT4-fs (sda1): mounted filesystem with ordered data mode. Opts: (null)
done.
Begin: Running /scripts/local-bottom ... done.
Begin: Running /scripts/init-bottom ... done.
[   12.336597] systemd[1]: systemd 229 running in system mode. (+PAM +AUDIT +SELINUX +IMA +APPARMOR +SMACK +SYSVINIT +UTMP +LIBCRYPTSETUP +GCRYPT +GNUTLS +ACL +XZ -LZ4 +SECCOMP +BLKID +ELFUTILS +KMOD -IDN)
[   12.343356] systemd[1]: Detected virtualization oracle.
[   12.345108] systemd[1]: Detected architecture x86-64.

Welcome to [1mUbuntu 16.04.6 LTS[0m!

[   12.399889] systemd[1]: Set hostname to <ubuntu>.
[   12.415216] systemd[1]: Initializing machine ID from random generator.
[   12.422730] systemd[1]: Installed transient /etc/machine-id file.
[   12.798442] random: nonblocking pool is initialized
[  13.498838] systemd[1]: Set up automount Arbitrary Executable File Formats File Sysem Automount Point.
[[0;32m  OK  [0m] Set up automount Arbitrary Executab...ats File System Automount Point.
[   13.568326] systemd[1]: Listening on Journal Socket.
[[0;32m  OK  [0m] Listening on Journal Socket.
[   13.571619] systemd[1]: Reached target System Time Synchronized.
[[0;32m  OK  [0m] Reached target System Time Synchronized.
[   13.575452] systemd[1]: Listening on udev Control Socket.
[[0;32m  OK  [0m] Listening on udev Control Socket.
[   13.606239] systemd[1]: Listening on LVM2 metadata daemon socket.
[[0;32m  OK  [0m] Listening on LVM2 metadata daemon socket.
[   13.611360] systemd[1]: Created slice User and Session Slice.
[[0;32m  OK  [0m] Created slice User and Session Slice.
[   13.615131] systemd[1]: Listening on LVM2 poll daemon socket.
[[0;32m  OK  [0m] Listening on LVM2 poll daemon socket.
[   13.618798] systemd[1]: Reached target Encrypted Volumes.
[[0;32m  OK  [0m] Reached target Encrypted Volumes.
[   13.622303] systemd[1]: Reached target User and Group Name Lookups.
[[0;32m  OK  [0m] Reached target User and Group Name Lookups.
[   13.626321] systemd[1]: Listening on Device-mapper event daemon FIFOs.
[[0;32m  OK  [0m] Listening on Device-mapper event daemon FIFOs.
[   13.630370] systemd[1]: Listening on /dev/initctl Compatibility Named Pipe.
[[0;32m  OK  [0m] Listening on /dev/initctl Compatibility Named Pipe.
[   13.634405] systemd[1]: Reached target Swap.
[[0;32m  OK  [0m] Reached target Swap.
[   13.637594] systemd[1]: Listening on udev Kernel Socket.
[[0;32m  OK  [0m] Listening on udev Kernel Socket.
[   13.641309] systemd[1]: Started Forward Password Requests to Wall Directory Watch.
[[0;32m  OK  [0m] Started Forward Password Requests to Wall Directory Watch.
[   13.921947] systemd[1]: Started Trigger resolvconf update for networkd DNS.
[[0;32m  OK  [0m] Started Trigger resolvconf update for networkd DNS.
[   13.926107] systemd[1]: Listening on Syslog Socket.
[[0;32m  OK  [0m] Listening on Syslog Socket.
[   13.929521] systemd[1]: Listening on Journal Socket (/dev/log).
[[0;32m  OK  [0m] Listening on Journal Socket (/dev/log).
[   13.933386] systemd[1]: Listening on Journal Audit Socket.
[[0;32m  OK  [0m] Listening on Journal Audit Socket.
[   14.087707] systemd[1]: Created slice System Slice.
[[0;32m  OK  [0m] Created slice System Slice.
[   14.111377] systemd[1]: Starting Remount Root and Kernel File Systems...
         Starting Remount Root and Kernel File Systems...
[   14.129031] systemd[1]: Reached target Slices.
[[0;32m  OK  [0m] Reached target Slices.
[   14.161554] EXT4-fs (sda1): re-mounted. Opts: (null)
[   14.163344] systemd[1]: Starting Create list of required static device nodes for the current kernel...
         Starting Create list of required st... nodes for the current kernel...
[   14.221879] systemd[1]: Starting Nameserver information manager...
         Starting Nameserver information manager...
[   14.265010] systemd[1]: Created slice system-serial\x2dgetty.slice.
[[0;32m  OK  [0m] Created slice system-serial\x2dgetty.slice.
[   14.286100] systemd[1]: Starting Set console keymap...
         Starting Set console keymap...
[   14.299186] systemd[1]: Starting Journal Service...
         Starting Journal Service...
[   14.311721] systemd[1]: Mounting POSIX Message Queue File System...
         Mounting POSIX Message Queue File System...
[   14.332061] systemd[1]: Starting Uncomplicated firewall...
         Starting Uncomplicated firewall...
[   14.367438] systemd[1]: Mounting Huge Pages File System...
         Mounting Huge Pages File System...
[   14.445785] systemd[1]: Starting Load Kernel Modules...
         Starting Load Kernel Modules...
[   14.459462] systemd[1]: Starting Monitoring of LVM2 mirrors, snapshots etc. using dmeventd or progress polling...
         Starting Monitoring of LVM2 mirrors... dmeventd or progress polling...
[   14.506905] systemd[1]: Mounting Debug File System...
         Mounting Debug File System...
[   14.566880] systemd[1]: Mounted Huge Pages File System.
[[0;32m  OK  [0m] Mounted Huge Pages File System.
[   14.597758] systemd[1]: Mounted POSIX Message Queue File System.
[[0;32m  OK  [0m] Mounted POSIX Message Queue File System.
[   14.604608] systemd[1]: Mounted Debug File System.
[[0;32m  OK  [0m] Mounted Debug File System.
[   14.612429] systemd[1]: Started Remount Root and Kernel File Systems.
[[0;32m  OK  [0m] Started Remount Root and Kernel File Systems.
[   14.623282] systemd[1]: Started Create list of required static device nodes for the current kernel.
[[0;32m  OK  [0m] Started Create list of required sta...ce nodes for the current kernel.
[   14.680135] systemd[1]: Started Uncomplicated firewall.
[[0;32m  OK  [0m] Started Uncomplicated firewall.
[   14.699710] Loading iSCSI transport class v2.0-870.
[   14.878073] systemd[1]: Started Nameserver information manager.
[   14.927003] iscsi: registered transport (tcp)
[[0;32m  OK  [0m] Started Nameserver information manager.
[   14.949585] systemd[1]: Started Journal Service.
[[0;32m  OK  [0m] Started Journal Service.
[[0;32m  OK  [0m] Started Set console keymap.
[[0;32m  OK  [0m] Started LVM2 metadata daemon.
         Starting Create Static Device Nodes in /dev...
         Starting udev Coldplug all Devices...
         Starting Load/Save Random Seed...
         Starting Flush Journal to Persistent Storage...
[   15.284927] iscsi: registered transport (iser)
[[0;32m  OK  [0m] Started Load Kernel Modules.
         Starting Apply Kernel Variables...
         Mounting FUSE Control File System...
[[0;32m  OK  [0m] Started Load/Save Random Seed.
[[0;32m  OK  [0m] Mounted FUSE Control File System.
[[0;32m  OK  [0m] Started Create Static Device Nodes in /dev.
[[0;32m  OK  [0m] Started Monitoring of LVM2 mirrors,...ng dmeventd or progress polling.
[[0;32m  OK  [0m] Started Apply Kernel Variables.
[[0;32m  OK  [0m] Started Flush Journal to Persistent Storage.
[[0;32m  OK  [0m] Reached target Local File Systems (Pre).
[[0;32m  OK  [0m] Reached target Local File Systems.
         Starting Commit a transient machine-id on disk...
         Starting Set console font and keymap...
         Starting Create Volatile Files and Directories...
         Starting LSB: AppArmor initialization...
         Starting Initial cloud-init job (pre-networking)...
         Starting Tell Plymouth To Write Out Runtime Data...
         Starting udev Kernel Device Manager...
[[0;32m  OK  [0m] Started Commit a transient machine-id on disk.
[[0;32m  OK  [0m] Started Tell Plymouth To Write Out Runtime Data.
[[0;32m  OK  [0m] Started Create Volatile Files and Directories.
[[0;32m  OK  [0m] Started udev Coldplug all Devices.
         Starting Update UTMP about System Boot/Shutdown...
[[0;32m  OK  [0m] Started Update UTMP about System Boot/Shutdown.
[[0;32m  OK  [0m] Started udev Kernel Device Manager.
[[0;32m  OK  [0m] Started Dispatch Password Requests to Console Directory Watch.
[[0;32m  OK  [0m] Found device /dev/ttyS0.
[[0;32m  OK  [0m] Listening on Load/Save RF Kill Switch Status /dev/rfkill Watch.
[[0;32m  OK  [0m] Started LSB: AppArmor initialization.
[   21.833673] cloud-init[470]: Cloud-init v. 19.1-1-gbaa47854-0ubuntu1~16.04.1 running 'init-local' at Thu, 22 Aug 2019 15:54:57 +0000. Up 20.07 seconds.
[[0;32m  OK  [0m] Started Initial cloud-init job (pre-networking).
[[0;32m  OK  [0m] Reached target Network (Pre).
         Starting Raise network interfaces...
[[0;32m  OK  [0m] Started Set console font and keymap.
[[0;32m  OK  [0m] Created slice system-getty.slice.
[[0;32m  OK  [0m] Started Raise network interfaces.
[[0;32m  OK  [0m] Reached target Network.
         Starting Initial cloud-init job (metadata service crawler)...
[   28.931023] cloud-init[945]: Cloud-init v. 19.1-1-gbaa47854-0ubuntu1~16.04.1 running 'init' at Thu, 22 Aug 2019 15:55:02 +0000. Up 25.37 seconds.
[[0;32m  OK  [0m] Started Initial cloud-init job (metadata service crawler).
[[0;32m  OK  [0m] Reached target System Initialization.
[   29.157718] cloud-init[945]: ci-info: ++++++++++++++++++++++++++++++++++++++Net device info++++++++++++++++++++++++++++++++++++++
[   29.295408] cloud-init[945]: ci-info: +--------+------+----------------------------+---------------+--------+-------------------+
[   29.300608] cloud-init[945]: ci-info: | Device |  Up  |          Address           |      Mask     | Scope  |     Hw-Address    |
[   29.303517] cloud-init[945]: ci-info: +--------+------+----------------------------+---------------+--------+-------------------+
[   29.341827]          cloud-initStarting LXD - unix socket.[945]: 
ci-info: | enp0s3 | True |         10.0.2.15          | 255.255.255.0 | global | 02:52:2e:48:de:28 |
[   29.342357] [cloud-init[0;32m  OK  [0m[945]: ] ci-info: | enp0s3 | True | fe80::52:2eff:fe48:de28/64 |       .       |  link  | 02:52:2e:48:de:28 |Started Daily Cleanup of Temporary Directories.

[   29.495292]          cloud-initStarting Socket activation for snappy daemon.[945]: 
ci-info: |   lo   | True |         127.0.0.1          |   255.0.0.0   |  host  |         .         |
[   29.528405] [cloud-init[0;32m  OK  [0m[945]: ] ci-info: |   lo   | True |          ::1/128           |       .       |  host  |         .         |Started ACPI Events Check.

[   29.528967] cloud-init[945]: ci-info: +--------+------+----------------------------+---------------+--------+-------------------+
[[0;32m  OK  [0m] Reached target Paths.
[   29.623635] [cloud-init[945]: ci-info: +++++++++++++++++++++++++++Route IPv4 info++++++++++++++++++++++++++++
[0;32m  OK  [0m] Listening on D-Bus System Message Bus Socket.
[[0;32m  OK  [0m] Listening on UUID daemon activation socket.
[   29.784845] cloud-init[945]: ci-info: +-------+-------------+----------+---------------+-----------+-------+
[   29.969213] cloud-init[945]: ci-info: | Route | Destination | Gateway  |    Genmask    | Interface | Flags |[[0;32m  OK  [0m] Started Daily apt download activities.

[   30.003537] [cloud-init[0;32m  OK  [0m[945]: ] ci-info: +-------+-------------+----------+---------------+-----------+-------+Listening on ACPID Listen Socket.

[   30.057497] [cloud-init[0;32m  OK  [0m[945]: ] ci-info: |   0   |   0.0.0.0   | 10.0.2.2 |    0.0.0.0    |   enp0s3  |   UG  |Started Daily apt upgrade and clean activities.

[   30.093691] [[0;32m  OK  [0m] Reached target Timers.
cloud-init[945]: ci-info: |   1   |   10.0.2.0  | 0.0.0.0  | 255.255.255.0 |   enp0s3  |   U   |
[   30.121161] cloud-init[945]: ci-info: +-------+-------------+----------+---------------+-----------+-------+
[   30.170687] cloud-init[945]: ci-info: +++++++++++++++++++Route IPv6 info+++++++++++++++++++
[   30.195414] [cloud-init[0;32m  OK  [0m[945]: ] ci-info: +-------+-------------+---------+-----------+-------+Reached target Network is Online.

[   30.195925] cloud-init[945]: ci-info: | Route | Destination | Gateway | Interface | Flags |
         Starting iSCSI initiator daemon (iscsid)...
[   30.380375] cloud-init[945]: ci-info: +-------+-------------+---------+-----------+-------+
[   30.405063] cloud-init[945]: ci-info: |   0   |  fe80::/64  |    ::   |   enp0s3  |   U   |
[   30.407869] cloud-init[945]: ci-info: |   4   |   ff00::/8  |    ::   |   enp0s3  |   U   |
[   30.408120] cloud-init[945]: ci-info: +-------+-------------+---------+-----------+-------+
[   30.409503] cloud-init[945]: Generating public/private rsa key pair.
[   30.409724] cloud-init[945]: Your identification has been saved in /etc/ssh/ssh_host_rsa_key.
[   30.409952] cloud-init[945]: Your public key has been saved in /etc/ssh/ssh_host_rsa_key.pub.
[   30.410173] cloud-init[945]: The key fingerprint is:
[   30.410402] cloud-init[945]: SHA256:5T9AfZnDU2QQqufic6PJ26WrpaAVVzHF+1tF0GVrUQg root@ubuntu-xenial
[   30.410667] cloud-init[945]: The key's randomart image is:
[   30.410887] cloud-init[945]: +---[RSA 2048]----+
[   30.411134] cloud-init[945]: |            E+=OX|
[[0;32m  OK  [0m] Reached target Cloud-config availability.
[   30.411651] cloud-init[945]: |           . =o*=|
[[0;32m  OK  [0m] Listening on LXD - unix socket.
[   30.482456] cloud-init[945]: |          o + B= |
[   30.543407] cloud-init[945]: |         + o .oo.|
[[0;32m  OK  [0m] Listening on Socket activation for snappy daemon.
[   30.544719] cloud-init[945]: |        S = .  ..|
[   30.562583] cloud-init[945]: |         o =    o|
[   30.600834] cloud-init[945]: |        o . = . o|
[   30.648829] cloud-init[945]: |       o +.*o+ . |
[   30.653806] cloud-init[945]: |      .   O*+o   |
[[0;32m  OK  [0m] Started iSCSI initiator daemon (iscsid).
[   30.678223] cloud-init[945]: +----[SHA256]-----+
[   30.760440] cloud-init[945]: Generating public/private dsa key pair.
         Starting Login to default iSCSI targets...
[   30.761716] cloud-init[945]: Your identification has been saved in /etc/ssh/ssh_host_dsa_key.
[   30.793557] cloud-init[945]: Your public key has been saved in /etc/ssh/ssh_host_dsa_key.pub.
[   30.805859] cloud-init[945]: The key fingerprint is:
[   30.809895] cloud-init[945]: SHA256:/YabowxOho9D8PvJCL/7RVVMoxmhRZrWE4zeeFry2Eo root@ubuntu-xenial
[   30.812764] cloud-init[945]: The key's randomart image is:
[   30.815311] cloud-init[945]: +---[DSA 1024]----+
[   30.818480] cloud-init[945]: |         +*++    |
[   30.824540] cloud-init[945]: |        .*.*..   |
[   30.824817] cloud-init[945]: |       .=o*      |
[   30.825154] cloud-init[945]: |  .    .+o+.     |
[   30.825461] cloud-init[945]: |   o    SO.      |
[   30.826040] cloud-init[945]: |    o. .E oo     |
[[0;32m  OK  [0m] Reached target Sockets.
[   30.833098] cloud-init[945]: |  ....+.... o    |
[[0;32m  OK  [0m] Reached target Basic System.
[   30.858958] cloud-init[945]: |   ooO =. .+     |
[   30.869632] cloud-init[945]: |    **B o.o.     |
[   30.935561] cloud-init[945]: +----[SHA256]-----+
[   30.953087] cloud-init[945]: Generating public/private ecdsa key pair.
[   30.964562] cloud-init[945]: Your identification has been saved in /etc/ssh/ssh_host_ecdsa_key.
         Starting Virtualbox guest utils...
[   30.965171] cloud-init[945]: Your public key has been saved in /etc/ssh/ssh_host_ecdsa_key.pub.
[   31.014789] cloud-init[945]: The key fingerprint is:
[[0;32m  OK  [0m] Started FUSE filesystem for LXC.
[   31.015274] cloud-init[945]: SHA256:Rl6ad8BRaJA61YCTkWHS/QBCb6G1DT5tu6ParUHB0ag root@ubuntu-xenial
[[0;32m  OK  [0m] Started ACPI event daemon.
[   31.102355] cloud-init[945]: The key's randomart image is:
[   31.132008] cloud-init[945]: +---[ECDSA 256]---+
[   31.134776] cloud-init[945]: |   .+.X@o=.o.    |
[   31.138427] cloud-init[945]: |     XBB*.+.     |
[   31.141675] cloud-init[945]: |    ..O+=++      |
[   31.143939] cloud-init[945]: |    E.o* =..     |
[   31.147257] cloud-init[945]: |      ..S . .    |
         [   31.152823] cloud-init[945]: |     . . o .     |
[   31.153080] cloud-init[945]: |      . o        |
[   31.153537] cloud-init[945]: |     . + .       |
[   31.153772] cloud-init[945]: |    ..+..        |
[   31.154004] cloud-init[945]: +----[SHA256]-----+
[   31.154247] cloud-init[945]: Generating public/private ed25519 key pair.
[   31.154479] cloud-init[945]: Your identification has been saved in /etc/ssh/ssh_host_ed25519_key.
[   31.154722] cloud-init[945]: Your public key has been saved in /etc/ssh/ssh_host_ed25519_key.pub.
[   31.154991] cloud-init[945]: The key fingerprint is:
[   31.155296] cloud-init[945]: SHA256:fXgl75BxGM7MY5Yy8pCkajFPDnKl9UKIrpGLcTeBIjk root@ubuntu-xenial
[   31.155539] cloud-init[945]: The key's randomart image is:
[   31.155771] cloud-init[945]: +--[ED25519 256]--+
[   31.156011] cloud-init[945]: | . o .+ .   .    |
[   31.156240] cloud-init[945]: |E o o= + . = +   |
[   31.156475] cloud-init[945]: |.=. *.+ = o & o  |
Starting /etc/rc.local Compatibility...
[   31.156849] cloud-init[945]: |+ oooO . = * O   |
[   31.272476] cloud-init[945]: |.* .o.o S + = .  |
[   31.302044] cloud-init[945]: |+  .       o o   |
[   31.317611]          Starting Pollinate to seed the pseudo random number generator...
cloud-init[945]: |              .  |
[   31.344850] cloud-init[945]: |                 |
[[0;32m  OK  [0m] Started Deferred execution scheduler.
[   31.391382] cloud-init[945]: |                 |
[   31.417141] cloud-init[945]: +----[SHA256]-----+
[[0;32m  OK  [0m] Started D-Bus System Message Bus.
         Starting LSB: MD monitoring daemon...
         Starting Login Service...
         Starting System Logging Service...
         Starting Accounts Service...
         Starting LSB: Record successful boot for GRUB...
[[0;32m  OK  [0m] Started Regular background program processing daemon.
         Starting Snappy daemon...
         Starting LXD - container startup/shutdown...
[[0;32m  OK  [0m] Started /etc/rc.local Compatibility.
[[0;32m  OK  [0m] Started System Logging Service.
[[0;32m  OK  [0m] Started Login Service.
[[0;32m  OK  [0m] Started Unattended Upgrades Shutdown.
[[0;32m  OK  [0m] Started Login to default iSCSI targets.
[[0;32m  OK  [0m] Reached target Remote File Systems (Pre).
[[0;32m  OK  [0m] Reached target Remote File Systems.
         Starting LSB: automatic crash report generation...
         Starting LSB: Set the CPU Frequency Scaling governor to "ondemand"...
         Starting LSB: daemon to balance interrupts for SMP systems...
         Starting Permit User Sessions...
[[0;32m  OK  [0m] Started LSB: Record successful boot for GRUB.
[[0;32m  OK  [0m] Started Permit User Sessions.
         Starting Terminate Plymouth Boot Screen...
         Starting Hold until boot process finishes up...
[[0;32m  OK  [0m] Started Hold until boot process finishes up.
[[0;32m  OK  [0m] Started Terminate Plymouth Boot Screen.
[[0;32m  OK  [0m] Started Serial Getty on ttyS0.
[[0;32m  OK  [0m] Started Getty on tty1.
[[0;32m  OK  [0m] Reached target Login Prompts.
         Starting Set console scheme...
[[0;32m  OK  [0m] Started LSB: MD monitoring daemon.
         Starting Authenticate and Authorize Users to Run Privileged Tasks...
[[0;32m  OK  [0m] Started Set console scheme.
[[0;32m  OK  [0m] Started LSB: Set the CPU Frequency Scaling governor to "ondemand".
[[0;32m  OK  [0m] Started LSB: daemon to balance interrupts for SMP systems.
[[0;32m  OK  [0m] Started LSB: automatic crash report generation.
[[0;32m  OK  [0m] Started Authenticate and Authorize Users to Run Privileged Tasks.
[[0;32m  OK  [0m] Started Accounts Service.
[[0;32m  OK  [0m] Started Virtualbox guest utils.
[[0;32m  OK  [0m] Started LXD - container startup/shutdown.
[[0;32m  OK  [0m] Started Snappy daemon.
         Starting Wait until snapd is fully seeded...
[[0;32m  OK  [0m] Started Pollinate to seed the pseudo random number generator.
         Starting OpenBSD Secure Shell server...
[[0;32m  OK  [0m] Started OpenBSD Secure Shell server.
[[0;32m  OK  [0m] Created slice User Slice of vagrant.
         Starting User Manager for UID 1000...
[[0;32m  OK  [0m] Started Session 1 of user vagrant.
[[0;32m  OK  [0m] Started User Manager for UID 1000.

Ubuntu 16.04.6 LTS ubuntu-xenial ttyS0

ubuntu-xenial login: [   42.308603] cloud-init[1384]: Generating locales (this might take a while)...
[   45.843259] cloud-init[1384]:   en_US.UTF-8... done
[   45.844410] cloud-init[1384]: Generation complete.
[   47.536636] cloud-init[1384]: Cloud-init v. 19.1-1-gbaa47854-0ubuntu1~16.04.1 running 'modules:config' at Thu, 22 Aug 2019 15:55:19 +0000. Up 41.52 seconds.
ci-info: no authorized ssh keys fingerprints found for user ubuntu.
<14>Aug 22 15:55:27 ec2: 
<14>Aug 22 15:55:27 ec2: #############################################################
<14>Aug 22 15:55:27 ec2: -----BEGIN SSH HOST KEY FINGERPRINTS-----
<14>Aug 22 15:55:27 ec2: 1024 SHA256:/YabowxOho9D8PvJCL/7RVVMoxmhRZrWE4zeeFry2Eo root@ubuntu-xenial (DSA)
<14>Aug 22 15:55:27 ec2: 256 SHA256:Rl6ad8BRaJA61YCTkWHS/QBCb6G1DT5tu6ParUHB0ag root@ubuntu-xenial (ECDSA)
<14>Aug 22 15:55:27 ec2: 256 SHA256:fXgl75BxGM7MY5Yy8pCkajFPDnKl9UKIrpGLcTeBIjk root@ubuntu-xenial (ED25519)
<14>Aug 22 15:55:27 ec2: 2048 SHA256:5T9AfZnDU2QQqufic6PJ26WrpaAVVzHF+1tF0GVrUQg root@ubuntu-xenial (RSA)
<14>Aug 22 15:55:27 ec2: -----END SSH HOST KEY FINGERPRINTS-----
<14>Aug 22 15:55:27 ec2: #############################################################
-----BEGIN SSH HOST KEY KEYS-----
ecdsa-sha2-nistp256 AAAAE2VjZHNhLXNoYTItbmlzdHAyNTYAAAAIbmlzdHAyNTYAAABBBMVDJNTLi8skm1dbbD9YNpu6KtJtspmtgCX/L2HYw6xBxol13pWmOrUkTz/icKwuAL3HX5QYBx1rGzTh9BM1qXs= root@ubuntu-xenial
ssh-ed25519 AAAAC3NzaC1lZDI1NTE5AAAAICXDKkDsX8rcoVTWonYjC8YqJ7igYfFWsbaaGaq/ApsY root@ubuntu-xenial
ssh-rsa AAAAB3NzaC1yc2EAAAADAQABAAABAQCWmCQzBgOaY0bbV2IWSm4psppdXr1ruBAUYMQA9Wot2udg7QUnB59Qg5L+qUpPtYNNjC76rjSxK98tl5bUEeQF4QcdSQQy9xHQsmiLWrUbdxRyLI5ZpwpuANdkpTR24tA8Vub4S374xSaNABNgyMGM7WKL5tHCk8JQtX5MomJ3A1dHKuuQvwgUZm8otlks0K9lHpzPsHhZS49/KaNkLKIrG9zS0xn+VpChjUSDe3nM42YruuEcJVgYsxctnoRRFNefIoYSFxt18aqLVr/Glm/mQek4opx4lAr14qlljZ5xLbZ0YjpJpt4gj2ln2Tkib1+lt2klTEQrN3r0jVk2lR5V root@ubuntu-xenial
-----END SSH HOST KEY KEYS-----
[   49.923958] cloud-init[1545]: Cloud-init v. 19.1-1-gbaa47854-0ubuntu1~16.04.1 running 'modules:final' at Thu, 22 Aug 2019 15:55:26 +0000. Up 49.10 seconds.
[   49.926099] cloud-init[1545]: ci-info: no authorized ssh keys fingerprints found for user ubuntu.
[   49.927786] cloud-init[1545]: Cloud-init v. 19.1-1-gbaa47854-0ubuntu1~16.04.1 finished at Thu, 22 Aug 2019 15:55:27 +0000. Datasource DataSourceNoCloud [seed=/dev/sdb][dsmode=net].  Up 49.89 seconds
