[    0.000000] Initializing cgroup subsys cpuset
[    0.000000] Initializing cgroup subsys cpu
[    0.000000] Initializing cgroup subsys cpuacct
[    0.000000] Linux version 4.4.0-159-generic (buildd@lgw01-amd64-042) (gcc version 5.4.0 20160609 (Ubuntu 5.4.0-6ubutu1~16.04.10) ) #187-Ubuntu SMP Thu Aug 1 16:28:06 UTC 2019 (Ubuntu 4.4.0-159.187-generic 4.4.185)
[    0.000000] Command line: BOOT_IMAGE=/boot/vmlinuz-4.4.0-159-generic root=LABEL=cloudimg-rootfs ro console=tty1 console=ttyS0
[    0.000000] KERNEL supported cpus:
[    0.000000]   Intel GenuineIntel
[    0.000000]   AMD AuthenticAMD
[    0.000000]   Centaur CentaurHauls
[    0.000000] x86/fpu: Legacy x87 FPU detected.
[    0.000000] e820: BIOS-provided phyicalRAM map:
[    0.000000 BIO-e820: [mem 0x0000000000000000-0x000000000009fbff] usable
[    0.000000] BIOS-e820: [mem 0x000000000009fc0-0x000000000009ffff] reserved
[    0.000000] BIOS-e820: [mem 0x00000000000f0000-0x00000000000fffff] reserved
[    0.000000] BIOS-e820: [mem 0x0000000000100000-0x000000003ffeffff] usable
[    0.000000] BIOS-e820: [mem 0x000000003fff0000-0x000000003fffffff] ACPI data
[    0.000000] BIOS-e820: [mem 0x00000000fec00000-0x00000000fec00fff] reserved
[    0.000000] BIOS-e820: [mem 0x00000000fee00000-0x00000000fee00fff] reserved
[    0.000000] BIOS-e820: [mem 0x00000000fffc0000-0x00000000ffffffff] reserved
[    0.000000] NX (Execute Disable) protection: active
[    0.000000] SMBIOS 2.5 present.
[    0.000000] Hypervisor detected: KVM
[    0.000000] e820: last_pfn = 0x3fff0 max_arch_pfn = 0x400000000
[    0.000000] MTRR: Disabled
[    0.000000] x86/PAT: MTRRs disabled, skipping PAT initialization too.
[    0.000000] CPU MTRRs all blank - virtualized system.
[    0.000000] x86/PAT: Configuration [0-7]: WB  WT  UC- UC  WB  WT  UC- UC  
[    0.000000] found SMP MP-table at [mem 0x0009fff0-0x0009ffff] mapped at [fff88000009fff0]
[    0.000000] Scanning 1 areas for low mmemory corruption
[    0.000000] RAMDISK: [mem 0x362f8000-0x37173fff]
[    0.000000] ACPI: Early table checksum verification disabled
[    0.000000] ACPI: RSDP 0x00000000000E0000 000024 (v02 VBOX  )
[    0.000000] ACPI: XSDT 0x000000003FFF0030 00003C (v01 VBOX   VBOXXSDT 00000001 ASL  00000061)
[    0.000000] ACPI: FACP 0x000000003FFF00F0 0000F4 (v04 VBOX   VBOXFACP 00000001 ASL  00000061)
[    0.000000] ACPI: DSDT 0x000000003FFF0470 0021FF (v02 VBOX   VBOXBIOS 00000002 INTL 20180105)
[    0.000000] ACPI: FACS 0x000000003FFF0200 000040
[    0.000000] ACPI: FACS 0x000000003FFF0200 000040
[    0.000000] ACPI: APIC 0x000000003FFF0240 00005C (v02 VBOX   VBOXAPIC 00000001 ASL  00000061)
[    0.000000] ACPI: SSDT 0x000000003FFF02A0 0001CC (v01 VBOX   VBOXCPUT 00000002 INTL 20180105)
[    0.000000] No NUMA configuration found
[    0.000000] Faking a node at [mem 0x0000000000000000-0x000000003ffeffff]
[    0.000000] NODE_DATA(0) allocated [mem 0x3ffeb000-0x3ffeffff]
[    0.000000] kvm-clock: Using msrs 4b564d01 and 4b564d00
[    0.000000] kvm-clock: cpu 0, msr 0:3ffe3001, primary cpu clock
[    0.000000] kvm-clock: using sched offset of 5190845771 cycles
[    0.000000] clocksource: kvm-clock: mask: 0xffffffffffffffff max_cycles: 0x1cd42e4ff max_idle_ns: 881590591483 ns
[    0.000000] Zone ranges:
[    0.000000]   DMA      [mem 0x0000000000001000-0x0000000000ffffff]
[    0.000000]   DMA32    [mem 0x0000000001000000-0x000000003ffeffff]
[    0.000000]   Normal   empty
[    0.000000]   Device   empty
[    0.000000] Movable zone start for each node
[    0.000000] Early memory node ranges
[    0.000000]   node   0: [mem 0x0000000000001000-0x000000000009efff]
[    0.000000]   node   0: [mem 0x0000000000100000-0x000000003ffeffff]
[    0.000000] Initmem setup node 0 [mem 0x0000000000001000-0x000000003ffeffff]
[    0.000000] ACPI: PM-Timer IO Port: 0x4008
[    0.000000] IOAPIC[0]: apic_id 2, version 32, address 0xfec00000, GSI 0-23
[    0.000000] ACPI: INT_SRC_OVR (bus 0 bus_irq 0 global_irq 2 dfl dfl)
[    0.000000] ACPI: INT_SRC_OVR (bus 0 bus_irq 9 global_irq 9 low level)
[    0.000000] Using ACPI (MADT) for SMP configuration information
[    0.000000] smpboot: Allowing 2 CPUs, 0 hotplug CPUs
[    0.000000] PM: Registered nosave memory: [mem 0x00000000-0x00000fff]
[    0.000000] PM: Registered nosave memory: [mem 0x0009f000-0x0009ffff]
[    0.000000] PM: Registered nosave memory: [mem 0x000a0000-0x000effff]
[    0.000000] PM: Registered nosave memory: [mem 0x000f0000-0x000fffff]
[    0.000000] e820: [mem 0x40000000-0xfebfffff] available for PCI devices
[    0.000000] Booting paravirtualized kernel on KVM
[    0.000000] clocksource: refined-jiffies: mask: 0xffffffff max_cycles: 0xffffffff, max_idle_ns: 7645519600211568 ns
[    0.000000] setup_percpu: NR_CPUS:512 nr_cpumask_bits:512 nr_cpu_ids:2 nr_node_ids:1
[    0.000000] PERCPU: Embedded 34 pages/cpu @ffff88003fc00000 s99544 r8192 d31528 u1048576
[    0.000000] Built 1 zonelists in Node order, mobility grouping on.  Total pages: 257912
[    0.000000] Policy zone: DMA32
[    0.000000] Kernel command line: BOOT_IMAGE=/boot/vmlinuz-4.4.0-159-generic root=LABEL=cloudimg-rootfs ro console=tty1 console=ttyS0
[    0.000000] PID hash table entries: 4096 (order: 3, 32768 bytes)
[    0.000000] Memory: 997724K/1048120K available (8618K kernel code, 1335K rwdata, 4032K rodata, 1488K init, 1284K bss, 50396K reserved, 0K cma-reserved)
[    0.000000] SLUB: HWalign=64, Order=0-3, MinObjects=0, CPUs=2, Nodes=1
[    0.000000] Kernel/User page tables isolation: enabled
[    0.000000] Hierarchical RCU implementation.
[    0.000000] 	Build-time adjustment of leaf fanout to 64.
[    0.000000] 	RCU restricting CPUs from NR_CPUS=512 to nr_cpu_ids=2.
[    0.000000] RCU: Adjusting geometry for rcu_fanout_leaf=64, nr_cpu_ids=2
[    0.000000] NR_IRQS:33024 nr_irqs:440 16
[    0.000000] Console: colour VGA+ 80x25
[    0.000000] console [tty1] enbled
[    0.000000] console [ttyS0] enable
[    0.000000] tsc: Detected 2992.498 MHz processor
[    2.728596] Calibrating delay loop (skipped) preset value.. 5984.99 BogoMIPS (lpj=11969992)
[    2.731521] pid_max: default: 32768 minimum: 301
[    2.733077] ACPI: Core revision 20150930
[    2.735746] ACPI: 2 ACPI AML tables successfully acquired and loaded
[    2.737927] Security Framework initialized
[    2.739358] Yama: becoming mindful.
[    2.743960] AppArmor: AppArmor initialized
[    2.745532] Dentry cache hash table entries: 131072 (order: 8, 1048576 bytes)
[    2.771057] Inode-cache hash table entries: 65536 (order: 7, 524288 bytes)
[    2.773341] Mount-cache hash table entries: 2048 (order: 2, 16384 bytes)
[    2.775306] Mountpoint-cache hash table entries: 2048 (order: 2, 16384 bytes)
[    2.859193] Initializing cgroup subsys io
[    2.926312] Initializing cgroup subsys memory
[    2.990712] Initializing cgroup subsys devices
[    3.066072] Initializing cgroup subsys freezer
[    3.067569] Initializing cgroup subsys net_cls
[    3.069064] Initializing cgroup subsys perf_event
[    3.133655] Initializing cgroup subsys net_prio
[    3.155233] Initializing cgroup subsys hugetlb
[    3.176237] Initializing cgroup subsys pids
[    3.199698] mce: CPU supports 0 MCE banks
[    3.201154] Last level iTLB entries: 4KB 128, 2MB 4, 4MB 4
[    3.202855] Last level dTLB entries: 4KB 256, 2MB 0, 4MB 32, 1GB 0
[    3.204708] Spectre V1 : Mitigation: usercopy/swapgs barriers and __user pointer sanitization
[    3.207563] Spectre V2 : Mitigation: Full generic retpoline
[    3.209294] Spectre V2 : Spectre v2 / SpectreRSB mitigation: Filling RSB on context switch
[    3.212075] Speculative Store Bypass: Vulnerable
[    3.214401] MDS: Vulnerable: Clear CPU buffers attempted, no microcode
[    3.328748] Freeing SMP alternatives memory: 36K
[    3.398227] ftrace: allocating 32318 entries in 127 pages
[    3.498572] smpboot: APIC(0) Converting physical 0 to logical package 0
[    3.594159] smpboot: Max logical packages: 1
[    3.596193] x2apic enabled
[    3.597859] Switched APIC routing to physical x2apic.
[    3.601872] ..TIMER: vector=0x30 apic1=0 pin1=2 apic2=-1 pin2=-1
[    3.709410] smpboot: CPU0: Intel(R) Core(TM)2 Duo CPU     E8400  @ 3.00GHz (family: 0x6, model: 0x17, stepping: 0xa)
[    3.746913] Performance Events: unsupported p6 CPU model 23 no PMU driver, software events only.
[    3.851074] KVM setup paravirtual spinlock
[    3.927905] x86: Booting SMP configuration:
[    3.929338] .... node  #0, CPUs:      #1
[    3.930731] kvm-clock: cpu 1, msr 0:3ffe3041, secondary cpu clock
[    3.938473] mce: CPU supports 0 MCE banks
[    3.941663] x86: Booted up 1 node, 2 CPUs
[    3.943549] smpboot: Total of 2 processors activated (11969.99 BogoMIPS)
[    3.946132] devtmpfs: initialized
[    3.949836] evm: security.selinux
[    3.951097] evm: security.SMACK64
[    3.952349] evm: security.SMACK64EXEC
[    3.953667] evm: security.SMACK64TRANSMUTE
[    3.955089] evm: security.SMACK64MMAP
[    3.956413] evm: security.ima
[    3.957602] evm: security.capability
[    3.959105] clocksource: jiffies: mask: 0xffffffff max_cycles: 0xffffffff, max_idle_ns: 7645041785100000 ns
[    3.962252] futex hash table entries: 512 (order: 3, 32768 bytes)
[    3.964275] pinctrl core: initialized pinctrl subsystem
[    3.966109] RTC time: 16:58:55, date: 08/22/19
[    3.967993] NET: Registered protocol family 16
[    3.981467] cpuidle: using governor ladder
[    3.993545] cpuidle: using governor menu
[    3.994980] PCCT header not found.
[    3.996298] ACPI: bus type PCI registered
[    3.997702] acpiphp: ACPI Hot Plug PCI Controller Driver version: 0.5
[    3.999775] PCI: Using configuration type 1 for base access
[    4.013781] ACPI: Added _OSI(Module Device)
[    4.015207] ACPI: Added _OSI(Processor Device)
[    4.016694] ACPI: Added _OSI(3.0 _SCP Extensions)
[    4.018246] ACPI: Added _OSI(Processor Aggregator Device)
[    4.040480] ACPI: Executed 1 blocks of module-level executable AML code
[    4.045103] ACPI: Interpreter enabled
[    4.046433] ACPI: (supports S0 S5)
[    4.047708] ACPI: Using IOAPIC for interrupt routing
[    4.049507] PCI: Using host bridge windows from ACPI; if necessary, use "pci=nocrs" and report a bug
[    4.057007] ACPI: PCI Root Bridge [PCI0] (domain 0000 [bus 00-ff])
[    4.133377] acpi PNP0A03:00: _OSC: OS supports [ASPM ClockPM Segments MSI]
[    4.135405] acpi PNP0A03:00: _OSC: not requesting OS control; OS requires [ExtendedConfig ASPM ClockPM MSI]
[    4.144947] acpi PNP0A03:00: fail to add MMCONFIG information, can't access extended PCI configuration space under this bridge.
[    4.165428] PCI host bridge to bus 0000:00
[    4.198715] pci_bus 0000:00: root bus resource [io  0x0000-0x0cf7 window]
[    4.284036] pci_bus 0000:00: root bus resource [io  0x0d00-0xffff window]
[    4.380836] pci_bus 0000:00: root bus resource [mem 0x000a0000-0x000bffff window]
[    4.470953] pci_bus 0000:00: root bus resource [mem 0x40000000-0xfdffffff window]
[    4.541624] pci_bus 0000:00: root bus resource [bus 00-ff]
[    4.545537] pci 0000:00:01.1: legacy IDE quirk: reg 0x10: [io  0x01f0-0x01f7]
[    4.609612] pci 0000:00:01.1: legacy IDE quirk: reg 0x14: [io  0x03f6]
[    4.611535] pci 0000:00:01.1: legacy IDE quirk: reg 0x18: [io  0x0170-0x0177]
[    4.651053] pci 0000:00:01.1: legacy IDE quirk: reg 0x1c: [io  0x0376]
[    4.716138] pci 0000:00:07.0: quirk: [io  0x4000-0x403f] claimed by PIIX4 ACPI
[    4.719898] pci 0000:00:07.0: quirk: [io  0x4100-0x410f] claimed by PIIX4 SMB
[    4.730103] ACPI: PCI Interrupt Link [LNKA] (IRQs 5 9 10 *11)
[    4.734699] ACPI: PCI Interrupt Link [LNKB] (IRQs 5 9 *10 11)
[    4.737139] ACPI: PCI Interrupt Link [LNKC] (IRQs 5 *9 10 11)
[    4.761794] ACPI: PCI Interrupt Link [LNKD] (IRQs 5 9 10 *11)
[    4.764311] ACPI: Enabled 2 GPEs in block 00 to 07
[    4.766982] vgaarb: setting as boot device: PCI:0000:00:02.0
[    4.768747] vgaarb: device added: PCI:0000:00:02.0,decodes=io+mem,owns=io+mem,locks=none
[    4.771486] vgaarb: loaded
[    4.772606] vgaarb: bridge control possible 0000:00:02.0
[    4.774926] SCSI subsystem initialized
[    4.776718] ACPI: bus type USB registered
[    4.778182] usbcore: registered new interface driver usbfs
[    4.781085] usbcore: registered new interface driver hub
[    4.784628] usbcore: registered new device driver usb
[    4.786723] PCI: Using ACPI for IRQ routing
[    4.794158] NetLabel: Initializing
[    4.795426] NetLabel:  domain hash size = 128
[    4.796890] NetLabel:  protocols = UNLABELED CIPSOv4
[    4.798551] NetLabel:  unlabeled traffic allowed by default
[    4.801768] amd_nb: Cannot enumerate AMD northbridges
[    4.803511] clocksource: Switched to clocksource kvm-clock
[    4.819659] AppArmor: AppArmor Filesystem Enabled
[    4.854215] pnp: PnP ACPI init
[    485520] pnp: PnP ACPI:found 3 deces

[    5.018286] clocksource: acpi_pm: mask: 0xffffff max_cycles: 0xffffff, max_idle_ns: 2085701024 ns
[    5.021438] NET: Registered protocol family 2
[    5.023606] TCP established hash table entries: 8192 (oer 4 6536 byts)
[    5.209491] TCP bind hash table entries: 8192 (order: 5, 131072 bytes)
    5.211571] TCP: Hash tables configured (established 8192 bind 8192)
[    5.244188] UDP hash table entries: 512 (order: 2, 16384 bytes)
[    5.246111] UDP-Lite hash table entries: 512 (order: 2, 16384 bytes)
[    5.248250] NET: Registered protocol family 1
[    5.249837] pci 0000:00:00.0: Limiting direct PCI/PCI transfers
[    5.251752] pci 0000:00:01.0: Activating ISA DMA hang workarounds
[    5.253937] Unpacking initramfs...
[  5.509242] Freeing initrd memory: 14832K
[    5.570851] clocksource: tsc: mask: 0xffffffffffffffff max_cycles: 0x2b2296bc2b9, max_idle_ns: 440795321505 ns
[    5.574142] platform rtc_cmos: registered platform RTC device (no PNP device found)
[    5.576935] Scanning for low memory corruption every 60 sons

[    5.669768] audit: initializing netlink subsys (disabled)
[    5.709625] audit: type=2000 audit(1566493139.127:1): initialized
[    5.824999] Initialise system trusted keyring
[    5.889937] HugeTLB registered 2 MB page size, pre-allocated 0 pages
[    5.894081] zbud: loaded
[    5.895833] VFS: Disk quotas dquot_6.6.0
[    5.897326] VFS: Dquot-cache hash table entries: 512 (order 0, 4096 bytes)
[    5.899822] squashfs: version 4.0 (2009/01/31) Phillip Lougher
[    5.902085] fuse init (API version 7.23)
[    5.903737] Key type big_key registered
[    5.905182] Allocating IMA MOK and blacklist keyrings.
[    5.909141] Key type asymmetric registered
[    5.910622] Asymmetric key parser 'x509' registered
[    5.912342] Block layer SCSI generic (bsg) driver version 0.4 loaded (major 249)
[    5.915123] io scheduler noop registered
[    5.941708] io scheduler deadline registered (default)
[    5.967705] io scheduler cfq registered
[    5.997375] pci_hotplug: PCI Hot Plug PCI Core version: 0.5
[    6.080918] pciehp: PCI Express Hot Plug Controller Driver version: 0.4
[    6.083150] ACPI: AC Adapter [AC] (on-line)
[    6.120798] input: Power Button as /devices/LNXSYSTM:00/LNXPWRBN:00/input/input0
[    6.258297] ACPI: Power Button [PWRF]
[    6.259737] input: Sleep Button as /devices/LNXSYSTM:00/LNXSLPBN:00/input/input1
[    6.262307] ACPI: Sleep Button [SLPF]
[    6.263953] GHES: HEST is not enabled!
[    6.320956] Serial: 8250/16550 driver, 32 ports, IRQ sharing enabled
[    6.345793] 00:02: ttyS0 at I/O 0x3f8 (irq = 4, base_baud = 115200) is a 16550A
[    6.400922] Linux agpgart interface v0.103
[    6.472518] loop: module loaded
[    6.474692] scsi host0: ata_piix
[    6.476800] scsi host1: ata_piix
[    6.478100] ata1: PATA max UDMA/33 cmd 0x1f0 ctl 0x3f6 bmdma 0xd000 irq 14
[    6.514848] ata2: PATA max UDMA/33 cmd 0x170 ctl 0x376 bmdma 0xd008 irq 15
[    6.522325] libphy: Fixed MDIO Bus: probed
[    6.621859] tun: Universal TUN/TAP device driver, 1.6
[    6.670250] tun: (C) 1999-2004 Max Krasnyansky <maxk@qualcomm.com>
[    6.672287] PPP generic driver version 2.4.2
[    6.673921] ehci_hcd: USB 2.0 'Enhanced' Host Controller (EHCI) Driver
[    6.675987] ehci-pci: EHCI PCI platform driver
[    6.772448] ehci-platform: EHCI generic platform driver
[    6.774124] ohci_hcd: USB 1.1 'Open' Host Controller (OHCI) Driver
[    6.839753] ohci-pci: OHCI PCI platform driver
[    6.841295] ohci-platform: OHCI generic platform driver
[    6.869620] uhci_hcd: USB Universal Host Controller Interface driver
[    6.871644] i8042: PNP: PS/2 Controller [PNP0303:PS2K,PNP0f03:PS2M] at 0x60,0x64 irq 1,12
[    6.875094] serio: i8042 KBD port at 0x60,0x64 irq 1
[    6.933746] serio: i8042 AUX port at 0x60,0x64 irq 12
[    6.935587] mousedev: PS/2 mouse device common for all mice
[    7.038029] input: AT Translated Set 2 keyboard as /devices/platform/i8042/serio0/input/input2
[    7.043552] rtc_cmos rtc_cmos: rtc core: registered rtc_cmos as rtc0
[    7.064967] rtc_cmos rtc_cmos: alarms up to one day, 114 bytes nvram
[    7.086912] i2c /dev entries driver
[    7.089923] device-mapper:uent version 1.0.3

[    7.211430] device-mapper: ioctl: 4.34.0-ioctl (2015-10-28) initialised: dm-devel@redhat.com
[    7.214273] ledtrig-cpu: registered to indicate activity on CPUs
[    7.216815] NET: Registered protocol family 10
[    7.218727] NET: Registered protocol family 17
[    7.220332] Key type dns_resolver registered
[    7.222204] registered taskstats version 1
[    7.223765] Loading compiled-in X.509 certificates
[    7.226399] Loaded X.509 cert 'Build time autogenerated kernel key: d14182f9795b80ec340f636a5a08bf5817ccd8e7'
[    7.282382] zswap: loaded using pool lzo/zbud
[    7.297320] Key type trusted registered
[    7.325466] Key type encrypted registered
[    7.326956] AppArmor: AppArmor sha1 policy hashing enabled
[    7.328846] ima: No TPM chip found, activating TPM-bypass!
[    7.330630] ima: Allocated hash algorithm: sha1
[    7.332298] evm: HMAC attrs: 0x1
[    7.333992]   Magic number: 15:804:995
[    7.335608] rtc_cmos rtc_cmos: setting system clock to 2019-08-22 16:58:58 UTC (1566493138)
[    7.344031] BIOS EDD facility v0.16 2004-Jun-25, 0 devices found
[    7.351128] EDD information not available.
[    7.358212] Freeing unused kernel memory: 1488K
[    7.371624] Write protecting the kernel read-only data: 14336k
[    7.387718] Freeing unused kernel memory: 1608K
[    7.411162] Freeing unused kernel memory: 64K
Loading, please wait...
starting version 229
[    7.553713] random: systemd-udevd: uninitialized urandom read (16 bytes read, 2 bits of entropy available)
[    7.560395] random: systemd-udevd: uninitialized urandom read (16 bytes read, 2 bits of entropy available)
[    7.564984] random: udevadm: uninitialized urandom read (16 bytes read, 2 bits of entropy available)
[    7.565112] random: udevadm: uninitialized urandom read (16 bytes read, 2 bits of entropy available)
[    7.576281] random: systemd-udevd: uninitialized urandom read (16 bytes read, 2 bits of entropy available)
[    7.581499] random: systemd-udevd: uninitialized urandom read (16 bytes read, 2 bits of entropy available)
[    7.616266] random: systemd-udevd: uninitialized urandom read (16 bytes read, 2 bits of entropy available)
[    7.621749] random: systemd-udevd: uninitialized urandom read (16 bytes read, 2 bits of entropy available)
[    7.626903] random: systemd-udevd: uninitialized urandom read (16 bytes read, 2 bits of entropy available)
[    7.637061] random: systemd-udevd: uninitialized urandom read (16 bytes read, 2 bits of entropy available)
[    8.041750] e1000: Intel(R) PRO/1000 Network Driver - version 7.3.21-k8-NAPI
[    8.051365] e1000: Copyright (c) 1999-2006 Intel Corporation.
[    8.068860] Fusion MPT base driver 3.04.20
[    8.074597] Copyright (c) 1999-2008 LSI Corporation
[    8.093213] Fusion MPT SPI Host driver 3.04.20
[    8.288163] input: ImExPS/2 Generic Explorer Mouse as /devices/platform/i8042/serio1/input/input4
[    8.667477] e1000 0000:00:03.0 eth0: (PCI:33MHz:32-bit) 02:52:2e:48:de:28
[    8.670830] e1000 0000:00:03.0 eth0: Intel(R) PRO/1000 Network Connection
[    8.674043] mptbase: ioc0: Initiating bringup
[    8.679591] e1000 0000:00:03.0 enp0s3: renamed from eth0
[    8.736079] ioc0: LSI53C1030 A0: Capabilities={Initiator}
[    8.902192] scsi host2: ioc0: LSI53C1030 A0, FwRev=00000000h, Ports=1, MaxQ=256, IRQ=20
[    9.044251] scsi 2:0:0:0: Direct-Access     VBOX     HARDDISK         1.0  PQ: 0 ANSI: 5
[    9.051008] scsi target2:0:0: Beginning Domain Validation
[    9.131977] scsi target2:0:0: Domain Validation skipping write tests
[    9.133889] scsi target2:0:0: Ending Domain Validation
[    9.135621] scsi target2:0:0: asynchronous
[    9.150851] scsi 2:0:1:0: Direct-Access     VBOX     HARDDISK         1.0  PQ: 0 ANSI: 5
[    9.181176] scsi target2:0:1: Beginning Domain Validation
[    9.184538] scsi target2:0:1: Domain Validation skipping write tests
[    9.186476] scsi target2:0:1: Ending Domain Validation
[    9.188247] scsi target2:0:1: asynchronous
[    9.198720] sd 2:0:0:0: [sda] 20971520 512-byte logical blocks: (10.7 GB/10.0 GiB)
[    9.199020] sd 2:0:0:0: Attached scsi generic sg0 type 0
[    9.213773] sd 2:0:0:0: [sda] Write Protect is off
[    9.214744] sd 2:0:1:0: Attached scsi generic sg1 type 0
[    9.215384] sd 2:0:1:0: [sdb] 20480 512-byte logical blocks: (10.5 MB/10.0 MiB)
[    9.215567] sd 2:0:1:0: [sdb] Write Protect is off
[    9.215675] sd 2:0:1:0: [sdb] Incomplete mode parameter data
[    9.215676] sd 2:0:1:0: [sdb] Assuming drive cache: write through
[    9.243854] sd 2:0:1:0: [sdb] Attached SCSI disk
[    9.322890] sd 2:0:0:0: [sda] Incomplete mode parameter data
[    9.330159] sd 2:0:0:0: [sda] Assuming drive cache: write through
[    9.418180]  sda: sda1
[    9.433201] sd 2:0:0:0: [sda] Attached SCSI disk
Begin: Loading essential drivers ... [   11.921580] md: linear personality registered for level -1
[   11.980315] md: multipath personality registered for level -4
[   12.008770] md: raid0 personality registered for level 0
[   12.057069] md: raid1 personality registered for level 1
[   12.188801] raid6: sse2x1   gen()  5505 MB/s
[   12.278799] raid6: sse2x1   xor()  5188 MB/s
[   12.358778] raid6: sse2x2   gen()  6676 MB/s
[   12.478794] raid6: sse2x2   xor()  6236 MB/s
[   12.557992] raid6: sse2x4   gen()  8826 MB/s
[   12.628826] raid6: sse2x4   xor()  6952 MB/s
[   12.640309] raid6: using algorithm sse2x4 gen() 8826 MB/s
[   12.642029] raid6: .... xor() 6952 MB/s, rmw enabled
[   12.643727] raid6: using ssse3x2 recovery algorithm
[   12.651968] xor: measuring software checksum speed
[   12.691547]    prefetch64-sse: 10853.000 MB/sec
[   12.746794]    generic_sse: 15147.000 MB/sec
[   12.750183] xor: using function: generic_sse (15147.000 MB/sec)
[   12.773167] async_tx: api initialized (async)
[   12.863193] md: raid6 personality registered for level 6
[   12.878324] md: raid5 personality registered for level 5
[   12.880483] md: raid4 personality registered for level 4
[   12.953557] md: raid10 personality registered for level 10
done.
Begin: Running /scripts/init-premount ... done.
Begin: Mounting root file system ... Begin: Running /scripts/local-top ... done.
Begin: Running /scripts/local-premount ... [   13.119878] Btrfs loaded
Scanning for Btrfs filesystems
done.
Warning: fsck not present, so skipping root file system
[   13.363377] EXT4-fs (sda1): mounted filesystem with ordered data mode. Opts: (null)
done.
Begin: Running /scripts/local-bottom ... done.
Begin: Running /scripts/init-bottom ... done.
[   14.230759] systemd[1]: systemd 229 running in system mode. (+PAM +AUDIT +SELINUX +IMA +APPARMOR +SMACK +SYSVINIT +UTMP +LIBCRYPTSETUP +GCRYPT +GNUTLS +ACL +XZ -LZ4 +SECCOMP +BLKID +ELFUTILS +KMOD -IDN)
[   14.241026] systemd[1]: Detected virtualization oracle.
[   14.430324] systemd[1]: Detected architecture x86-64.

Welcome to [1mUbuntu 16.04.6 LTS[0m!

[   14.508166] systemd[1]: Set hostname to <ubuntu>.
[   14.524324] systemd[1]: Initializing machine ID from random generator.
[   14.526504] systemd[1]: Installed transient /etc/machine-id file.
[   14.614984] random: nonblocking pool is initialized
[   15.604087] systemd[1]: Reached target User and Group Name Lookups.
[[0;32m  OK  [0m] Reached target User and Group Name Lookups.
[   15.615260] systemd[1]: Reached target Encrypted Volumes.
[[0;32m  OK  [0m] Reached target Encrypted Volumes.
[   15.624155] systemd[1]: Created slice System Slice.
[[0;32m  OK  [0m] Created slice System Slice.
[   15.633766] systemd[1]: Created slice system-serial\x2dgetty.slice.
[[0;32m  OK  [0m] Created slice system-serial\x2dgetty.slice.
[   15.638145] systemd[1]: Set up automount Arbitrary Executable File Formats File System Automount Point.
[[0;32m  OK  [0m] Set up automount Arbitrary Executab...ats File System Automount Point.
[   15.644451] systemd[1]: Reached target Swap.
[[0;32m  OK  [0m] Reached target Swap.
[   15.650992] systemd[1]: Listening on Journal Audit Socket.
[[0;32m  OK  [0m] Listening on Journal Audit Socket.
[   15.684315] systemd[1]: Listening on Device-mapper event daemon FIFOs.
[[0;32m  OK  [0m] Listening on Device-mapper event daemon FIFOs.
[   15.739978] systemd[1]: Listening on udev Control Socket.
[[0;32m  OK  [0m] Listening on udev Control Socket.
[   15.753383] systemd[1]: Listening on LVM2 metadata daemon socket.
[[0;32m  OK  [0m] Listening on LVM2 metadata daemon socket.
[   15.758481] systemd[1]: Listening on Syslog Socket.
[[0;32m  OK  [0m] Listening on Syslog Socket.
[   15.862891] systemd[1]: Started Trigger resolvconf update for networkd DNS.
[[0;32m  OK  [0m] Started Trigger resolvconf update for networkd DNS.
[   15.924367] systemd[1]: Created slice User and Session Slice.
[[0;32m  OK  [0m] Created slice User and Session Slice.
[   15.932133] systemd[1]: Reached target Slices.
[[0;32m  OK  [0m] Reached target Slices.
[   15.948096] systemd[1]: Listening on Journal Socket.
[[0;32m  OK  [0m] Listening on Journal Socket.
[   15.976608] systemd[1]: Starting Nameserver information manager...
         Starting Nameserver information manager...
[   15.995482] systemd[1]: Starting Uncomplicated firewall...
         Starting Uncomplicated firewall...
[   16.031229] systemd[1]: Starting Set console keymap...
         Starting Set console keymap...
[   16.136121] systemd[1]: Mounting Huge Pages File System...
         Mounting Huge Pages File System...
[   16.205293] systemd[1]: Starting Monitoring of LVM2 mirrors, snapshots etc. using dmeventd or progress polling...
         Starting Monitoring of LVM2 mirrors... dmeventd or progress polling...
[   16.279403] systemd[1]: Mounting Debug File System...
         Mounting Debug File System...
[   16.331760] systemd[1]: Mounting POSIX Message Queue File System...
         Mounting POSIX Message Queue File System...
[   16.387134] systemd[1]: Starting Load Kernel Modules...
         Starting Load Kernel Modules...
[   16.449761] systemd[1]: Starting Remount Root and Kernel File Systems...
         Starting Remount Root and Kernel File S[   16.503592] EXT4-fs (sda1): re-mounted. Opts: (null)
ystems...
[   16.544032] Loading iSCSI transport class v2.0-870.
[   16.546123] systemd[1]: Starting Create list of required static device nodes for the current kernel...
         Starting Create list of required st... nodes for the current kernel...
[   16.615410] systemd[1]: Reached target System Time Synchronized.
[[0;32m  OK  [0m] Reached target System Time Synchronized.
[   16.629845] systemd[1]: Started Forward Password Requests to Wall Directory Watch.
[[0;32m  OK  [0m] Started Forward Password Requests to Wall Directory Watch.
[   16.659281] systemd[1]: Listening on udev Kernel Socket.
[[0;32m  OK  [0m] Listening on udev Kernel Socket.
[   16.665662] systemd[1]: Listening on LVM2 poll daemon socket.
[[0;32m  OK  [0m] Listening on LVM2 poll daemon socket.
[   16.671911] iscsi: registered transport (tcp)
[   16.672148] systemd[1]: Listening on Journal Socket (/dev/log).
[[0;32m  OK  [0m] Listening on Journal Socket (/dev/log).
[   16.716986] systemd[1]: Starting Journal Service...
         Starting Journal Service...
[   16.752272] systemd[1]: Listening on /dev/initctl Compatibility Named Pipe.
[[0;32m  OK  [0m] Listening on /dev/initctl Compatibility Named Pipe.
[   16.798808] iscsi: registered transport (iser)
[   16.802856] systemd[1]: Mounted Debug File System.
[[0;32m  OK  [0m] Mounted Debug File System.
[   16.822212] systemd[1]: Mounted Huge Pages File System.
[[0;32m  OK  [0m] Mounted Huge Pages File System.
[   16.850707] systemd[1]: Mounted POSIX Message Queue File System.
[[0;32m  OK  [0m] Mounted POSIX Message Queue File System.
[   16.888503] systemd[1]: Started Uncomplicated firewall.
[[0;32m  OK  [0m] Started Uncomplicated firewall.
[   16.914626] systemd[1]: Started Set console keymap.
[[0;32m  OK  [0m] Started Set console keymap.
[   16.929983] systemd[1]: Started Load Kernel Modules.
[[0;32m  OK  [0m] Started Load Kernel Modules.
[   16.950309] systemd[1]: Started Remount Root and Kernel File Systems.
[[0;32m  OK  [0m] Started Remount Root and Kernel File Systems.
[   16.956981] systemd[1]: Started Create list of required static device nodes for the current kernel.
[[0;32m  OK  [0m] Started Create list of required sta...ce nodes for the current kernel.
[   16.980579] systemd[1]: Started Nameserver information manager.
[[0;32m  OK  [0m] Started Nameserver information manager.
[   17.021385] systemd[1]: Started Journal Service.
[[0;32m  OK  [0m] Started Journal Service.
[[0;32m  OK  [0m] Started LVM2 metadata daemon.
         Starting Create Static Device Nodes in /dev...
         Starting Flush Journal to Persistent Storage...
         Starting udev Coldplug all Devices...
         Starting Load/Save Random Seed...
         Mounting FUSE Control File System...
         Starting Apply Kernel Variables...
[[0;32m  OK  [0m] Started Monitoring of LVM2 mirrors,...ng dmeventd or progress polling.
[[0;32m  OK  [0m] Started Create Static Device Nodes in /dev.
[[0;32m  OK  [0m] Started Load/Save Random Seed.
[[0;32m  OK  [0m] Mounted FUSE Control File System.
[[0;32m  OK  [0m] Started Apply Kernel Variables.
[[0;32m  OK  [0m] Started Flush Journal to Persistent Storage.
         Starting udev Kernel Device Manager...
[[0;32m  OK  [0m] Reached target Local File Systems (Pre).
[[0;32m  OK  [0m] Reached target Local File Systems.
         Starting Create Volatile Files and Directories...
         Starting Commit a transient machine-id on disk...
         Starting Tell Plymouth To Write Out Runtime Data...
         Starting Set console font and keymap...
         Starting Initial cloud-init job (pre-networking)...
         Starting LSB: AppArmor initialization...
[[0;32m  OK  [0m] Started udev Coldplug all Devices.
[[0;32m  OK  [0m] Started Create Volatile Files and Directories.
[[0;32m  OK  [0m] Started Commit a transient machine-id on disk.
[[0;32m  OK  [0m] Started Tell Plymouth To Write Out Runtime Data.
[[0;32m  OK  [0m] Started udev Kernel Device Manager.
         Starting Update UTMP about System Boot/Shutdown...
[[0;32m  OK  [0m] Started Dispatch Password Requests to Console Directory Watch.
[[0;32m  OK  [0m] Started Update UTMP about System Boot/Shutdown.
[[0;32m  OK  [0m] Found device /dev/ttyS0.
[[0;32m  OK  [0m] Listening on Load/Save RF Kill Switch Status /dev/rfkill Watch.
[[0;32m  OK  [0m] Started LSB: AppArmor initialization.
[[0;32m  OK  [0m] Started Set console font and keymap.
[[0;32m  OK  [0m] Created slice system-getty.slice.
[   21.591858] cloud-init[482]: Cloud-init v. 19.1-1-gbaa47854-0ubuntu1~16.04.1 running 'init-local' at Thu, 22 Aug 2019 16:59:15 +0000. Up 19.76 seconds.
[[0;32m  OK  [0m] Started Initial cloud-init job (pre-networking).
[[0;32m  OK  [0m] Reached target Network (Pre).
         Starting Raise network interfaces...
[[0;32m  OK  [0m] Started Raise network interfaces.
[[0;32m  OK  [0m] Reached target Network.
         Starting Initial cloud-init job (metadata service crawler)...
[   27.535282] cloud-init[955]: Cloud-init v. 19.1-1-gbaa47854-0ubuntu1~16.04.1 running 'init' at Thu, 22 Aug 2019 16:59:20 +0000. Up 24.60 seconds.
[   27.655411] cloud-init[955]: ci-info: ++++++++++++++++++++++++++++++++++++++Net device info++++++++++++++++++++++++++++++++++++++
[   27.692713] cloud-init[955]: ci-info: +--------+------+----------------------------+---------------+--------+-------------------+
[   27.742761] cloud-init[955]: ci-info: | Device |  Up  |          Address           |      Mask     | Scope  |     Hw-Address    |
[[0;32m  OK  [0m] Started Initial cloud-init job (metadata service crawler).
[   27.800875] cloud-init[955]: ci-info: +--------+------+----------------------------+---------------+--------+-------------------+
[   27.865098] cloud-init[955]: ci-info: | enp0s3 | True |         10.0.2.15          | 255.255.255.0 | global | 02:52:2e:48:de:28 |
[[0;32m  OK  [0m] Reached target Network is Online.
[   27.867924] cloud-init[955]: ci-info: | enp0s3 | True | fe80::52:2eff:fe48:de28/64 |       .       |  link  | 02:52:2e:48:de:28 |
[   27.882980] cloud-init[955]: ci-info: |   lo   | True |         127.0.0.1          |   255.0.0.0   |  host  |         .         |
         Starting iSCSI initiator daemon (iscsid)...
[[0;32m  OK  [0m] Reached target System Initialization.
[[0;32m  OK  [0m] Listening on ACPID Listen Socket.
[   27.920890] cloud-init[955]: [[0;32m  OK  [0m] Listening on UUID daemon activation socket.
ci-info: |   lo   | True |          ::1/128           |       .       |  host  |         .         |
[   27.950685]          cloud-initStarting Socket activation for snappy daemon.[955]: 
ci-info: +--------+------+----------------------------+---------------+--------+-------------------+
[   27.965957] [cloud-init[0;32m  OK  [0m[955]: ] ci-info: +++++++++++++++++++++++++++Route IPv4 info++++++++++++++++++++++++++++Started Daily Cleanup of Temporary Directories.

[   27.966607] cloud-init[955]: ci-info: +-------+-------------+----------+---------------+-----------+-------+
[   27.975642] [cloud-init[0;32m  OK  [0m[955]: ] ci-info: | Route | Destination | Gateway  |    Genmask    | Interface | Flags |Listening on D-Bus System Message Bus Socket.

[   27.976532] cloud-init[955]: ci-info: +-------+-------------+----------+---------------+-----------+-------+
[   28.014590] cloud-init[955]: ci-info: |   0   |   0.0.0.0   | 10.0.2.2 |    0.0.0.0    |   enp0s3  |   UG  |
[   28.031253] [cloud-init[0;32m  OK  [0m[955]: ] ci-info: |   1   |   10.0.2.0  | 0.0.0.0  | 255.255.255.0 |   enp0s3  |   U   |Started ACPI Events Check.

[   28.031859] [[0;32m  OK  [0m] Reached target Paths.
cloud-init[955]: ci-info: +-------+-------------+----------+---------------+-----------+-------+
[   28.040357] cloud-init[955]: ci-info: +++++++++++++++++++Route IPv6 info+++++++++++++++++++
[   28.049465] cloud-init[955]: ci-info: +-------+-------------+---------+-----------+-------+
[   28.051770] cloud-init[955]: ci-info: | Route | Destination | Gateway | Interface | Flags |
[   28.055091] cloud-init[955]: ci-info: +-------+-------------+---------+-----------+-------+
[   28.057415] cloud-init[955]: ci-info: |   0   |  fe80::/64  |    ::   |   enp0s3  |   U   |
         Starting LXD - unix socket.
[[0;32m  OK  [0m] Started Daily apt download activities.
[   28.060857] cloud-init[955]: ci-info: |   4   |   ff00::/8  |    ::   |   enp0s3  |   U   |
[   28.078453] cloud-init[955]: ci-info: +-------+-------------+---------+-----------+-------+
[[0;32m  OK  [0m] Started Daily apt upgrade and clean activities.
[[0;32m  OK  [0m] Reached target Timers.
[[0;32m  OK  [0m] Reached target Cloud-config availability.
[   28.085914] cloud-init[955]: Generating public/private rsa key pair.
[   28.097455] cloud-init[955]: Your identification has been saved in /etc/ssh/ssh_host_rsa_key.
[   28.099708] cloud-init[955]: Your public key has been saved in /etc/ssh/ssh_host_rsa_key.pub.
[   28.102047] cloud-init[955]: The key fingerprint is:
[   28.116825] cloud-init[955]: SHA256:rWymtw+x2o1FxYutlTXfPg0tc2Y2+I5N4G5Eliy93f8 root@ubuntu-xenial
[   28.128724] cloud-init[955]: The key's randomart image is:
[   28.141171] cloud-init[955]: +---[RSA 2048]----+
[   28.150561] [cloud-init[0;32m  OK  [0m[955]: ] |                 |Listening on Socket activation for snappy daemon.

[   28.151201] cloud-init[955]: |           .     |[
[0;32m  OK  [0m] Listening on LXD - unix socket.
[   28.163634] cloud-init[955]: |            = +  |
[   28.169399] [[0;32m  OK  [0m] Started iSCSI initiator daemon (iscsid).
cloud-init[955]: |         . = X.+.|
[   28.183763] cloud-init[955]: |        S + Oo*.X|
[   28.188176] cloud-init[955]: |       . = o.oo@+|
[   28.190955] cloud-init[955]: |        B o .. ++|
[   28.194116] cloud-init[955]: |       *.=  ..= o|
[   28.196838] cloud-init[955]: |      o.+oo .o oE|
[   28.199819] cloud-init[955]: +----[SHA256]-----+
[   28.202959] cloud-init[955]: Generating public/private dsa key pair.
[   28.205928] cloud-init[955]: Your identification has been saved in /etc/ssh/ssh_host_dsa_key.
[   28.208278] cloud-init[955]: Your public key has been saved in /etc/ssh/ssh_host_dsa_key.pub.
[   28.213035] cloud-init[955]: The key fingerprint is:
         Starting Login to default iSCSI targets...
[[0;32m  OK  [0m] Reached target Sockets.
[[0;32m  OK  [0m] Reached target Basic System.
[   28.215786] cloud-init[955]: SHA256:07mfB6CGTsqLFuie2t5I97x9h3I/paskbCZDhmqp8vY root@ubuntu-xenial
         Starting LSB: Record successful boot for GRUB...
[   28.270933] cloud-init[955]: The key's randomart image is:
[   28.306258] cloud-init[955]: +---[DSA 1024]----+
[   28.308994] cloud-init[955]: |                 |
[   28.328526] cloud-init[955]: |                 |
[   28.331816] cloud-init[955]: |                 |
[   28.338311] cloud-init[955]: |     .   ...     |
[   28.342907] cloud-init[955]: | .  . o.S.o.     |
         Starting Pollinate to seed the pseudo random number generator...
[   28.371859] cloud-init[955]: |. .o oo.o. .. .  |
[   28.412778] cloud-init[955]: |. =o.+o.= o. +   |
[   28.419177] cloud-init[955]: |.*+=oo.*.o+.+..  |
[   28.433786] [cloud-init[0;32m  OK  [0m[955]: ] |*B*.E.+..+.+=+   |Started ACPI event daemon.

[   28.434422] cloud-init[955]: +----[SHA256]-----+
         Starting LXD - container startup/shutdown...
[   28.477078] cloud-init[955]: Generating public/private ecdsa key pair.
[   28.514626] cloud-init[955]: Your identification has been saved in /etc/ssh/ssh_host_ecdsa_key.
         Starting Login Service...
[   28.533210] cloud-init[955]: Your public key has been saved in /etc/ssh/ssh_host_ecdsa_key.pub.
[   28.609515] cloud-init[955]: The key fingerprint is:
[[0;32m  OK  [0m] Started FUSE filesystem for LXC.
[   28.648535] cloud-init[955]: SHA256:Usnzo90T/BjXPhZCVSBsNwQEqp2n/w7BNR2ABRhXdR0 root@ubuntu-xenial
         Starting Accounts Service...
[   28.714698] cloud-init[955]: The key's randomart image is:
[   28.741287] cloud-init[955]: +---[ECDSA 256]---+
[   28.775281] cloud-init[955]: |        .o+OB==E*|
         Starting LSB: MD monitoring daemon...
[   28.809565] cloud-init[955]: |       ..+. oo+o.|
[   28.886174] cloud-init[955]: |        *  .oo.. |
[   28.894092]          Starting Virtualbox guest utils...
         Starting /etc/rc.local Compatibility...
cloud-init[955]: |       + = o.. . |
[   29.009426] cloud-init[955]: |      o S * +....|
         Starting System Logging Service...
[   29.062396] cloud-init[955]: |       . = + *...|
[   29.140314] cloud-init[955]: |        o o + .o.|
[   29.173848] cloud-init[955]: |         . . .. .|
[[0;32m  OK  [0m] Started Deferred execution scheduler.
[   29.174457] cloud-init[955]: |          .oo    |
[   29.211945] cloud-init[955]: +----[SHA256]-----+
[   29.226633] cloud-init[955]: Generating public/private ed25519 key pair.
[   29.246963] cloud-init[955]: Your identification has been saved in /etc/ssh/ssh_host_ed25519_key.
[[0;32m  OK  [0m] Started Regular background program processing daemon.
[   29.318173] cloud-init[955]: Your public key has been saved in /etc/ssh/ssh_host_ed25519_key.pub.
[   29.411167] cloud-init[955]: The key fingerprint is:
[[0;32m  OK  [0m] Started D-Bus System Message Bus.
[   29.455125] cloud-init[955]: SHA256:AwIVqnoGV6pK2u6G04BCboJTGbFnl4OsQ8yUK8nvu8Y root@ubuntu-xenial
[   29.614073] cloud-init[955]: The key's randomart image is:
[   29.653746] cloud-init[955]: +--[ED25519 256]--+
[   29.664562] cloud-init[955]: |  ++o.           |
[   29.670824] cloud-init[955]: | +o= . .         |
[   29.677673] cloud-init[955]: |..*+B =          |
[   29.694366] cloud-init[955]: |o=+* o o         |
[   29.697258] cloud-init[955]: |Bo*     S        |
[   29.719199] cloud-init[955]: |O* o     .       |
[   29.744724] cloud-init[955]: |**=              |
[   29.747424] cloud-init[955]: |*+oE             |
[   29.753911] cloud-init[955]: |o==oo            |
[   29.794537] cloud-init[955]: +----[SHA256]-----+
         Starting Snappy daemon...
[[0;32m  OK  [0m] Started System Logging Service.
[[0;32m  OK  [0m] Started /etc/rc.local Compatibility.
[[0;32m  OK  [0m] Started LSB: Record successful boot for GRUB.
[[0;32m  OK  [0m] Started Login Service.
[[0;32m  OK  [0m] Started Unattended Upgrades Shutdown.
         Starting Authenticate and Authorize Users to Run Privileged Tasks...
[[0;32m  OK  [0m] Started Login to default iSCSI targets.
[[0;32m  OK  [0m] Reached target Remote File Systems (Pre).
[[0;32m  OK  [0m] Reached target Remote File Systems.
         Starting LSB: daemon to balance interrupts for SMP systems...
         Starting Permit User Sessions...
         Starting LSB: automatic crash report generation...
         Starting LSB: Set the CPU Frequency Scaling governor to "ondemand"...
[[0;32m  OK  [0m] Started LSB: MD monitoring daemon.
[[0;32m  OK  [0m] Started Permit User Sessions.
         Starting Terminate Plymouth Boot Screen...
         Starting Hold until boot process finishes up...
[[0;32m  OK  [0m] Started Authenticate and Authorize Users to Run Privileged Tasks.
[[0;32m  OK  [0m] Started Terminate Plymouth Boot Screen.
[[0;32m  OK  [0m] Started LXD - container startup/shutdown.
[[0;32m  OK  [0m] Started Hold until boot process finishes up.
[[0;32m  OK  [0m] Started Accounts Service.
[[0;32m  OK  [0m] Started Serial Getty on ttyS0.
[[0;32m  OK  [0m] Started Getty on tty1.
[[0;32m  OK  [0m] Reached target Login Prompts.
         Starting Set console scheme...
[[0;32m  OK  [0m] Started LSB: Set the CPU Frequency Scaling governor to "ondemand".
[[0;32m  OK  [0m] Started Virtualbox guest utils.
[[0;32m  OK  [0m] Started Set console scheme.
[[0;32m  OK  [0m] Started LSB: daemon to balance interrupts for SMP systems.
[[0;32m  OK  [0m] Started LSB: automatic crash report generation.
[[0;32m  OK  [0m] Started Pollinate to seed the pseudo random number generator.
         Starting OpenBSD Secure Shell server...
[[0;32m  OK  [0m] Started OpenBSD Secure Shell server.
[[0;32m  OK  [0m] Started Snappy daemon.
         Starting Wait until snapd is fully seeded...
[[0;32m  OK  [0m] Created slice User Slice of vagrant.
         Starting User Manager for UID 1000...
[[0;32m  OK  [0m] Started Session 1 of user vagrant.
[[0;32m  OK  [0m] Started User Manager for UID 1000.

Ubuntu 16.04.6 LTS ubuntu-xenial ttyS0

ubuntu-xenial login: [   40.089356] cloud-init[1410]: Generating locales (this might take a while)...
[   43.330848] cloud-init[1410]:   en_US.UTF-8... done
[   43.335797] cloud-init[1410]: Generation complete.
[   44.925696] cloud-init[1410]: Cloud-init v. 19.1-1-gbaa47854-0ubuntu1~16.04.1 running 'modules:config' at Thu, 22 Aug 2019 16:59:34 +0000. Up 39.26 seconds.
ci-info: no authorized ssh keys fingerprints found for user ubuntu.
<14>Aug 22 16:59:42 ec2: 
<14>Aug 22 16:59:42 ec2: #############################################################
<14>Aug 22 16:59:42 ec2: -----BEGIN SSH HOST KEY FINGERPRINTS-----
<14>Aug 22 16:59:42 ec2: 1024 SHA256:07mfB6CGTsqLFuie2t5I97x9h3I/paskbCZDhmqp8vY root@ubuntu-xenial (DSA)
<14>Aug 22 16:59:42 ec2: 256 SHA256:Usnzo90T/BjXPhZCVSBsNwQEqp2n/w7BNR2ABRhXdR0 root@ubuntu-xenial (ECDSA)
<14>Aug 22 16:59:42 ec2: 256 SHA256:AwIVqnoGV6pK2u6G04BCboJTGbFnl4OsQ8yUK8nvu8Y root@ubuntu-xenial (ED25519)
<14>Aug 22 16:59:42 ec2: 2048 SHA256:rWymtw+x2o1FxYutlTXfPg0tc2Y2+I5N4G5Eliy93f8 root@ubuntu-xenial (RSA)
<14>Aug 22 16:59:42 ec2: -----END SSH HOST KEY FINGERPRINTS-----
<14>Aug 22 16:59:42 ec2: #############################################################
-----BEGIN SSH HOST KEY KEYS-----
ecdsa-sha2-nistp256 AAAAE2VjZHNhLXNoYTItbmlzdHAyNTYAAAAIbmlzdHAyNTYAAABBBKT+4V7U3mNCtEvc6saYhrrSCMfQFNL/rfQlRfK9j9yPQJ8dkrUsbRtVCLLPeZgI84ZJMYUlM5QBgf1rCufxvDs= root@ubuntu-xenial
ssh-ed25519 AAAAC3NzaC1lZDI1NTE5AAAAICtNN4wecXVVpbzUIcXV4nPhMS172lhkA5oNlDIOmELr root@ubuntu-xenial
ssh-rsa AAAAB3NzaC1yc2EAAAADAQABAAABAQDjFTPe9++rQiXvbW/fe66QJ4CBFaPcyHl2MScePqZoD+pjIJb1XaoQykNJuw6CfEvftzbmd64vSkaWnzwCVnkEuiehi6ek8oVyNoUL17IpJKN19RSV+/Ahq4etInJy7MUx8AEjEEVEagsbt+MyKzJUHtrWWx5krFbMacSKZtByoWHnH4JCIMQk3rAfb1EKD/axDZt/lDapZ1OZftwZ7F5k5+7rYWZ+3a4cqjCcJCyhEtCqXWifMTXiSFmiV7Q2DcXHp9CxDHTJlui/Y/kaoybqrPkcFhJW6x0S7yginse6jeRmOIAUCuMTslISr+yTGFgMpN70RNeOg8TQGFYVbICP root@ubuntu-xenial
-----END SSH HOST KEY KEYS-----
[   47.338245] cloud-init[1566]: Cloud-init v. 19.1-1-gbaa47854-0ubuntu1~16.04.1 running 'modules:final' at Thu, 22 Aug 2019 16:59:42 +0000. Up 46.54 seconds.
[   47.340007] cloud-init[1566]: ci-info: no authorized ssh keys fingerprints found for user ubuntu.
[   47.340945] cloud-init[1566]: Cloud-init v. 19.1-1-gbaa47854-0ubuntu1~16.04.1 finished at Thu, 22 Aug 2019 16:59:42 +0000. Datasource DataSourceNoCloud [seed=/dev/sdb][dsmode=net].  Up 47.30 seconds
