[    0.000000] Initializing cgroup subsys cpuset
[    0.000000] Initializin cgroup subsys cpu
[    0.000000] Initializing cgroup subsys cpuacct
[    0.000000] Linux version 4.4.0-159-generic (buildd@lgw01-amd64-042) (gcc version 5.4.0 20160609 (Ubuntu 5.4.0-6ubuntu1~16.04.10) ) #187-Ubuntu SMP Thu Aug 1 16:28:06 UTC 2019 (Ubuntu 4.4.0-159.187-generic 4.4.185)
[    0.000000] Command line: BOOT_IMAGE=/boot/vmlinuz-4.4.0-159-generic root=LABEL=cloudimg-rootfs ro console=tty1 console=ttyS0
[    0.000000] KERNEL supported cpus:
[    0.000000]   Intel GenuineIntel
[    0.000000]   AMD AuthenticAMD
[    0.000000]   Centaur CentaurHauls
[    0.000000] x86/fpu: Legacy x87 FPU detected.
[    0.000000] e820: BIOS-provided physical RAM map:
[    0.000000] BIOS-e820: [mem 0x0000000000000000-0x000000000009fbff] usable
[    0.000000] BIOS-e820: [mem 0x000000000009fc00-0x000000000009ffff] reserved
[    0.000000] BIOS-e820: [mem 0x00000000000f0000-0x00000000000fffff] reserved
[    0.000000] BIOS-e820: [mem 0x0000000000100000-0x000000003ffeffff] usable
[    0.000000] BIOS-e820: [mem 0x000000003fff0000-0x000000003fffffff] ACPI data
[    0.000000] BIOS-e820: [mem 0x00000000fec00000-0x00000000fec00fff] reserved
[    0.000000] BIOS-e820: [mem 0x00000000fee00000-0x00000000fee00fff] reserved
[    0.000000] BIOS-e820: [mem 0x00000000fffc0000-0x00000000ffffffff] reserved
[    0.000000] NX (Execute Disable) protection: active
[    0.0000000] SMBIOS 2.5 present.
[    0.000000] Hypervisor detected: KVM
[    0.000000] e820: last_pfn = 0x3fff0 max_arch_pfn = 0x400000000
[    0.000000] MTRR: Disabled
[    0.000000] x86/PAT: MTRRs disabled, skipping PAT initialization too.
[    0.00000] PU MTRRs all blank - virtualized system.
[    0.000000] x86/PAT: Configuration [0-7]: WB  WT  UC- UC  WB  WT  UC- UC  
[    0.000000] found SMP MP-table at [mem 0x0009fff0-0x0009ffff] mapped at [ffff88000009fff0]
[    0.000000] Scanning 1 areas for low memory corruption
[    0.000000] RAMDISK: [mem 0x362f8000-0x37173fff]
[    0.000000] ACPI: Early table checksum verification disabled
[    0.000000] ACPI: RSDP 0x00000000000E0000 000024 (v02 VBOX  )
[    0.000000] ACPI: XSDT 0x000000003FFF0030 00003C (v01 VBOX   VBOXXSDT 00000001 ASL  00000061)
[    0.000000] ACPI: FACP 0x000000003FFF00F0 0000F4 (v04 VBOX   VBOXFACP 00000001 ASL  00000061)
[    0.000000] ACPI: DSDT 0x000000003FFF0470 0021FF (v02 VBOX   VBOXBIOS 00000002 INTL 20180105)
[    0.000000] ACPI: FACS 0x000000003FFF0200 000040
[    0.000000] ACPI: FACS 0x000000003FFF0200 000040
[    0.000000] ACPI: APIC 0x000000003FFF0240 00005C (02 VBOX   VBOXAPIC 00000001 ASL  00000061)
[    0.000000] ACPI: SSDT 0x000000003FFF02A0 0001CC (v01 VBOX   VBOXCPUT 00000002 INTL 20180105)
[    0.000000] No NUMA configuratin found
[    0.000000] Faking a node at [mem 0x0000000000000000-0x000000003fefff]
[    0.000000] NODE_DATA(0) allocated [me 0x3feb000-0x3ffeffff]
[    0.000000] kvm-clock: Using msrs 4b564d01 and 4b564d00
[    0.000000] kvm-clock: cpu 0, msr 0:3ffe3001, primary cpu clock
[    0.000000] kvm-clock: using sched offset of 5120596897 cycles
[    0.000000] clocksource: kvm-clock: mask: 0xffffffffffffffff max_cycles: 0x1cd42e4dffb, max_idle_ns: 881590591483 ns
[    0.000000] Zone ranges:
[    0.000000]   DMA      [mem 0x0000000000001000-0x0000000000ffffff]
[    0.000000]   DMA32    [mem 0x0000000001000000-0x000000003ffeffff]
[    0.000000]   Normal   empty
[    0.000000]   Device   empty
[    0.000000] Movable zone start for each node
[    0.000000] Early memory node ranges
[    0.000000]   node   0: [mem 0x0000000000001000-0x000000000009efff]
[    0.000000]   node   0: [mm 0x0000000000100000-0x000000003ffeffff]
[    0.000000] Initmem setup node 0 [mem 0x0000000000001000-0x000000003ffeffff]
[    0.000000] ACPI: PM-Timer IO Port: 0x4008
[    0.000000] IOAPIC[0]: apic_id 2, version 32, address 0xfec00000, GSI 0-23
[    0.000000] ACPI: INT_SRC_OVR (bus 0 bus_irq 0 global_irq 2 dfl dfl)
[    0.000000] ACPI: INT_SRC_OVR (bus 0 bus_irq 9 global_irq 9 low level)
[    0.000000] Using ACPI (MADT) for SMP configuration information
[    0.000000] smpboot: Allowing 2 CPUs, 0 hotplug CPUs
[    0.000000] PM: Registered nosave memory: [mem 0x00000000-0x00000fff]
[    0.000000] PM: Registered nosave memory: [mem 0x0009f000-0x0009ffff]
[    0.000000] PM: Registered nosave memory: [mem 0x000a0000-0x000effff]
[    0.000000] PM: Registered nosave memory: [mem 0x000f0000-0x000fffff]
[    0.000000] e820: [mem 0x40000000-0xfebfffff] available for PCI devices
[    0.000000] Booting paravirtualized kernel on KVM
[    0.000000] clocksource: refined-jiffies: mask: 0xffffffff max_cycles: 0xffffffff, max_idle_ns: 7645519600211568 ns
[    0.000000] setup_percpu: NR_CPUS:512 nr_cpumask_bits:512 nr_cpu_ids:2 nr_node_ids:1
[    0.000000] PERCPU: Embedded 34 pages/cpu @ffff88003fc00000 s99544 r8192 d31528 u1048576
[    0.000000] Built 1 zonelists in Node order, mobility grouping on.  Total pages: 257912
[    0.000000] Policy zone: DMA32
[    0.000000] Kernel command line: BOOT_IMAGE=/boot/vmlinuz-4.4.0-159-generic root=LABEL=cloudimg-rootfs ro console=tty1 console=ttyS0
[    0.000000] PID hash table entries: 4096 (order: 3, 32768 bytes)
[    0.000000] Memory: 997724K/1048120K available (8618K kernel code, 1335K rwdata, 4032K rodata, 1488K init, 1284K bss, 50396K reserved, 0K cma-reserved)
[    0.000000] SLUB: HWalign=64, Order=0-3, MinObjects=0, CPUs=2, Nodes=1
[    0.000000] Kernel/User page tables isolation enabled
[    0.000000] Hierarchical RCU implementation.
[    0.000000] 	Build-time adjustment of leaf fanout to 64.
[    0.000000] 	RCU restricting CPUs from NR_CPUS=512 to nr_cpu_ids=2.
[    0.000000] RCU: Adjusting geometry for rcu_fanout_leaf=64, nr_cpu_ids=2
[    0.000000] NR_IRQS:33024 nr_irqs:440 16
[    0.000000] Console: colour VGA+ 80x25
[    0.000000] console [tty1] enabled
[    0.000000] console [ttyS0] enabled
[    0.000000] tsc: Detected 2992.498 MHz processor
[    2.526372] Calibrating delay loop (skipped) preset value.. 5984.99 BogoMIPS (lpj=11969992)
[    2.529275] pid_max: default: 32768 minimum: 301
[    2.530809] ACPI: Core revision 20150930
[    2.533454] ACPI: 2 ACPI AML tables successfully acquired and loaded
[    2.535595] Security Framework initialized
[    2.537014] Yama: becoming mindful.
[    2.538387] AppArmor: AppArmor initialized
[    2.539958] Dentry cache hash table entries: 131072 (order: 8, 1048576 bytes)
[    2.542532] Inode-cache hash table entries: 65536 (order: 7, 524288 bytes)
[    2.544805] Mount-cache hash table entries: 2048 (order: 2, 16384 bytes)
[    2.546786] Mountpoint-cache hash table entries: 2048 (order: 2, 16384 bytes)
[    2.549627] Initializing cgroup subsys io
[    2.551032] Initializing cgroup subsys memory
[    2.552511] Initializing cgroup subsys devices
[    2.602238] Initializing cgroup subsys freezer
[    2.603744] Initializing cgroup subsys net_cls
[    2.605268] Initializing cgroup subsys perf_event
[    2.606844] Initializing cgroup subsys net_prio
[    2.664827] Initializing cgroup subsys hugetlb
[    2.720825] Initializing cgroup subsys pids
[    2.741072] mce: CPU supports 0 MCE banks
[    2.742577] Last level iTLB entries: 4KB 128, 2MB 4, 4MB 4
[    2.808652] Last level dTLB entries: 4KB 256, 2MB 0, 4MB 32, 1GB 0
[    2.810567] Spectre V1 : Mitigation: usercopy/swapgs barriers and __user pointer sanitization
[    2.819983] Spectre V2 : Mitigation: Full generic retpoline
[    2.821717] Spectre V2 : Spectre v2 / SpectreRSB mitigation: Filling RSB on context switch
[    2.829377] Speculative Store Bypass: Vulnerable
[    2.835236] MDS: Vulnerable: Clear CPU buffers attempted, no microcode
[    2.840888] Freeing SMP alternatives memory: 36K
[    2.849977] ftrace: allocating 32318 entries in 127 pages
[    2.919630] smpboot: APIC(0) Converting physical 0 to logical package 0
[    3.028923] smpboot: Max logical packages: 1
[    3.104349] x2apic enabled
[    3.106011] Switched APIC routing to physical x2apic.
[    3.110032] ..TIMER: vector=0x30 apic1=0 pin1=2 apic2=-1 pin2=-1
[    3.215821] smpboot: CPU0: Intel(R) Core(TM)2 Duo CPU     E8400  @ 3.00GHz (family: 0x6, model: 0x17, stepping: 0xa)
[    3.325205] Performance Events: unsupported p6 CPU model 23 no PMU driver, software events only.
[    3.427356] KVM setup paravirtual spinlock
[    3.475341] x86: Booting SMP configuration:
[    3.560821] .... node  #0, CPUs:      #1
[    3.623784] kvm-clock: cpu 1, msr 0:3ffe3041, secondary cpu clock
[    3.634672] mce: CPU supports 0 MCE banks
[    3.637843] x86: Booted up 1 node, 2 CPUs
[    3.639744] smpboot: Total of 2 processors activated (11969.99 BogoMIPS)
[    3.642328] devtmpfs: initialized
[    3.646034] evm: security.selinux
[    3.647285] evm: security.SMACK64
[    3.648521] evm: security.SMACK64EXEC
[    3.649855] evm: security.SMACK64TRANSMUTE
[    3.651268] evm: security.SMACK64MMAP
[    3.652587] evm: security.ima
[    3.653759] evm: security.capability
[    3.655253] clocksource: jiffies: mask: 0xffffffff max_cycles: 0xffffffff, max_idle_ns: 7645041785100000 ns
[    3.658393] futex hash table entries: 512 (order: 3, 32768 bytes)
[    3.660426] pinctrl core: initialized pinctrl subsystem
[    3.662255] RTC time: 16:30:24, date: 08/22/19
[    3.665257] NET: Registered protocol family 16
[    3.677931] cpuidle: using governor ladder
[    3.688894] cpuidle: using governor menu
[    3.690376] PCCT header not found.
[    3.691690] ACPI: bus type PCI registered
[    3.693099] acpiphp: ACPI Hot Plug PCI Controller Driver version: 0.5
[    3.695146] PCI: Using configuration type 1 for base access
[    3.712609] ACPI: Added _OSI(Module Device)
[    3.761892] ACPI: Added _OSI(Processor Device)
[    3.763381] ACPI: Added _OSI(3.0 _SCP Extensions)
[    3.778200] ACPI: Added _OSI(Processor Aggregator Device)
[    3.833137] ACPI: Executed 1 blocks of module-level executable AML code
[    3.838939] ACPI: Interpreter enabled
[    3.840778] ACPI: (supports S0 S5)
[    3.842526] ACPI: Using IOAPIC for interrupt routing
[    3.845006] PCI: Using host bridge windows from ACPI; if necessary, use "pci=nocrs" and report a bug
[    3.854049] ACPI: PCI Root Bridge [PCI0] (domain 0000 [bus 00-ff])
[    3.856785] acpi PNP0A03:00: _OSC: OS supports [ASPM ClockPM Segments MSI]
[    3.859871] acpi PNP0A03:00: _OSC: not requesting OS control; OS requires [ExtendedConfig ASPM ClockPM MSI]
[    3.864478] acpi PNP0A03:00: fail to add MMCONFIG information, can't access extended PCI configuration space under this bridge.
[    3.869838] PCI host bridge to bus 0000:00
[    3.871812] pci_bus 0000:00: root bus resource [io  0x0000-0x0cf7 window]
[    3.874726] pci_bus 0000:00: root bus resource [io  0x0d00-0xffff window]
[    3.877624] pci_bus 0000:00: root bus resource [mem 0x000a0000-0x000bffff window]
[    3.881214] pci_bus 0000:00: root bus resource [mem 0x40000000-0xfdffffff window]
[    3.884800] pci_bus 0000:00: root bus resource [bus 00-ff]
[    3.889412] pci 0000:00:01.1: legacy IDE quirk: reg 0x10: [io  0x01f0-0x01f7]
[    3.892425] pci 0000:00:01.1: legacy IDE quirk: reg 0x14: [io  0x03f6]
[    3.895258] pci 0000:00:01.1: legacy IDE quirk: reg 0x18: [io  0x0170-0x0177]
[    3.898574] pci 0000:00:01.1: legacy IDE quirk: reg 0x1c: [io  0x0376]
[    3.933398] pci 0000:00:07.0: quirk: [io  0x4000-0x403f] claimed by PIIX4 ACPI
[    3.938519] pci 0000:00:07.0: quirk: [io  0x4100-0x410f] claimed by PIIX4 SMB
[    3.948929] ACPI: PCI Interrupt Link [LNKA] (IRQs 5 9 10 *11)
[    3.954691] ACPI: PCI Interrupt Link [LNKB] (IRQs 5 9 *10 11)
[    3.957138] ACPI: PCI Interrupt Link [LNKC] (IRQs 5 *9 10 11)
[    3.981857] ACPI: PCI Interrupt Link [LNKD] (IRQs 5 9 10 *11)
[    3.984383] ACPI: Enabled 2 GPEs in block 00 to 07
[    3.992239] vgaarb: setting as boot device: PCI:0000:00:02.0
[    3.995090] vgaarb: device added: PCI:0000:00:02.0,decodes=io+mem,owns=io+mem,locks=none
[    3.997833] vgaarb: loaded
[    3.998955] vgaarb: bridge control possible 0000:00:02.0
[    4.001289] SCSI subsystem initialized
[    4.003080] ACPI: bus type USB registered
[    4.004541] usbcore: registered new interface driver usbfs
[    4.011615] usbcore: registered new interface driver hub
[    4.013364] usbcore: registered new device driver usb
[    4.015415] PCI: Using ACPI for IRQ routing
[    4.017558] NetLabel: Initializing
[    4.019001] NetLabel:  domain hash size = 128
[    4.020488] NetLabel:  protocols = UNLABELED CIPSOv4
[    4.022108] NetLabel:  unlabeled traffic allowed by default
[    4.033677] amd_nb: Cannot enumerate AMD northbridges
[    4.042552] clocksource: Switched to clocksource kvm-clock
[    4.058732] AppArmor: AppArmor Filesystem Enabled
[    4.074552] pnp: PnP ACPI init
[    4.076804] pnp: PnP ACPI: found 3 devices
[    4.089893] clocksource: acpi_pm: mask: 0xffffff max_cycles: 0xffffff, max_idle_ns: 2085701024 ns
[    4.093001] NET: Registered protocol family 2
[    4.095037] TCP established hash table entries: 8192 (order: 4, 65536 bytes)
[    4.097240] TCP bind hash table entries: 8192 (order: 5, 131072 bytes)
[    4.099314] TCP: Hash tables configured (established 8192 bind 8192)
[    4.101413] UDP hash table entries: 512 (order: 2, 16384 bytes)
[    4.103333] UDP-Lite hash table entries: 512 (order: 2, 16384 bytes)
[    4.105404] NET: Registered protocol family 1
[    4.106972] pci 0000:00:00.0: Limiting direct PCI/PCI transfers
[    4.108860] pci 0000:00:01.0: Activating ISA DMA hang workarounds
[    4.111032] Unpacking initramfs...
[  4.365070] Freeing initrd memory: 14832K
[    4.425213] clocksource: tsc: mask: 0xffffffffffffffff max_cycles: 0x2b2296bc2b9, max_idle_ns: 440795321505 ns
[    4.428401] platform rtc_cmos: registered platform RTC device (no PNP device found)
[    4.431133] Scanning for low memory corruption every 60 seconds

[    4.434101] audit: initializing netlink subsys (disabled)
[    4.445285] audit: type=2000 audit(1566491428.454:1): initialized
[    4.447570] Initialise system trusted keyring
[    4.449279] HugeTLB registered 2 MB page size, pre-allocated 0 pages
[    4.453272] zbud: loaded
[    4.454803] VFS: Disk quotas dquot_6.6.0
[    4.456256] VFS: Dquot-cache hash table entries: 512 (order 0, 4096 bytes)
[    4.458762] squashfs: version 4.0 (2009/01/31) Phillip Lougher
[    4.460993] fuse init (API version 7.23)
[    4.462647] Key type big_key registered
[    4.464047] Allocating IMA MOK and blacklist keyrings.
[    4.467005] Key type asymmetric registered
[    4.468449] Asymmetric key parser 'x509' registered
[    4.470098] Block layer SCSI generic (bsg) driver version 0.4 loaded (major 249)
[    4.569301] io scheduler noop registered
[    4.570736] io scheduler deadline registered (default)
[    4.597457] io scheduler cfq registered
[    4.599043] pci_hotplug: PCI Hot Plug PCI Core version: 0.5
[    4.600804] pciehp: PCI Express Hot Plug Controller Driver version: 0.4
[    4.603000] ACPI: AC Adapter [AC] (on-line)
[    4.604544] input: Power Button as /devices/LNXSYSTM:00/LNXPWRBN:00/input/input0
[    4.607190] ACPI: Power Button [PWRF]
[    4.608611] input: Sleep Button as /devices/LNXSYSTM:00/LNXSLPBN:00/input/input1
[    4.693792] ACPI: Sleep Button [SLPF]
[    4.700551] GHES: HEST is not enabled!
[    4.702096] Serial: 8250/16550 driver, 32 ports, IRQ sharing enabled
[    4.726967] 00:02: ttyS0 at I/O 0x3f8 (irq = 4, base_baud = 115200) is a 16550A
[    4.733337] Linux agpgart interface v0.103
[    4.737775] loop: module loaded
[    4.740112] scsi host0: ata_piix
[    4.741611] scsi host1: ata_piix
[    4.742987] ata1: PATA max UDMA/33 cmd 0x1f0 ctl 0x3f6 bmdma 0xd000 irq 14
[    4.745078] ata2: PATA max UDMA/33 cmd 0x170 ctl 0x376 bmdma 0xd008 irq 15
[    4.747328] libphy: Fixed MDIO Bus: probed
[    4.748878] tun: Universal TUN/TAP device driver, 1.6
[    4.750594] tun: (C) 1999-2004 Max Krasnyansky <maxk@qualcomm.com>
[    4.752639] PPP generic driver version 2.4.2
[    4.754311] ehci_hcd: USB 2.0 'Enhanced' Host Controller (EHCI) Driver
[    4.756397] ehci-pci: EHCI PCI platform driver
[    4.757963] ehci-platform: EHCI generic platform driver
[    4.800967] ohci_hcd: USB 1.1 'Open' Host Controller (OHCI) Driver
[    4.877703] ohci-pci: OHCI PCI platform driver
[    4.879338] ohci-platform: OHCI generic platform driver
[    4.927494] uhci_hcd: USB Universal Host Conoller Interfae driver
[    5.050038] i8042: PNP: PS/2 Controller [PNP0303:PS2K,PNP0f03:PS2M] at 0x60,0x64 irq 1,12
[    5.053526] serio: i8042 KBD port at 0x60,0x64 irq 1
[    5.055140] serio: i8042 AUX port at 0x60,0x64 irq 12

[    5.057073] mousedev: PS/2 mouse device common for all mice
[    5.059548] input: AT Translated Set 2 keyboard as /devices/platform/i8042/serio0/input/input2
[    5.062633] rtc_cmos rtc_cmos: rtc core: registered rtc_cmos as rtc0
[    5.064680] rtc_cmos rtc_cmos: alarms up to one day, 114 bytes nvram
[    5.066641] i2c /dev entries driver
[    5.083807] device-mapper: uevent: version 1.0.3
[    5.104226] device-mapper: ioctl: 4.34.0-ioctl (2015-10-28) initialised: dm-devel@redhat.com
[    5.124888] ledtrig-cpu: registered to indicate activity on CPUs
[    5.127553] NET: Registered protocol family 10
[    5.129493] NET: Registered protocol family 17
[    5.131072] Key type dns_resolver registered
[    5.132854] registered taskstats version 1
[    5.134320] Loading compiled-in X.509 certificates
[    5.215169] Loaded X.509 cert 'Build time autogenerated kernel key: d14182f9795b80ec340f636a5a08bf5817ccd8e7'
[    5.226083] zswap: loaded using pool lzo/zbud
[    5.246289] Key type trusted registered
[    5.272989] Key type encrypted registered
[    5.274461] AppArmor: AppArmor sha1 policy hashing enabled
[    5.276384] ima: No TPM chip found, activating TPM-bypass!
[    5.278173] ima: Allocated hash algorithm: sha1
[    5.279838] evm: HMAC attrs: 0x1
[    5.281483]   Magic number: 15:839:540
[    5.283009]  node: hash matches
[    5.284363] rtc_cmos rtc_cmos: setting system clock to 2019-08-22 16:30:26 UTC (1566491426)
[    5.305665] BIOS EDD facility v0.16 2004-Jun-25, 0 devices found
[    5.307653] EDD information not available.
[    5.314814] Freeing unused kernel memory: 1488K
[    5.326606] Write protecting the kernel read-only data: 14336k
[    5.342421] Freeing unused kernel memory: 1608K
[    5.344380] Freeing unused kernel memory: 64K
Loading, please wait...
starting version 229
[    5.505731] random: systemd-udevd: uninitialized urandom read (16 bytes read, 2 bits of entropy available)
[    5.512592] random: systemd-udevd: uninitialized urandom read (16 bytes read, 2 bits of entropy available)
[    5.515783] random: udevadm: uninitialized urandom read (16 bytes read, 2 bits of entropy available)
[    5.515905] random: udevadm: uninitialized urandom read (16 bytes read, 2 bits of entropy available)
[    5.527885] random: systemd-udevd: uninitialized urandom read (16 bytes read, 2 bits of entropy available)
[    5.532925] random: systemd-udevd: uninitialized urandom read (16 bytes read, 2 bits of entropy available)
[    5.565109] random: systemd-udevd: uninitialized urandom read (16 bytes read, 2 bits of entropy available)
[    5.570299] random: systemd-udevd: uninitialized urandom read (16 bytes read, 2 bits of entropy available)
[    5.575310] random: systemd-udevd: uninitialized urandom read (16 bytes read, 2 bits of entropy available)
[    5.589381] random: systemd-udevd: uninitialized urandom read (16 bytes read, 2 bits of entropy available)
[    5.914880] Fusion MPT base driver 3.04.20
[    5.917212] Copyright (c) 1999-2008 LSI Corporation
[    5.922636] e1000: Intel(R) PRO/1000 Network Driver - version 7.3.21-k8-NAPI
[    5.926118] e1000: Copyright (c) 1999-2006 Intel Corporation.
[    5.940402] Fusion MPT SPI Host driver 3.04.20
[    6.155214] input: ImExPS/2 Generic Explorer Mouse as /devices/platform/i8042/serio1/input/input4
[    6.518620] e1000 0000:00:03.0 eth0: (PCI:33MHz:32-bit) 02:52:2e:48:de:28
[    6.524947] e1000 0000:00:03.0 eth0: Intel(R) PRO/1000 Network Connection
[    6.528565] mptbase: ioc0: Initiating bringup
[    6.532282] e1000 0000:00:03.0 enp0s3: renamed from eth0
[    6.594962] ioc0: LSI53C1030 A0: Capabilities={Initiator}
[    6.764411] scsi host2: ioc0: LSI53C1030 A0, FwRev=00000000h, Ports=1, MaxQ=256, IRQ=20
[    6.879075] scsi 2:0:0:0: Direct-Access     VBOX     HARDDISK         1.0  PQ: 0 ANSI: 5
[    6.881820] scsi target2:0:0: Beginning Domain Validation
[    6.885363] scsi target2:0:0: Domain Validation skipping write tests
[    6.887266] scsi target2:0:0: Ending Domain Validation
[    6.894638] scsi target2:0:0: asynchronous
[    6.896709] scsi 2:0:1:0: Direct-Access     VBOX     HARDDISK         1.0  PQ: 0 ANSI: 5
[    6.914679] scsi target2:0:1: Beginning Domain Validation
[    6.917872] scsi target2:0:1: Domain Validation skipping write tests
[    6.919836] scsi target2:0:1: Ending Domain Validation
[    6.921537] scsi target2:0:1: asynchronous
[    6.930808] sd 2:0:0:0: [sda] 20971520 512-byte logical blocks: (10.7 GB/10.0 GiB)
[    6.933953] sd 2:0:0:0: Attached scsi generic sg0 type 0
[    6.936588] sd 2:0:0:0: [sda] Write Protect is off
[    6.939357] sd 2:0:0:0: [sda] Incomplete mode parameter data
[    6.941130] sd 2:0:0:0: [sda] Assuming drive cache: write through
[    6.943673] sd 2:0:1:0: [sdb] 20480 512-byte logical blocks: (10.5 MB/10.0 MiB)
[    6.969918] sd 2:0:1:0: Attached scsi generic sg1 type 0
[    6.973009] sd 2:0:1:0: [sdb] Write Protect is off
[    6.974993] sd 2:0:1:0: [sdb] Incomplete mode parameter data
[    6.977919] sd 2:0:1:0: [sdb] Assuming drive cache: write through
[    6.988856]  sda: sda1
[    6.991560] sd 2:0:0:0: [sda] Attached SCSI disk
[    7.016610] sd 2:0:1:0: [sdb] Attached SCSI disk
Begin: Loading essential drivers ... [    9.456276] md: linear personality registered for level -1
[    9.480667] md: multipath personality registered for level -4
[    9.512754] md: raid0 personality registered for level 0
[    9.542215] md: raid1 personality registered for level 1
[    9.646570] raid6: sse2x1   gen()  4798 MB/s
[    9.718568] raid6: sse2x1   xor()  4696 MB/s
[    9.786565] raid6: sse2x2   gen()  5638 MB/s
[    9.854564] raid6: sse2x2   xor()  6083 MB/s
[    9.922562] raid6: sse2x4   gen()  8705 MB/s
[    9.990568] raid6: sse2x4   xor()  6816 MB/s
[    9.992010] raid6: using algorithm sse2x4 gen() 8705 MB/s
[    9.993688] raid6: .... xor() 6816 MB/s, rmw enabled
[    9.996381] raid6: using ssse3x2 recovery algorithm
[   10.000073] xor: measuring software checksum speed
[   10.046568]    prefetch64-sse: 12025.000 MB/sec
[   10.090563]    generic_sse: 10668.000 MB/sec
[   10.092008] xor: using function: prefetch64-sse (12025.000 MB/sec)
[   10.097295] async_tx: api initialized (async)
[   10.139532] md: raid6 personality registered for level 6
[   10.142495] md: raid5 personality registered for level 5
[   10.145583] md: raid4 personality registered for level 4
[   10.217332] md: raid10 personality registered for level 10
done.
Begin: Running /scripts/init-premount ... done.
Begin: Mounting root file system ... Begin: Running /scripts/local-top ... done.
Begin: Running /scripts/local-premount ... [   10.380495] Btrfs loaded
Scanning for Btrfs filesystems
done.
Warning: fsck not present, so skipping root file system
[   10.786903] EXT4-fs (sda1): mounted filesystem with ordered data mode. Opts: (null)
done.
Begin: Running /scripts/local-bottom ... done.
Begin: Running /scripts/init-bottom ... done.
[   11.590233] systemd[1]: systemd 229 running in system mode. (+PAM +AUDIT +SELINUX +IMA +APPARMOR +SMACK +SYSVINIT +UTMP +LIBCRYPTSETUP +GCRYPT +GNUTLS +ACL +XZ -LZ4 +SECCOMP +BLKID +ELFUTILS +KMOD -IDN)
[   11.613175] systemd[1]: Detected virtualization oracle.
[   11.614878] systemd[1]: Detected architecture x86-64.

Welcome to [1mUbuntu 16.04.6 LTS[0m!

[   11.643962] systemd[1]: Set hostname to <ubuntu>.
[   11.665979] systemd[1]: Initializing machineID from random generator.

[   11.715343] systemd[1]: Installed transient /etc/machine-id file.
[   12.034708] random: nonblocking pool is initialized
[   12.818919] systemd[1]: Listening on udev Control Socket.
[[0;32m  OK  [0m] Listening on udev Control Socket.
[   12.82843] systemd[1]: Started Forward Password Requests to Wall Directory Watch.

[[0;32m  OK  [0m] Started Forward Password Requests to Wall Directory Watch.
[   12.927029] systemd[1]: Reached target Encrypted Volumes.
[[0;32m  OK  [0m] Reached target Encrypted Volumes.
[   12.950768] systemd[1]: Listening on udev Kernel Socket.
[[0;32m  OK  [0m] Listening on udev Kernel Socket.
[   12.954382] systemd[1]: Listening on LVM2 poll daemon socket.
[[0;32m  OK  [0m] Listening on LVM2 poll daemon socket.
[   13.072556] systemd[1]: Listening on LVM2 metadata daemon socket.
[[0;32m  OK  [0m] Listening on LVM2 metadata daemon socket.
[   13.076334] systemd[1]: Reached target Swap.
[[0;32m  OK  [0m] Reached target Swap.
[   13.079655] systemd[1]: Listening on Journal Socket (/dev/log).
[[0;32m  OK  [0m] Listening on Journal Socket (/dev/log).
[   13.090564] systemd[1]: Listening on Syslog Socket.
[[0;32m  OK  [0m] Listening on Syslog Socket.
[   13.200855] systemd[1]: Listening on Journal Socket.
[[0;32m  OK  [0m] Listening on Journal Socket.
[   13.204350] systemd[1]: Started Trigger resolvconf update for networkd DNS.
[[0;32m  OK  [0m] Started Trigger resolvconf update for networkd DNS.
[   13.208372] systemd[1]: Reached target User and Group Name Lookups.
[[0;32m  OK  [0m] Reached target User and Group Name Lookups.
[   13.212384] systemd[1]: Listening on Journal Audit Socket.
[[0;32m  OK  [0m] Listening on Journal Audit Socket.
[   13.253675] systemd[1]: Reached target System Time Synchronized.
[[0;32m  OK  [0m] Reached target System Time Synchronized.
[   13.258803] systemd[1]: Created slice User and Session Slice.
[[0;32m  OK  [0m] Created slice User and Session Slice.
[   13.262755] systemd[1]: Listening on Device-mapper event daemon FIFOs.
[[0;32m  OK  [0m] Listening on Device-mapper event daemon FIFOs.
[   13.391845] systemd[1]: Created slice System Slice.
[[0;32m  OK  [0m] Created slice System Slice.
[   13.423325] systemd[1]: Starting Nameserver information manager...
         Starting Nameserver information manager...
[   13.440589] systemd[1]: Starting Monitoring of LVM2 mirrors, snapshots etc. using dmeventd or progress polling...
         Starting Monitoring of LVM2 mirrors... dmeventd or progress polling...
[   13.481498] systemd[1]: Starting Create list of required static device nodes for the current kernel...
         Starting Create list of required st... nodes for the current kernel...
[   13.507441] systemd[1]: Starting Set console keymap...
         Starting Set console keymap...
[   13.520943] systemd[1]: Mounting POSIX Message Queue File System...
         Mounting POSIX Message Queue File System...
[   13.553709] systemd[1]: Starting Journal Service...
         Starting Journal Service...
[   13.687915] systemd[1]: Starting Load Kernel Modules...
         Starting Load Kernel Modules...
[   13.705025] systemd[1]: Mounting Huge Pages File System...
         Mounting Huge Pages File System...
[   13.740257] systemd[1]: Mounting Debug File System...
         Mounting Debug File System...
[   13.759564] systemd[1]: Starting Remount Root and Kernel File Systems...
         Starting Remount Root and Kernel File Systems...
[   13.783336] systemd[1]: Reached target Slices.
[[0;32m  OK  [0m] Reached target Slices.
[   13.802372] systemd[1]: Listening on /dev/initctl Compatibility Named Pipe.
[[0;32m  OK  [0m] Listening on /dev/initctl Compatibility Named Pipe.
[   13.847623] systemd[1]: Starting Uncomplicated firewall...
         Starting Uncomplicated firewall...
[   13.862101] systemd[1]: Set up automount Arbitrary Executable File Formats File System Automount Point.
[   13.873986] EXT4-fs (sda1): re-mounted. Opts: (null)
[[0;32m  OK  [0m] Set up automount Arbitrary Executab...ats File System Automount Point.
[   13.905530] systemd[1]: Created slice system-serial\x2dgetty.slice.
[[0;32m  OK  [0m] Created slice system-serial\x2dgetty.slice.
[   13.947877] Loading iSCSI transport class v2.0-870.
[   14.005823] systemd[1]: Mounted Debug File System.
[[0;32m  OK  [0m] Mounted Debug File System.
[   14.019058] systemd[1]: Mounted Huge Pages File System.
[[0;32m  OK  [0m] Mounted Huge Pages File System.
[   14.039589] systemd[1]: Mounted POSIX Message Queue File System.
[[0;32m  OK  [0m] Mounted POSIX Message Queue File System.
[   14.058102] systemd[1]: Started Journal Service.
[[0;32m  OK  [0m] Started Journal Service.
[   14.068923] iscsi: registered transport (tcp)
[[0;32m  OK  [0m] Started Create list of required sta...ce nodes for the current kernel.
[[0;32m  OK  [0m] Started Remount Root and Kernel File Systems.
[[0;32m  OK  [0m] Started Uncomplicated firewall.
[   14.211064] iscsi: registered transport (iser)
[[0;32m  OK  [0m] Started Nameserver information manager.
[[0;32m  OK  [0m] Started Load Kernel Modules.
[[0;32m  OK  [0m] Started Set console keymap.
[[0;32m  OK  [0m] Started LVM2 metadata daemon.
         Mounting FUSE Control File System...
         Starting Apply Kernel Variables...
         Starting udev Coldplug all Devices...
         Starting Load/Save Random Seed...
         Starting Create Static Device Nodes in /dev...
         Starting Flush Journal to Persistent Storage...
[[0;32m  OK  [0m] Mounted FUSE Control File System.
[[0;32m  OK  [0m] Started Apply Kernel Variables.
[[0;32m  OK  [0m] Started Load/Save Random Seed.
[[0;32m  OK  [0m] Started Monitoring of LVM2 mirrors,...ng dmeventd or progress polling.
[[0;32m  OK  [0m] Started Create Static Device Nodes in /dev.
[[0;32m  OK  [0m] Started Flush Journal to Persistent Storage.
         Starting udev Kernel Device Manager...
[[0;32m  OK  [0m] Reached target Local File Systems (Pre).
[[0;32m  OK  [0m] Reached target Local File Systems.
         Starting Create Volatile Files and Directories...
         Starting Set console font and keymap...
         Starting LSB: AppArmor initialization...
         Starting Initial cloud-init job (pre-networking)...
         Starting Commit a transient machine-id on disk...
         Starting Tell Plymouth To Write Out Runtime Data...
[[0;32m  OK  [0m] Started udev Kernel Device Manager.
[[0;32m  OK  [0m] Started Create Volatile Files and Directories.
[[0;32m  OK  [0m] Started udev Coldplug all Devices.
[[0;32m  OK  [0m] Started Commit a transient machine-id on disk.
[[0;32m  OK  [0m] Started Tell Plymouth To Write Out Runtime Data.
         Starting Update UTMP about System Boot/Shutdown...
[[0;32m  OK  [0m] Started Dispatch Password Requests to Console Directory Watch.
[[0;32m  OK  [0m] Started Update UTMP about System Boot/Shutdown.
[[0;32m  OK  [0m] Found device /dev/ttyS0.
[[0;32m  OK  [0m] Listening on Load/Save RF Kill Switch Status /dev/rfkill Watch.
[[0;32m  OK  [0m] Started LSB: AppArmor initialization.
[   18.927095] cloud-init[467]: Cloud-init v. 19.1-1-gbaa47854-0ubuntu1~16.04.1 running 'init-local' at Thu, 22 Aug 2019 16:30:41 +0000. Up 17.22 seconds.
[[0;32m  OK  [0m] Started Set console font and keymap.
[[0;32m  OK  [0m] Created slice system-getty.slice.
[[0;32m  OK  [0m] Started Initial cloud-init job (pre-networking).
[[0;32m  OK  [0m] Reached target Network (Pre).
         Starting Raise network interfaces...
[[0;32m  OK  [0m] Started Raise network interfaces.
[[0;32m  OK  [0m] Reached target Network.
         Starting Initial cloud-init job (metadata service crawler)...
[   25.405743] cloud-init[942]: Cloud-init v. 19.1-1-gbaa47854-0ubuntu1~16.04.1 running 'init' at Thu, 22 Aug 2019 16:30:46 +0000. Up 21.94 seconds.
[   25.429323] cloud-init[942]: ci-info: ++++++++++++++++++++++++++++++++++++++Net device info++++++++++++++++++++++++++++++++++++++
[   25.437582] cloud-init[942]: ci-info: +--------+------+----------------------------+---------------+--------+-------------------+
[   25.449030] cloud-init[942]: ci-info: | Device |  Up  |          Address           |      Mask     | Scope  |     Hw-Address    |
[   25.457642] cloud-init[942]: ci-info: +--------+------+----------------------------+---------------+--------+-------------------+
[   25.465287] cloud-init[942]: ci-info: | enp0s3 | True |         10.0.2.15          | 255.255.255.0 | global | 02:52:2e:48:de:28 |
[   25.474648] cloud-init[942]: ci-info: | enp0s3 | True | fe80::52:2eff:fe48:de28/64 |       .       |  link  | 02:52:2e:48:de:28 |
[   25.482610] cloud-init[942]: ci-info: |   lo   | True |         127.0.0.1          |   255.0.0.0   |  host  |         .         |
[   25.492214] cloud-init[942]: ci-info: |   lo   | True |          ::1/128           |       .       |  host  |         .         |
[   25.504717] cloud-init[942]: ci-info: +--------+------+----------------------------+---------------+--------+-------------------+
[   25.550555] cloud-init[942]: ci-info: +++++++++++++++++++++++++++Route IPv4 info++++++++++++++++++++++++++++
[   25.558428] cloud-init[942]: ci-info: +-------+-------------+----------+---------------+-----------+-------+
[   25.565313] cloud-init[942]: ci-info: | Route | Destination | Gateway  |    Genmask    | Interface | Flags |
[   25.572043] cloud-init[942]: ci-info: +-------+-------------+----------+---------------+-----------+-------+
[   25.580969] cloud-init[942]: ci-info: |   0   |   0.0.0.0   | 10.0.2.2 |    0.0.0.0    |   enp0s3  |   UG  |
[   25.588210] cloud-init[942]: ci-info: |   1   |   10.0.2.0  | 0.0.0.0  | 255.255.255.0 |   enp0s3  |   U   |
[   25.594934] cloud-init[942]: ci-info: +-------+-------------+----------+---------------+-----------+-------+
[   25.603858] cloud-init[942]: ci-info: +++++++++++++++++++Route IPv6 info+++++++++++++++++++
[   25.610283] cloud-init[942]: ci-info: +-------+-------------+---------+-----------+-------+
[   25.617167] cloud-init[942]: ci-info: | Route | Destination | Gateway | Interface | Flags |
[   25.633321] cloud-init[942]: ci-info: +-------+-------------+---------+-----------+-------+
[   25.646536] cloud-init[942]: ci-info: |   0   |  fe80::/64  |    ::   |   enp0s3  |   U   |
[   25.686997] cloud-init[942]: ci-info: |   4   |   ff00::/8  |    ::   |   enp0s3  |   U   |
[   25.695332] cloud-init[942]: ci-info: +-------+-------------+---------+-----------+-------+
[   25.702475] cloud-init[942]: Generating public/private rsa key pair.
[   25.707159] cloud-init[942]: Your identification has been saved in /etc/ssh/ssh_host_rsa_key.
[   25.712913] cloud-init[942]: Your public key has been saved in /etc/ssh/ssh_host_rsa_key.pub.
[   25.718816] cloud-init[942]: The key fingerprint is:
[   25.723952] cloud-init[942]: SHA256:/exXBfQ6f1QNUGtVNG0rG2uqZgwjX1Cmi2gN9Aj05PQ root@ubuntu-xenial
[   25.733194] cloud-init[942]: The key's randomart image is:
[   25.738612] cloud-init[942]: +---[RSA 2048]----+
[   25.744616] cloud-init[942]: |.. o        .++o*|
[   25.747602] cloud-init[942]: | .=..    o    .==|
[   25.759586] cloud-init[942]: |  oooE  +     oo=|
[   25.771792] cloud-init[942]: |   o . o .   + oo|
[   25.796890] cloud-init[942]: |    + . S .   B o|
[   25.813711] cloud-init[942]: |   o + + . o + +.|
[   25.819420] cloud-init[942]: |  .   o =   =  .o|
[   25.824784] cloud-init[942]: |       . + o  . .|
[   25.832289] cloud-init[942]: |        o.. ..   |
[   25.837748] cloud-init[942]: +----[SHA256]-----+
[   25.842474] cloud-init[942]: Generating public/private dsa key pair.
[   25.850387] cloud-init[942]: Your identification has been saved in /etc/ssh/ssh_host_dsa_key.
[   25.858973] cloud-init[942]: Your public key has been saved in /etc/ssh/ssh_host_dsa_key.pub.
[   25.864270] cloud-init[942]: The key fingerprint is:
[   25.867444] cloud-init[942]: SHA256:xUPTHeo0YNtxWuCdMaDnuclmCNcis+du2UkNSkF4KGk root@ubuntu-xenial
[[0;32m  OK  [0m] Started Initial cloud-init job (metadata service crawler).
[   25.949016] cloud-init[942]: The key's randomart image is:
[   26.100639] cloud-init[942]: +---[DSA 1024]----+
[[0;32m  OK  [0m] Reached target Network is Online.
[   26.101005] cloud-init[942]: |       . +*.++*. |
         Starting iSCSI initiator daemon (iscsid)...
[[0;32m  OK  [0m] Reached target Cloud-config availability.
[   26.259730] cloud-init[942]: |      E o+oB.B.+ |
[   26.328505] cloud-init[942]: |     . . .*.O o  |
[   26.350051] cloud-init[942]: |         ..B.o   |
[[0;32m  OK  [0m] Reached target System Initialization.
[   26.351325] [cloud-init[0;32m  OK  [0m[942]: ] |        S.o.=o   |Listening on D-Bus System Message Bus Socket.

[   26.377509] [cloud-init[0;32m  OK  [0m[942]: |         *.+.o.  |
] Started Daily Cleanup of Temporary Directories.
[   26.378194] [cloud-init[0;32m  OK  [0m[942]: ] |        . o+*.   |Listening on UUID daemon activation socket.

[   26.496813] cloud-init[942]: |         oooo    |
[   26.518865] cloud-init[942]: |         oo      |
[   26.545022] cloud-init[942]: +----[SHA256]-----+
         Starting Socket activation for snappy daemon.
[   26.600063] cloud-init[942]: Generating public/private ecdsa key pair.
[   26.698721] cloud-init[942]: Your identification has been saved in /etc/ssh/ssh_host_ecdsa_key.
[   26.776622] cloud-init[942]: Your public key has been saved in /etc/ssh/ssh_host_ecdsa_key.pub.
[   26.864096] cloud-init[942]: The key fingerprint is:
[   26.906094] cloud-init[942]: SHA256:sWlLHP+I/N1wRD+oxaQpq1tpR680sbbF0httJtNVhmo root@ubuntu-xenial
[[0;32m  OK  [0m] Started ACPI Events Check.
[[0;32m  OK  [0m] Reached target Paths.
[   26.981568] cloud-init[942]: The key's randomart image is:
[   27.000601] cloud-init[942]: +---[ECDSA 256]---+
[   27.052600] cloud-init[942]: |                 |
[   27.084546] cloud-init[942]: |               . |
[   27.085271] cloud-init[942]: |        o    .o o|
[   27.085509] cloud-init[942]: |       . *  =o.o.|
[   27.085730] cloud-init[942]: |        S..=E+..o|
[   27.085952] cloud-init[942]: |       + o=+O.o o|
[   27.086178] cloud-init[942]: |        +=.OoO.= |
[   27.086399] cloud-init[942]: |        +.+.*+B  |
[   27.086628] cloud-init[942]: |       o. .o...  |
[   27.086845] cloud-init[942]: +----[SHA256]-----+
[   27.087067] cloud-init[942]: Generating public/private ed25519 key pair.
[   27.087353] cloud-init[942]: Your identification has been saved in /etc/ssh/ssh_host_ed25519_key.
[   27.087582] cloud-init[942]: Your public key has been saved in /etc/ssh/ssh_host_ed25519_key.pub.
[   27.087813] cloud-init[942]: The key fingerprint is:
[[0;32m  OK  [0m] Listening on ACPID Listen Socket.
[   27.088929] cloud-init[942]: SHA256:PG9IzCuASo5lt2GlBVogUqSPm2XIS5+1qhFHV4sbeu0 root@ubuntu-xenial
[   27.444523] cloud-init[942]: The key's randomart image is:
[   27.486480] cloud-init[942]: +--[ED25519 256]--+
[   27.544601] cloud-init[942]: |oo+.o  .         |
[   27.571286] cloud-init[942]: |.o o .o .        |
[   27.652687] cloud-init[942]: |. .. +o.         |
[   27.704587] cloud-init[942]: |.+..o+++         |
         Starting LXD - unix socket.
[[0;32m  OK  [0m] Started Daily apt download activities.
[[0;32m  OK  [0m] Started Daily apt upgrade and clean activities.
[[0;32m  OK  [0m] Reached target Timers.
[   27.756345] cloud-init[942]: |o=Bo*+ .S        |
[   27.839239] cloud-init[942]: |=O=o++o. =       |
[   27.846566] [cloud-init[0;32m  OK  [0m[942]: ] |=+ o...Eo o      |Listening on Socket activation for snappy daemon.

[[0;32m  OK  [0m] Listening on LXD - unix socket.
[   27.847161] cloud-init[942]: |  . .  . .       |
[[0;32m  OK  [0m] Started iSCSI initiator daemon (iscsid).
[   28.001830] cloud-init[942]: | ...             |
[   28.008306] cloud-init[942]: +----[SHA256]-----+
         Starting Login to default iSCSI targets...
[[0;32m  OK  [0m] Reached target Sockets.
[[0;32m  OK  [0m] Reached target Basic System.
         Starting LXD - container startup/shutdown...
         Starting LSB: Record successful boot for GRUB...
         Starting /etc/rc.local Compatibility...
         Starting Virtualbox guest utils...
[[0;32m  OK  [0m] Started Regular background program processing daemon.
         Starting Accounts Service...
[[0;32m  OK  [0m] Started ACPI event daemon.
[[0;32m  OK  [0m] Started D-Bus System Message Bus.
         Starting Login Service...
[[0;32m  OK  [0m] Started FUSE filesystem for LXC.
         Starting System Logging Service...
         Starting LSB: MD monitoring daemon...
         Starting Pollinate to seed the pseudo random number generator...
[[0;32m  OK  [0m] Started Deferred execution scheduler.
         Starting Snappy daemon...
[[0;32m  OK  [0m] Started /etc/rc.local Compatibility.
[[0;32m  OK  [0m] Started System Logging Service.
[[0;32m  OK  [0m] Started Login to default iSCSI targets.
[[0;32m  OK  [0m] Started Login Service.
[[0;32m  OK  [0m] Started LSB: Record successful boot for GRUB.
[[0;32m  OK  [0m] Started Unattended Upgrades Shutdown.
         Starting Authenticate and Authorize Users to Run Privileged Tasks...
[[0;32m  OK  [0m] Reached target Remote File Systems (Pre).
[[0;32m  OK  [0m] Reached target Remote File Systems.
         Starting LSB: automatic crash report generation...
         Starting LSB: daemon to balance interrupts for SMP systems...
         Starting LSB: Set the CPU Frequency Scaling governor to "ondemand"...
         Starting Permit User Sessions...
[[0;32m  OK  [0m] Started LXD - container startup/shutdown.
[[0;32m  OK  [0m] Started Permit User Sessions.
[[0;32m  OK  [0m] Started LSB: MD monitoring daemon.
         Starting Hold until boot process finishes up...
         Starting Terminate Plymouth Boot Screen...
[[0;32m  OK  [0m] Started Authenticate and Authorize Users to Run Privileged Tasks.
[[0;32m  OK  [0m] Started Accounts Service.
[[0;32m  OK  [0m] Started Hold until boot process finishes up.
[[0;32m  OK  [0m] Started Terminate Plymouth Boot Screen.
[[0;32m  OK  [0m] Started Serial Getty on ttyS0.
[[0;32m  OK  [0m] Started Getty on tty1.
[[0;32m  OK  [0m] Reached target Login Prompts.
         Starting Set console scheme...
[[0;32m  OK  [0m] Started Set console scheme.
[[0;32m  OK  [0m] Started LSB: automatic crash report generation.
[[0;32m  OK  [0m] Started LSB: Set the CPU Frequency Scaling governor to "ondemand".
[[0;32m  OK  [0m] Started LSB: daemon to balance interrupts for SMP systems.
[[0;32m  OK  [0m] Started Virtualbox guest utils.
[[0;32m  OK  [0m] Started Snappy daemon.
         Starting Wait until snapd is fully seeded...
[[0;32m  OK  [0m] Started Pollinate to seed the pseudo random number generator.
         Starting OpenBSD Secure Shell server...
[[0;32m  OK  [0m] Started OpenBSD Secure Shell server.
[[0;32m  OK  [0m] Created slice User Slice of vagrant.
         Starting User Manager for UID 1000...
[[0;32m  OK  [0m] Started Session 1 of user vagrant.
[[0;32m  OK  [0m] Started User Manager for UID 1000.
[[0;32m  OK  [0m] Started Wait until snapd is fully seeded.
         Starting Apply the settings specified in cloud-config...
[[0;32m  OK  [0m] Reached target Multi-User System.
[[0;32m  OK  [0m] Reached target Graphical Interface.
         Starting Update UTMP about System Runlevel Changes...
[[0;32m  OK  [0m] Started Update UTMP about System Runlevel Changes.

Ubuntu 16.04.6 LTS ubuntu-xenial ttyS0

ubuntu-xenial login: [   39.058548] cloud-init[1344]: Generating locales (this might take a while)...
[   42.523277] cloud-init[1344]:   en_US.UTF-8... done
[   42.532061] cloud-init[1344]: Generation complete.
[   44.403571] cloud-init[1344]: Cloud-init v. 19.1-1-gbaa47854-0ubuntu1~16.04.1 running 'modules:config' at Thu, 22 Aug 2019 16:31:03 +0000. Up 38.40 seconds.
ci-info: no authorized ssh keys fingerprints found for user ubuntu.
<14>Aug 22 16:31:10 ec2: 
<14>Aug 22 16:31:10 ec2: #############################################################
<14>Aug 22 16:31:10 ec2: -----BEGIN SSH HOST KEY FINGERPRINTS-----
<14>Aug 22 16:31:10 ec2: 1024 SHA256:xUPTHeo0YNtxWuCdMaDnuclmCNcis+du2UkNSkF4KGk root@ubuntu-xenial (DSA)
<14>Aug 22 16:31:10 ec2: 256 SHA256:sWlLHP+I/N1wRD+oxaQpq1tpR680sbbF0httJtNVhmo root@ubuntu-xenial (ECDSA)
<14>Aug 22 16:31:10 ec2: 256 SHA256:PG9IzCuASo5lt2GlBVogUqSPm2XIS5+1qhFHV4sbeu0 root@ubuntu-xenial (ED25519)
<14>Aug 22 16:31:10 ec2: 2048 SHA256:/exXBfQ6f1QNUGtVNG0rG2uqZgwjX1Cmi2gN9Aj05PQ root@ubuntu-xenial (RSA)
<14>Aug 22 16:31:10 ec2: -----END SSH HOST KEY FINGERPRINTS-----
<14>Aug 22 16:31:10 ec2: #############################################################
-----BEGIN SSH HOST KEY KEYS-----
ecdsa-sha2-nistp256 AAAAE2VjZHNhLXNoYTItbmlzdHAyNTYAAAAIbmlzdHAyNTYAAABBBKgW+H4lSf64i267dBB3qTNOVjeyDLyTzf1LmxVQYtLTFznERhO2BR+OlLrLOYL7SxLAdCLzNVdyad3Rgqc5k7E= root@ubuntu-xenial
ssh-ed25519 AAAAC3NzaC1lZDI1NTE5AAAAIBTcLps4eKPjcH3IDfotBMtr9GXwNhgCLprbPFzhIvEQ root@ubuntu-xenial
ssh-rsa AAAAB3NzaC1yc2EAAAADAQABAAABAQDrU0cVUGMaXU/F5Ghjzbmz0ybBozFNDlqoMZ5tzJ4ZhnZULJl7Juq3RIVVw3XRlqXImtqMO/UL0KBqgcf0HkBFuX4sJ+l8BQT3A4tiiMRcvz8LIDoaJsDQNLpitE9HyaE2tqRbs87IZM46NMZ7Efv0QwvYJ7I+NuBAuko6AJHNht+EFbxnvDjhJkXXX30CAs1DHDPAVpRqhKn2Kl/yqllNGlvL+G3pEwNPqxp4p+RGqRAP5FNcmezsQb52CpI5dnKpgeiRkvOzeKn6eBc5w0f+3XctNC232t/H4LZbb+7nxqceGgab4rmnqhlTbinn+ymw8tWYv/XYXgtwnYZxQSIV root@ubuntu-xenial
-----END SSH HOST KEY KEYS-----
[   46.349087] cloud-init[1517]: Cloud-init v. 19.1-1-gbaa47854-0ubuntu1~16.04.1 running 'modules:final' at Thu, 22 Aug 2019 16:31:10 +0000. Up 45.52 seconds.
[   46.349745] cloud-init[1517]: ci-info: no authorized ssh keys fingerprints found for user ubuntu.
[   46.350390] cloud-init[1517]: Cloud-init v. 19.1-1-gbaa47854-0ubuntu1~16.04.1 finished at Thu, 22 Aug 2019 16:31:10 +0000. Datasource DataSourceNoCloud [seed=/dev/sdb][dsmode=net].  Up 46.23 seconds
