[  0.000000] Initializing cgroup subsys cpuset
[    0.000000] Initializing cgroup subsys cpu
[    0.000000] Initializing cgroup subsys cpuacct
[    0.000000] Linux version 4.4.0-159-generic (buildd@lgw01-amd64-042) (gcc version 5.4.0 20160609 (Ubuntu 5.4.0-6ubuntu1~16.04.10) ) #187-Ubuntu SMP Thu Aug 1 16::06 UTC 2019 (Ubuntu 4.4.0-159.187-generic 4.4.185)
[    0.000000] Command line: BOOT_IMAGE=/boot/vmlinuz-4.4.0-159-generic root=LABEL=cloudimg-rootfs ro console=tty1 console=ttyS0
[    0.000000] KERNEL supported cpus:
[    0.000000]   Intel GenuineIntel
[    0.000000]   AMD AuthenticAMD
[    0.000000]   Centaur CentaurHauls
[    0.000000] x86/fpu: Legacy x87 FPU detected.
[    0.000000] e820: BIOS-provided physical RAM map:
[    0.000000] BIOS-e820: [mem 0x0000000000000000-0x000000000009fbff] usable
[    0.000000] BIOS-e820: [mem 0x000000000009fc00-0x000000000009ffff] reserved
[    0.000000] BIOS-e820 [mem 0x00000000000f0000-0x0000000000fffff] reserved
[    0.000000] BIOS-e820: [mem 0x0000000000100000-0x000000003ffefff] usable
[    0.000000] BIOS-e820: [mem 0x000000003fff0000-0x000000003fffff] ACPI data
[    0.000000] BIOS-e20: [mm 0x00000000fec00000-0x00000000fec00fff] reserved
[    0.000000] BIOS-e820: [mem 0x00000000fee00000-0x00000000fee00fff] reserved
[    0.000000] BIO-e820: [mem 0x00000000fffc0000-0x00000000ffffffff] reserved
[    0.000000] NX (Execute Disable) protection: active
[    0.000000] SMBIOS 2.5 present.
[    0.00000] Hypervisor detected: KVM
[    0.000000] e820: last_pfn = 0x3fff0 max_arch_pfn = 0x400000000
[    0.000000] MTRR:Disaed
   0.000000] x86/PAT: MTRRs disabled, skipping PT initialization too.
[    0.000000] CPU MTRRs all blank - virtualized system.
[    0.000000] x86/PAT: Configuration 0-7]: WB  WT  UC- UC  WB  WT  UC- UC  
[    0.000000] found SMP MP-tabe at [mem 0x0009fff0-0x0009ffff] mapped at [ffff88000009fff0]
[    0.000000] Scanning 1 areas for low memory corruption
[    0.000000] RAMDISK: [mem 0x362f8000-0x37173fff]
[    0.000000] ACPI: Early table checksum verification disabled
[    0.000000] ACPI: RSDP 0x00000000000E0000 000024 (v02 VBOX  )
[    0.000000] ACPI: XSDT 0x000000003FFF0030 00003C (v01 VBOX   VBOXXSDT 00000001 ASL  00000061)
[    0.000000] ACPI: FACP 0x000000003FFF00F0 0000F4 (v04 VBOX   VBOXFACP 00000001 ASL  00000061)
[    0.000000] ACPI: DSDT 0x000000003FFF0470 0021FF (v02 VBOX   VBOXBIOS 00000002 INTL 20180105)
[    0.000000] ACPI: FACS 0x000000003FFF0200 00040
[    0.000000] ACPI: FACS 0x000000003FFF0200000040
[    0.000000] ACPI: APIC 0x000000003FFF0240 00005C (v02 VBOX   VBOXAPIC 00000001 ASL  00000061)
[    0.000000] ACPI: SSDT 0x000000003FFF02A0 0001CC (v01 VBOX   VBOXCPUT 00000002 INTL 20180105)
[    0.000000] No NUMA configuration found
[    0.000000] Faking a node at [mem 0x0000000000000000-0x000000003ffeffff]
[    0.000000] NODE_DATA(0) allocated [mem 03ffeb000-0x3ffeffff]
[    0.000000] kvm-clock: Using msrs 4b564d01 ad 4b564d00
[    0.000000] kvm-clock: cpu 0, msr 0:3ffe3001, primary cpu clok[    0.000000] kvm-clock: using sched offset of 12094377199 cycles
[   .000000] clocksource: kvm-clock: mask: 0xffffffffffffffff max_cycles: 0x1cd42e4dffb, max_idle_ns: 881590591483 ns
[    0.000000] Zone ranges:
[    0.000000]   DMA      [mem 0x0000000000001000-0x0000000000ffffff]
[    0.000000]   DMA32    [mem 0x0000000001000000-0x000000003ffeffff]
[    0.000000]   Normal   empty
[    0.00000]   Deice  epty
[    0.000000] Movable zone start for each node
[    0.000000] Early memory node ranges
[    0.00000]   node   0: [mem 0x0000000000001000-0x000000000009efff]
[    0.000000]   node   0: [mem 0x0000000000100000-0x000000003ffeffff]
[    0.000000] Initmem setup ode 0 [mem 0x0000000000001000-0x000000003ffeffff]
[    0.000000] ACPI: PM-Timer IO Port: 0x4008
[    0.000000] IOAPIC[0]: apic_id 2, version 32, address 0xfc00000, GSI 0-23
[    0.000000] ACPI: INT_SRC_OVR (bus 0 bus_irq 0 global_irq 2 dfl dfl)
[    0.000000] ACI: INT_SRC_OVR (bus 0 bus_irq 9 global_irq 9 low level)
[    0.000000] Using ACPI (MADT) for SMP configuration information
[    0.000000] smpboot: Allowing 2 CPUs, 0 hotplug CPUs
[   0.00000] PM: Registered nosae memoy: [mem 0x00000000-0x00000fff]
[    0.000000] PM: Registered nosave memory: [mem 0x0009f000-0x0009ffff]
[    0.000000] PM: Registered nosave memory:[mem 0x000a0000-0x000effff]
[   .000000] PM: Registered nosave memory [mem 0x000f0000-0x000fffff]
[    0.000000] e820: [mem 0x40000000-0xfebfffff] available for PCI devices
[    0.000000] Booting paravirtualized kernel on KVM
[    0.000000] clocksource: refined-jiffies: mask: 0xffffffff max_cycles: 0xffffffff, max_idle_ns: 7645519600211568 ns
[    0.000000] setup_percpu: NR_CPUS:512 nr_cpumask_bits:512 nr_cpids: nr_node_id:1
[    0.000000] PERCPU: Embedded 34 pages/cpu @ffff88003fc00000 s99544 r8192 d31528 u1048576
[    0.000000] Built 1 zonelists in Node order, mobility grouping on.  Total pages: 257912
[   0.000000] Policy zone: DMA32
[    0.000000] Kernel command line: BOOT_IMGE=/boot/vmlinuz-4.4.0-159-generic root=LABEL=clodimg-roofs ro console=tty1 console=ttyS0
[    0.000000] PID hash table entries: 4096 (order: 3, 32768 bytes)
[    0.000000] Memory: 997724K/1048120K available (8618K kernel code, 1335K rwdata, 4032K rodata, 1488K init, 1284K bss, 50396K reseved, 0K cma-reserved)
[    0.000000] SLUB: HWalign=64, Order=0-3, MnObjects=0, CPUs=2, Nods=1
[    0.000000] Kernel/User page tables isolation: enabled
[    0.000000] Hierarchical RCU implementation.
[    0.000000] 	Build-time adjustment of leaf fanout to 64.
[    0.000000] 	RCU restricting CPUs from NR_CPUS=512 to nr_cpu_ids=2.
[    0.000000] RCU: Adjusting geometry for rcu_fanout_leaf=64, nr_cpu_ids=2
[    0.000000] NR_IRQS:33024 nrirqs:440 16
[    0.000000] Console: colour VGA+ 80x25
[    0.000000] consol [tty1] enabled
[    0.000000] console [ttyS0] enabled
[    0.000000] tsc: Detected 2992.498 MHz processor
[    3.687004] Calibrating delay loop (skipped) preset value.. 5984.99 BogoMIPS (lpj=11969992)
[    3.825143] pid_max: default: 32768 minimum: 301
[    3.843418] ACPI: Core revision 20150930
[    3.883003] ACPI: 2 ACPI AML tables successfully acquired and loaded
[    3.902993] Security Framework initialized
[    3.904406] Yama: becoming mindful.
[    3.905828] AppArmor: AppArmor initialized
[    3.942149] Dentry cache hash table entries: 131072 (order: 8, 1048576 bytes)
[    3.944743] Inode-cache hash table entries: 65536 (order: 7, 524288 bytes)
[    4.035998] Mount-cache hash table entries: 2048 (order: 2, 16384 bytes)
[    4.050497] Mountpoint-cache hash table entries: 2048 (order: 2, 16384 bytes)
[    4.136667] Initializing cgroup subsys io
[    4.193997] Initializing cgroup subsys memory
[    4.195494] Initializing cgroup subsys devices
[    4.197171] Initializing cgroup subsys freezer
[    4.198669] Initializing cgroup subsys net_cls
[    4.200156] Initializing cgroup subsys perf_event
[    4.201818] Initializing cgroup subsys net_prio
[    4.269563] Initializing cgroup subsys hugetlb
[    4.277604] Initializing cgroup subsys pids
[    4.327522] mce: CPU supports 0 MCE banks
[    4.341897] Last level iTLB entries: 4KB 128, 2MB 4, 4MB 4
[    4.407587] Last level dTLB entries: 4KB 256, 2MB 0, 4MB 32, 1GB 0
[    4.454281] Spectre V1 : Mitigation: usercopy/swapgs barriers and __user pointer sanitization
[    4.471635] Spectre V2 : Mitigation: Full generic retpoline
[    4.473382] Spectre V2 : Spectre v2 / SpectreRSB mitigation: Filling RSB on context switch
[    4.574223] Speculative Store Bypass: Vulnerable
[    4.595070] MDS: Vulnerable: Clear CPU buffers attempted, no microcode
[    4.600697] Freeing SMP alternatives memory: 36K
[    4.609811] ftrace: allocating 32318 entries in 127 pages
[    4.745450] smpboot: APIC(0) Converting physical 0 to logical package 0
[    4.814484] smpboot: Max logical packages: 1
[    4.946432] x2apic enabled
[    4.948233] Switched APIC routing to physical x2apic.
[    4.952268] ..TIMER: vector=0x30 apic1=0 pin1=2 apic2=-1 pin2=-1
[    5.064857] smpboot: CPU0: Intel(R) Core(TM)2 Duo CPU     E8400  @ 3.00GHz (family: 0x6, model: 0x17, stepping: 0xa)
[    5.088664] Performance Events: unsupported p6 CPU model 23 no PMU driver, software events only.
[    5.205707] KVM setup paravirtual spinlock
[    5.281668] x86: Booting SMP configuration:
[    5.283098] .... node  #0, CPUs:      #1
[    5.321708] kvm-clock: cpu 1, msr 0:3ffe3041, secondary cpu clock
[    5.332118] mce: CPU supports 0 MCE banks
[    5.335313] x86: Booted up 1 node, 2 CPUs
[    5.337210] smpboot: Total of 2 processors activated (11969.99 BogoMIPS)
[    5.345171] devtmpfs: initialized
[    5.348899] evm: security.selinux
[    5.350155] evm: security.SMACK64
[    5.352602] evm: security.SMACK64EXEC
[    5.353935] evm: security.SMACK64TRANSMUTE
[    5.360707] evm: security.SMACK64MMAP
[    5.362059] evm: security.ima
[    5.363239] evm: security.capability
[    5.364755] clocksource: jiffies: mask: 0xffffffff max_cycles: 0xffffffff, max_idle_ns: 7645041785100000 ns
[    5.373257] futex hash table entries: 512 (order: 3, 32768 bytes)
[    5.376736] pinctrl core: initialized pinctrl subsystem
[    5.383946] RTC time: 17:43:43, date: 08/22/19
[    5.385845] NET: Registered protocol family 16
[    5.397628] cpuidle: using governor ladder
[    5.413610] cpuidle: using governor menu
[    5.415056] PCCT header not found.
[    5.416434] ACPI: bus type PCI registered
[    5.417860] acpiphp: ACPI Hot Plug PCI Controller Driver version: 0.5
[    5.446684] PCI: Using configuration type 1 for base access
[    5.462149] ACPI: Added _OSI(Module Device)
[    5.463580] ACPI: Added _OSI(Processor Device)
[    5.465078] ACPI: Added _OSI(3.0 _SCP Extensions)
[    5.466647] ACPI: Added _OSI(Processor Aggregator Device)
[    5.469218] ACPI: Executed 1 blocks of module-level executable AML code
[    5.484769] ACPI: Interpreter enabled
[    5.491452] ACPI: (supports S0 S5)
[    5.492789] ACPI: Using IOAPIC for interrupt routing
[    5.494603] PCI: Using host bridge windows from ACPI; if necessary, use "pci=nocrs" and report a bug
[    5.507467] ACPI: PCI Root Bridge [PCI0] (domain 0000 [bus 00-ff])
[    5.509346] acpi PNP0A03:00: _OSC: OS supports [ASPM ClockPM Segments MSI]
[    5.516961] acpi PNP0A03:00: _OSC: not requesting OS control; OS requires [ExtendedConfig ASPM ClockPM MSI]
[    5.525440] acpi PNP0A03:00: fail to add MMCONFIG information, can't access extended PCI configuration space under this bridge.
[    5.531860] PCI host bridge to bus 0000:00
[    5.533303] pci_bus 0000:00: root bus resource [io  0x0000-0x0cf7 window]
[    5.535284] pci_bus 0000:00: root bus resource [io  0x0d00-0xffff window]
[    5.551304] pci_bus 0000:00: root bus resource [mem 0x000a0000-0x000bffff window]
[    5.553921] pci_bus 0000:00: root bus resource [mem 0x40000000-0xfdffffff window]
[    5.562898] pci_bus 0000:00: root bus resource [bus 00-ff]
[    5.566745] pci 0000:00:01.1: legacy IDE quirk: reg 0x10: [io  0x01f0-0x01f7]
[    5.568813] pci 0000:00:01.1: legacy IDE quirk: reg 0x14: [io  0x03f6]
[    5.570745] pci 0000:00:01.1: legacy IDE quirk: reg 0x18: [io  0x0170-0x0177]
[    5.572806] pci 0000:00:01.1: legacy IDE quirk: reg 0x1c: [io  0x0376]
[    5.752726] pci 0000:00:07.0: quirk: [io  0x4000-0x403f] claimed by PIIX4 ACPI
[    5.768036] pci 0000:00:07.0: quirk: [io  0x4100-0x410f] claimed by PIIX4 SMB
[    5.778592] ACPI: PCI Interrupt Link [LNKA] (IRQs 5 9 10 *11)
[    5.782428] ACPI: PCI Interrupt Link [LNKB] (IRQs 5 9 *10 11)
[    5.790297] ACPI: PCI Interrupt Link [LNKC] (IRQs 5 *9 10 11)
[    5.818084] ACPI: PCI Interrupt Link [LNKD] (IRQs 5 9 10 *11)
[    5.824035] ACPI: Enabled 2 GPEs in block 00 to 07
[    5.826747] vgaarb: setting as boot device: PCI:0000:00:02.0
[    5.829940] vgaarb: device added: PCI:0000:00:02.0,decodes=io+mem,owns=io+mem,locks=none
[    5.843373] vgaarb: loaded
[    5.844527] vgaarb: bridge control possible 0000:00:02.0
[    5.857498] SCSI subsystem initialized
[    5.859313] ACPI: bus type USB registered
[    5.860777] usbcore: registered new interface driver usbfs
[    5.863614] usbcore: registered new interface driver hub
[    5.866860] usbcore: registered new device driver usb
[    5.868959] PCI: Using ACPI for IRQ routing
[    5.876461] NetLabel: Initializing
[    5.882912] NetLabel:  domain hash size = 128
[    5.889734] NetLabel:  protocols = UNLABELED CIPSOv4
[    5.891381] NetLabel:  unlabeled traffic allowed by default
[    5.893555] amd_nb: Cannot enumerate AMD northbridges
[    5.895306] clocksource: Switched to clocksource kvm-clock
[    5.911990] AppArmor: AppArmor Filesystem Enabled
[    5.918860] pnp: PnP ACPI init
[    5.921145] pnp: PnP ACPI: found 3 devices
[  5.934631] clocksource: pi_pm: mask: 0xffffff max_cycles: 0xffff, max_idle_ns: 2085701024 ns
[    6.126308] NET: Registered protocol family 2

[    6.130219] TCP established hash table entries: 8192 (order: 4, 65536 bytes)
[    6.134152] TCP bind hash table entries: 8192 (order: 5, 131072 bytes)
[    6.140832] TCP: Hash tables configured (established 8192 bind 8192)
[    6.143942] UDP hash table entries: 512 (order: 2, 16384 bytes)
[    6.147023] UDP-Lite hash table entries: 512 (order: 2, 16384 bytes)
[    6.151030] NET: Registered protocol family 1
[    6.153633] pci 0000:00:00.0: Limiting direct PCI/PCI transfers
[    6.156966] pci 0000:00:01.0: Activating ISA DMA hang workarounds
[    6.160652] Unpacking initramfs...
[  643733] Freeing itrd memory: 14832K
[    6.619942] closource: tsc: mask: 0xffffffffffffffff max_cycles: 0x2b2296bc2b9, max_idle_ns: 440795321505 ns
[    6.683479] platform rtc_cmos: registered platform RTC device (no PNP device found)
[    6.686195] Scanning for low memory corruption every 60 seconds

[    6.688858] audit: initializing netlink subsys (disabled)
[    6.690581] audit: type=2000 audit(1566495833.270:1): initialized
[    6.705743] Initialise system trusted keyring
[    6.748519] HugeTLB registered 2 MB page size, pre-allocated 0 pages
[   6.777310] zbud: loaded

[    6.812042] VFS: Disk quotas dquot_6.6.0
[    6.813686] VFS: Dquot-cache hash table entries: 512 (order 0, 4096 bytes)
[    6.816085] squashfs: version 4.0 (2009/01/31) Phillip Lougher
[    6.818512] fuse init (API version 7.23)
[    6.820282] Key type big_key regitered
[    6.879866] Allocating IMA MOK and blacklist keyrings.
[    6.900340] Key type asymmetric registered
[    6.962836] Asymmetric key parser 'x509' registered
[    7.003461] Block layer SCSI generic (bsg) driver version 0.4 loaded (major 249)
[    7.019143] io scheduler noop registered
[    7.035354] io scheduler deadline registered (default)
[    7.037313] io scheduler cfq registered
[    7.039093] pci_hotplug: PCI Hot Plug PCI Core version: 0.5
[    7.109632] pciehp: PCI Express Hot Plug Controller Driver version: 0.4
[    7.112000] ACPI: AC Adapter [AC] (on-line)
[    7.113599] input: Power Button as /devices/LNXSYSTM:00/LNXPWRBN:00/input/input0
[    7.206686] ACPI: Power Button [PWRF]
[    7.208214] input: Sleep Button as /devices/LNXSYSTM:00/LNXSLPBN:00/input/input1
[    7.221815] ACPI: Sleep Button [SLPF]
[    7.238982] GHES: HEST is not enabled!
[    7.246291] Serial: 8250/16550 driver, 32 ports, IRQ sharing enabled
[    7.279821] 00:02: ttyS0 at I/O 0x3f8 (irq = 4, base_baud = 115200) is a 16550A
[    7.297439] Linux agpgart interface v0.103
[    7.307026] loop: module loaded
[    7.311876] scsi host0: ata_piix
[    7.313374] scsi host1: ata_piix
[    7.314701] ata1: PATA max UDMA/33 cmd 0x1f0 ctl 0x3f6 bmdma 0xd000 irq 14
[    7.334048] ata2: PATA max UDMA/33 cmd 0x170 ctl 0x376 bmdma 0xd008 irq 15
[    7.344029] libphy: Fixed MDIO Bus: probed
[    7.357576] tun: Universal TUN/TAP device driver, 1.6
[    7.385073] tun: (C) 1999-2004 Max Krasnyansky <maxk@qualcomm.com>
[    7.442754] PPP generic driver version 2.4.2
[    7.451841] ehci_hcd: USB 2.0 'Enhanced' Host Controller (EHCI) Driver
[    7.453807] ehci-pci: EHCI PCI platform driver
[    7.455312] ehci-platform: EHCI generic platform driver
[    7.457033] ohci_hcd: USB 1.1 'Open' Host Controller (OHCI) Driver
[    7.458912] ohci-pci: OHCI PCI platform driver
[    7.465173] ohci-platform: OHCI generic platform driver
[    7.466853] uhci_hcd: USB Universal Host Controller Interface driver
[    7.468900] i8042: PNP: PS/2 Controller [PNP0303:PS2K,PNP0f03:PS2M] at 0x60,0x64 irq 1,12
[    7.539880] serio: i8042 KBD port at 0x60,0x64 irq 1
[    7.545551] serio: i8042 AUX port at 0x60,0x64 irq 12
[    7.582654] mousedev: PS/2 mouse device common for all mice
[    7.694947] rtc_cmos rtc_cmos: rtc core: registered rtc_cmos as rtc0
[    7.785395] rtc_cmos rtc_cmos: alarms up to one day, 114 bytes nvram
[    7.787426] i2c /dev entries driver
[    7.825072] input: AT Translated Set 2 keyboard as /devices/platform/i8042/serio0/input/input2
[    7.826077] device-mapper: uevent: version 1.0.3
[    7.855538] device-mapper: ioctl: 4.34.0-ioctl (2015-10-28) initialised: dm-devel@redhat.com
[    7.864053] ledtrig-cpu: registered to indicate activity on CPUs
[    7.866801] NET: Registered protocol family 10
[    7.868999] NET: Registered protocol family 17
[    7.870633] Key type dns_resolver registered
[    7.872979] registered taskstats version 1
[    7.874494] Loading compiled-in X.509 certificates
[    7.877169] Loaded X.509 cert 'Build time autogenerated kernel key: d14182f9795b80ec340f636a5a08bf5817ccd8e7'
[    7.885778] zswap: loaded using pool lzo/zbud
[    7.901583] Key type trusted registered
[    7.931026] Key type encrypted registered
[    7.932534] AppArmor: AppArmor sha1 policy hashing enabled
[    7.934364] ima: No TPM chip found, activating TPM-bypass!
[    7.936156] ima: Allocated hash algorithm: sha1
[    7.943092] evm: HMAC attrs: 0x1
[    7.945874]   Magic number: 15:154:745
[    7.948538] rtc_cmos rtc_cmos: setting system clock to 2019-08-22 17:43:46 UTC (1566495826)
[    7.963432] BIOS EDD facility v0.16 2004-Jun-25, 0 devices found
[    7.970495] EDD information not available.
[    7.977649] Freeing unused kernel memory: 1488K
[    7.991350] Write protecting the kernel read-only data: 14336k
[    8.013298] Freeing unused kernel memory: 1608K
[    8.016300] Freeing unused kernel memory: 64K
Loading, please wait...
starting version[    8.275408] random: systemd-udevd: uninitialized urandom read (16 bytes read, 3 bits of entropy available)
 229
[    8.285440] random: udevadm: uninitialized urandom read (16 bytes read, 3 bits of entropy available)
[    8.285541] random: udevadm: uninitialized urandom read (16 bytes read, 3 bits of entropy available)
[    8.304178] random: systemd-udevd: uninitialized urandom read (16 bytes read, 3 bits of entropy available)
[    8.309289] random: systemd-udevd: uninitialized urandom read (16 bytes read, 3 bits of entropy available)
[    8.314574] random: systemd-udevd: uninitialized urandom read (16 bytes read, 3 bits of entropy available)
[    8.340274] random: systemd-udevd: uninitialized urandom read (16 bytes read, 3 bits of entropy available)
[    8.345296] random: systemd-udevd: uninitialized urandom read (16 bytes read, 3 bits of entropy available)
[    8.350224] random: systemd-udevd: uninitialized urandom read (16 bytes read, 3 bits of entropy available)
[    8.366528] random: systemd-udevd: uninitialized urandom read (16 bytes read, 3 bits of entropy available)
[    8.676316] Fusion MPT base driver 3.04.20
[    8.678754] Copyright (c) 1999-2008 LSI Corporation
[    8.713157] e1000: Intel(R) PRO/1000 Network Driver - version 7.3.21-k8-NAPI
[    8.717286] e1000: Copyright (c) 1999-2006 Intel Corporation.
[    8.796298] Fusion MPT SPI Host driver 3.04.20
[    8.933862] input: ImExPS/2 Generic Explorer Mouse as /devices/platform/i8042/serio1/input/input4
[    9.272236] e1000 0000:00:03.0 eth0: (PCI:33MHz:32-bit) 02:52:2e:48:de:28
[    9.275988] e1000 0000:00:03.0 eth0: Intel(R) PRO/1000 Network Connection
[    9.297235] mptbase: ioc0: Initiating bringup
[    9.300065] e1000 0000:00:03.0 enp0s3: renamed from eth0
[    9.367851] ioc0: LSI53C1030 A0: Capabilities={Initiator}
[    9.576100] scsi host2: ioc0: LSI53C1030 A0, FwRev=00000000h, Ports=1, MaxQ=256, IRQ=20
[    9.716045] scsi 2:0:0:0: Direct-Access     VBOX     HARDDISK         1.0  PQ: 0 ANSI: 5
[    9.727400] scsi target2:0:0: Beginning Domain Validation
[    9.973150] scsi target2:0:0: Domain Validation skipping write tests
[    9.985816] scsi target2:0:0: Ending Domain Validation
[    9.987603] scsi target2:0:0: asynchronous
[   10.002556] scsi 2:0:1:0: Direct-Access     VBOX     HARDDISK         1.0  PQ: 0 ANSI: 5
[   10.016202] scsi target2:0:1: Beginning Domain Validation
[   10.019644] scsi target2:0:1: Domain Validation skipping write tests
[   10.021581] scsi target2:0:1: Ending Domain Validation
[   10.045612] scsi target2:0:1: asynchronous
[   10.056472] sd 2:0:0:0: [sda] 20971520 512-byte logical blocks: (10.7 GB/10.0 GiB)
[   10.096116] sd 2:0:0:0: [sda] Write Protect is off
[   10.115607] sd 2:0:0:0: Attached scsi generic sg0 type 0
[   10.117620] sd 2:0:0:0: [sda] Incomplete mode parameter data
[   10.119957] sd 2:0:1:0: Attached scsi generic sg1 type 0
[   10.120421] sd 2:0:1:0: [sdb] 20480 512-byte logical blocks: (10.5 MB/10.0 MiB)
[   10.120841] sd 2:0:1:0: [sdb] Write Protect is off
[   10.120952] sd 2:0:1:0: [sdb] Incomplete mode parameter data
[   10.120953] sd 2:0:1:0: [sdb] Assuming drive cache: write through
[   10.205353] sd 2:0:0:0: [sda] Assuming drive cache: write through
[   10.409928]  sda: sda1
[   10.412118] sd 2:0:1:0: [sdb] Attached SCSI disk
[   10.490562] sd 2:0:0:0: [sda] Attached SCSI disk
Begin: Loading essential drivers ... [   14.079755] md: linear personality registered for level -1
[   14.109011] md: multipath personality registered for level -4
[   14.137365] md: raid0 personality registered for level 0
[   14.171373] md: raid1 personality registered for level 1
[   14.273942] raid6: sse2x1   gen()  5239 MB/s
[   14.373326] raid6: sse2x1   xor()  4798 MB/s
[   14.493938] raid6: sse2x2   gen()  7430 MB/s
[   14.603433] raid6: sse2x2   xor()  5079 MB/s
[   14.699925] raid6: sse2x4   gen()  8105 MB/s
[   14.900359] raid6: sse2x4   xor()  6467 MB/s
[   14.915471] raid6: using algorithm sse2x4 gen() 8105 MB/s
[   14.935205] raid6: .... xor() 6467 MB/s, rmw enabled
[   14.936936] raid6: using ssse3x2 recovery algorithm
[   14.943748] xor: measuring software checksum speed
[   14.983306]    prefetch64-sse: 11371.000 MB/sec
[   15.027304]    generic_sse: 10164.000 MB/sec
[   15.028833] xor: using function: prefetch64-sse (11371.000 MB/sec)
[   15.032784] async_tx: api initialized (async)
[   15.071646] md: raid6 personality registered for level 6
[   15.074651] md: raid5 personality registered for level 5
[   15.077854] md: raid4 personality registered for level 4
[   15.155439] md: raid10 personality registered for level 10
done.
Begin: Running /scripts/init-premount ... done.
Begin: Mounting root file system ... Begin: Running /scripts/local-top ... done.
Begin: Running /scripts/local-premount ... [   15.413127] Btrfs loaded
Scanning for Btrfs filesystems
done.
[   15.687321] random: nonblocking pool is initialized
Warning: fsck not present, so skipping root file system
[   15.842139] EXT4-fs (sda1): mounted filesystem with ordered data mode. Opts: (null)
done.
Begin: Running /scripts/local-bottom ... done.
Begin: Running /scripts/init-bottom ... done.
[   16.776534] systemd[1]: systemd 229 running in system mode. (+PAM +AUDIT +SELINUX +IMA +APPARMOR +SMACK +SYSVINIT +UTMP +LIBCRYPTSETUP +GCRYPT +GNUTLS +ACL +XZ -LZ4 +SECCOMP +BLKID +ELFUTILS +KMOD -IDN)
[   16.835740] systemd[1]: Detected virtualization oracle.
[   16.838805] systemd[1]: Detected architecture x86-64.

Welcome to [1mUbuntu 16.04.6 LTS[0m!

[   16.891184] systemd[1]: Set hostname to <ubuntu>.
[   16.942033] systemd[1]: Initializing machine ID from random generator.
[   16.955415] systemd[1]: Installed transient /etc/machine-id file.
[   18.340401] systemd[1]: Listening on LVM2 poll daemon socket.
[[0;32m  OK  [0m] Listening on LVM2 poll daemon socket.
[   18.351336] systemd[1]: Listening on Journal Socket.
[[0;32m  OK  [0m] Listening on Journal Socket.
[   18.355652] systemd[1]: Listening on udev Kernel Socket.
[[0;32m  OK  [0m] Listening on udev Kernel Socket.
[   18.365416] systemd[1]: Created slice User and Session Slice.
[[0;32m  OK  [0m] Created slice User and Session Slice.
[   18.383692] systemd[1]: Listening on Journal Socket (/dev/log).
[[0;32m  OK  [0m] Listening on Journal Socket (/dev/log).
[   18.388281] systemd[1]: Listening on udev Control Socket.
[[0;32m  OK  [0m] Listening on udev Control Socket.
[   18.392609] systemd[1]: Reached target User and Group Name Lookups.
[[0;32m  OK  [0m] Reached target User and Group Name Lookups.
[   18.397186] systemd[1]: Reached target System Time Synchronized.
[[0;32m  OK  [0m] Reached target System Time Synchronized.
[   18.416697] systemd[1]: Listening on /dev/initctl Compatibility Named Pipe.
[[0;32m  OK  [0m] Listening on /dev/initctl Compatibility Named Pipe.
[   18.472593] systemd[1]: Created slice System Slice.
[[0;32m  OK  [0m] Created slice System Slice.
[   18.589318] systemd[1]: Starting Uncomplicated firewall...
         Starting Uncomplicated firewall...
[   18.600283] systemd[1]: Starting Nameserver information manager...
         Starting Nameserver information manager...
[   18.607915] systemd[1]: Reached target Slices.
[[0;32m  OK  [0m] Reached target Slices.
[   18.621189] systemd[1]: Mounting POSIX Message Queue File System...
         Mounting POSIX Message Queue File System...
[   18.633376] systemd[1]: Created slice system-serial\x2dgetty.slice.
[[0;32m  OK  [0m] Created slice system-serial\x2dgetty.slice.
[   18.655892] systemd[1]: Mounting Huge Pages File System...
         Mounting Huge Pages File System...
[   18.666343] systemd[1]: Starting Set console keymap...
         Starting Set console keymap...
[   18.679928] systemd[1]: Starting Remount Root and Kernel File Systems...
         Starting Remount Root and Kernel File Systems...
[   18.689413] systemd[1]: Started Forward Password Requests to Wall Directory Watch.
[[0;32m  OK  [0m] Started Forward Password Requests to Wall Directory Watch.
[  18.934135] EXT4-fs (sda1): re-mounted. Opts: (null)
[   19.429439] systemd[1]: Starting Load Kernel Modules...
         Starting Load Kernel Modules...
[   19.457945] systemd[1]: Reached target Encrypted Volumes.
[[0;32m  OK  [0m] Reached target Encrypted Volumes.
[   19.478632] systemd[1]: Listening on LVM2 metadata daemon socket.
[[0;32m  OK  [0m] Listening on LVM2 metadata daemon socket.
[   19.484738] systemd[1]: Listening on Journal Audit Socket.
[[0;32m  OK  [0m] Listening on Journal Audit Socket.
[   19.508270] systemd[1]: Listening on Device-mapper event daemon FIFOs.
[[0;32m  OK  [0m] Listening on Device-mapper event daemon FIFOs.
[   19.532479] systemd[1]: Starting Monitoring of LVM2 mirrors, snapshots etc. using dmeventd or progress polling...
         Starting Monitoring of LVM2 mirrors... dmeventd or progress polling...
[   19.548005] systemd[1]: Started Trigger resolvconf update for networkd DNS.
[[0;32m  OK  [0m] Started Trigger resolvconf update for networkd DNS.
[   19.555447] systemd[1]: Set up automount Arbitrary Executable File Formats File System Automount Point.
[[0;32m  OK  [0m] Set up automount Arbitrary Executab...ats File System Automount Point.
[   19.780552] systemd[1]: Starting Create list of required static device nodes for the current kernel...
         Starting Create list of required st... nodes for the current kernel...
[   19.810557] systemd[1]: Listening on Syslog Socket.
[[0;32m  OK  [0m] Listening on Syslog Socket.
[   19.821199] systemd[1]: Starting Journal Service...
         Starting Journal Service...
[   19.828291] systemd[1]: Reached target Swap.
[[0;32m  OK  [0m] Reached target Swap.
[   19.845843] systemd[1]: Mounting Debug File System...
         Mounting Debug File System...
[   19.866262] systemd[1]: Mounted Huge Pages File System.
[[0;32m  OK  [0m] Mounted Huge Pages File System.
[   19.888852] systemd[1]: Mounted POSIX Message Queue File System.
[[0;32m  OK  [0m] Mounted POSIX Message Queue File System.
[   19.905570] systemd[1]: Mounted Debug File System.
[[0;32m  OK  [0m] Mounted Debug File System.[   19.918507] Loading iSCSI transport class v2.0-870.

[   19.927862] systemd[1]: Started Uncomplicated firewall.
[[0;32m  OK  [0m] Started Uncomplicated firewall.
[   19.965047] systemd[1]: Started Remount Root and Kernel File Systems.
[[0;32m  OK  [0m] Started Remount Root and Kernel File Systems.
[   19.985242] systemd[1]: Started Create list of required static device nodes for the current kernel.
[[0;32m  OK  [0m] Started Create list of required sta...ce nodes for the current kernel.
[   20.042860] iscsi: registered transport (tcp)
[   20.110094] systemd[1]: Started Nameserver information manager.
[[0;32m  OK  [0m] Started Nameserver information manager.
[   20.347162] systemd[1]: Started Set console keymap.
[[0;32m  OK  [0m] Started Set console keymap.
[   20.444755] systemd[1]: Starting Create Static Device Nodes in /dev...
         Starting Create Static Device Nodes in /dev...
[   20.470665] systemd[1]: Starting Load/Save Random Seed...
         Starting Load/Save Random Seed...
[   20.569603] systemd[1]: Starting udev Coldplug all Devices...
         Starting udev Coldplug all Devices...
[   20.634965] systemd[1]: Started Journal Service.
[[0;32m  OK  [0m] Started Journal Service.
         Starting Flush Journal to Persistent Storage...
[[0;32m  OK  [0m] Started Load/Save Random Seed.
[[0;32m  OK  [0m] Started LVM2 metadata daemon.
[   21.183487] systemd-journald[381]: Received request to flush runtime journal from PID 1
[   21.191124] iscsi: registered transport (iser)
[[0;32m  OK  [0m] Started Load Kernel Modules.
         Mounting FUSE Control File System...
         Starting Apply Kernel Variables...
[[0;32m  OK  [0m] Started Flush Journal to Persistent Storage.
[[0;32m  OK  [0m] Mounted FUSE Control File System.
[[0;32m  OK  [0m] Started Create Static Device Nodes in /dev.
         Starting udev Kernel Device Manager...
[[0;32m  OK  [0m] Started udev Coldplug all Devices.
[[0;32m  OK  [0m] Started Monitoring of LVM2 mirrors,...ng dmeventd or progress polling.
[[0;32m  OK  [0m] Reached target Local File Systems (Pre).
[[0;32m  OK  [0m] Reached target Local File Systems.
         Starting Initial cloud-init job (pre-networking)...
         Starting Set console font and keymap...
         Starting Create Volatile Files and Directories...
         Starting Commit a transient machine-id on disk...
         Starting LSB: AppArmor initialization...
         Starting Tell Plymouth To Write Out Runtime Data...
[[0;32m  OK  [0m] Started Commit a transient machine-id on disk.
[[0;32m  OK  [0m] Started Apply Kernel Variables.
[[0;32m  OK  [0m] Started Tell Plymouth To Write Out Runtime Data.
[[0;32m  OK  [0m] Started Create Volatile Files and Directories.
         Starting Update UTMP about System Boot/Shutdown...
[[0;32m  OK  [0m] Started Update UTMP about System Boot/Shutdown.
[[0;32m  OK  [0m] Started udev Kernel Device Manager.
[[0;32m  OK  [0m] Started Dispatch Password Requests to Console Directory Watch.
[[0;32m  OK  [0m] Found device /dev/ttyS0.
[[0;32m  OK  [0m] Listening on Load/Save RF Kill Switch Status /dev/rfkill Watch.
[[0;32m  OK  [0m] Started LSB: AppArmor initialization.
[[0;32m  OK  [0m] Started Set console font and keymap.
[[0;32m  OK  [0m] Created slice system-getty.slice.
[   34.571885] cloud-init[448]: Cloud-init v. 19.1-1-gbaa47854-0ubuntu1~16.04.1 running 'init-local' at Thu, 22 Aug 2019 17:44:16 +0000. Up 32.44 seconds.
[[0;32m  OK  [0m] Started Initial cloud-init job (pre-networking).
[[0;32m  OK  [0m] Reached target Network (Pre).
         Starting Raise network interfaces...
[[0;32m  OK  [0m] Started Raise network interfaces.
         Starting Initial cloud-init job (metadata service crawler)...
[[0;32m  OK  [0m] Reached target Network.
[   47.081451] cloud-init[958]: Cloud-init v. 19.1-1-gbaa47854-0ubuntu1~16.04.1 running 'init' at Thu, 22 Aug 2019 17:44:24 +0000. Up 40.25 seconds.
[   47.294555] cloud-init[958]: ci-info: ++++++++++++++++++++++++++++++++++++++Net device info++++++++++++++++++++++++++++++++++++++
[   47.331810] cloud-init[958]: ci-info: +--------+------+----------------------------+---------------+--------+-------------------+
[   47.365399] cloud-init[958]: ci-info: | Device |  Up  |          Address           |      Mask     | Scope  |     Hw-Address    |
[[0;32m  OK  [0m] Started Initial cloud-init job (metadata service crawler).
[[0;32m  OK  [0m[   47.378944] cloud-init[958]: ci-info: +--------+------+----------------------------+---------------+--------+-------------------+] Reached target Cloud-config availability.
[[0;32m  OK  [0m] Reached target Network is Online.

[   47.462652] cloud-init[958]: ci-info: | enp0s3 | True |         10.0.2.15          | 255.255.255.0 | global | 02:52:2e:48:de:28 |
         Starting iSCSI initiator daemon (iscsid)...
[[0;32m  OK  [0m] Reached target System Initialization.
[   47.559015] cloud-init[958]: ci-info: | enp0s3 | True | fe80::52:2eff:fe48:de28/64 |       .       |  link  | 02:52:2e:48:de:28 |
[[0;32m  OK  [0m] Started Daily apt download activities.
[   47.662495] cloud-init[958]: ci-info: |   lo   | True |         127.0.0.1          |   255.0.0.0   |  host  |         .         |
[[0;32m  OK  [0m] Listening on UUID daemon activation socket.
[[0;32m  OK  [0m] Started Daily Cleanup of Temporary Directories.
[   47.760171] cloud-init[958]: ci-info: |   lo   | True |          ::1/128           |       .       |  host  |         .         |
[   47.805765] cloud-init[958]: ci-info: +--------+------+----------------------------+---------------+--------+-------------------+
[   47.807786] cloud-init[958]: ci-info: +++++++++++++++++++++++++++Route IPv4 info++++++++++++++++++++++++++++
         Starting LXD - unix socket.
[   47.808350] cloud-init[958]: ci-info: +-------+-------------+----------+---------------+-----------+-------+
         Starting Socket activation for snappy daemon.
[[0;32m  OK  [0m] Listening on D-Bus System Message Bus Socket.
[   47.847028] cloud-init[958]: ci-info: | Route | Destination | Gateway  |    Genmask    | Interface | Flags |
[[0;32m  OK  [0m] Listening on ACPID Listen Socket.
[   47.862510] cloud-init[958]: ci-info: +-------+-------------+----------+---------------+-----------+-------+
[[0;32m  OK  [0m] Started Daily apt upgrade and clean activities.
[   47.869509] cloud-init[958]: ci-info: |   0   |   0.0.0.0   | 10.0.2.2 |    0.0.0.0    |   enp0s3  |   UG  |
[   48.334659] cloud-init[958]: ci-info: |   1   |   10.0.2.0  | 0.0.0.0  | 255.255.255.0 |   enp0s3  |   U   |[[0;32m  OK  [0m] Reached target Timers.

[   48.338744] cloud-init[958]: ci-info: +-------+-------------+----------+---------------+-----------+-------+
[   48.341562] cloud-init[958]: ci-info: +++++++++++++++++++Route IPv6 info+++++++++++++++++++
[   48.357309] cloud-init[958]: ci-info: +-------+-------------+---------+-----------+-------+
[[0;32m  OK  [0m] Started ACPI Events Check.
[[0;32m  OK  [0m] Reached target Paths.
[   48.375171] cloud-init[958]: ci-info: | Route | Destination | Gateway | Interface | Flags |
[   48.385373] cloud-init[958]: ci-info: +-------+-------------+---------+-----------+-------+
[   48.390062] cloud-init[958]: ci-info: |   0   |  fe80::/64  |    ::   |   enp0s3  |   U   |
[   48.396451] cloud-init[958]: ci-info: |   4   |   ff00::/8  |    ::   |   enp0s3  |   U   |
[[0;32m  OK  [0m] Listening on LXD - unix socket.
[[0;32m  OK  [0m] Listening on Socket activation for snappy daemon.[   48.417038] cloud-init[958]: ci-info: +-------+-------------+---------+-----------+-------+

[[0;32m  OK  [0m] Started iSCSI initiator daemon (iscsid).[   48.489567] cloud-init[958]: 
Generating public/private rsa key pair.
[   48.509517] cloud-init[958]: Your identification has been saved in /etc/ssh/ssh_host_rsa_key.
[   48.518865] cloud-init[958]: Your public key has been saved in /etc/ssh/ssh_host_rsa_key.pub.
[   48.526380] cloud-init[958]: The key fingerprint is:
[   48.540320] cloud-init[958]: SHA256:ac4rqT7ZCGns5IIF0AQue6JaoSbH6uuhTBkb2S8r+os root@ubuntu-xenial
[   48.547351] cloud-init[958]: The key's randomart image is:
[   48.553524] cloud-init[958]: +---[RSA 2048]----+
[   48.559988] cloud-init[958]: |.+.              |
[   48.567022] cloud-init[958]: |o .              |
[   48.573300] cloud-init[958]: |o.               |
[   48.601543] cloud-init[958]: |o.o      .       |
[   48.611574] cloud-init[958]: |o*oo    S        |
[   48.613580] cloud-init[958]: |.=%..  +         |
[   48.613817] cloud-init[958]: |=%+o = .o        |
[   48.614047] cloud-init[958]: |X*+ * +  .       |
[   48.614334] cloud-init[958]: |EB=+oo ..        |
[   48.614568] cloud-init[958]: +----[SHA256]-----+
[   48.614803] cloud-init[958]: Generating public/private dsa key pair.
[   48.615035] cloud-init[958]: Your identification has been saved in /etc/ssh/ssh_host_dsa_key.
[   48.615268] cloud-init[958]: Your public key has been saved in /etc/ssh/ssh_host_dsa_key.pub.
[   48.615499] cloud-init[958]: The key fingerprint is:
[   48.615740] cloud-init[958]: SHA256:Im6+VulVa55oedT53OJkGpJJ6vUy2dXUU9/XZr7Cd6U root@ubuntu-xenial
[   48.615975] cloud-init[958]: The key's randomart image is:
[   48.616247] cloud-init[958]: +---[DSA 1024]----+
[   48.616489] cloud-init[958]: |                 |
[   48.616720] cloud-init[958]: |                .|
[   48.616968] cloud-init[958]: |                *|
[   48.617202] cloud-init[958]: |          .    .X|
[   48.617448] cloud-init[958]: |    . ..S..o . *o|
[   48.617691] cloud-init[958]: |   . .o..o+oo . +|
[   48.617924] cloud-init[958]: |    oo ..*=+o+ooo|
[   48.618159] cloud-init[958]: |   o. ..+.Bo.BEoo|
[   48.618398] cloud-init[958]: |   .o. ... oo.+..|
         Starting Login to default iSCSI targets...
[   48.625520] cloud-init[958]: +----[SHA256]-----+
[   48.956958] [[0;32m  OK  [0m] Reached target Sockets.
[[0;32m  OK  [0m] Reached target Basic System.
cloud-init[958]: Generating public/private ecdsa key pair.
[   48.975803] cloud-init[958]: Your identification has been saved in /etc/ssh/ssh_host_ecdsa_key.
[   48.983042] cloud-init[958]: Your public key has been saved in /etc/ssh/ssh_host_ecdsa_key.pub.
         Starting Virtualbox guest utils...
[   48.988204] cloud-init[958]: The key fingerprint is:
[   49.037922] cloud-init[958]: SHA256:1OMXUpVkkrZkmQkfELEseZ6r1XvtfOjhVZMNtRafq9g root@ubuntu-xenial
[   49.038195] cloud-init[958]: The key's randomart image is:
[   49.038482] cloud-init[958]: +---[ECDSA 256]---+
[   49.038974] cloud-init[958]: |          ==+B+o.|
[   49.039210] cloud-init[958]: |         + +O+..=|
[   49.039474] cloud-init[958]: |        + B+o..+.|
[   49.039708] cloud-init[958]: |       . = +....+|
[   49.039941] cloud-init[958]: |        S + .  +o|
[   49.040185] cloud-init[958]: |           +o . o|
[   49.040414] cloud-init[958]: |          o..E.o.|
[   49.040651] cloud-init[958]: |         o   oo+o|
[[0;32m  OK  [0m] Started D-Bus System Message Bus.
[   49.055033] cloud-init[958]: |        .   .oo.+|
[   49.203145] cloud-init[958]: +----[SHA256]-----+
[   49.207948] cloud-init[958]: Generating public/private ed25519 key pair.
[   49.226920] cloud-init[958]: Your identification has been saved in /etc/ssh/ssh_host_ed25519_key.
[   49.237749]          Starting Snappy daemon...
cloud-init[958]: Your public key has been saved in /etc/ssh/ssh_host_ed25519_key.pub.
[[0;32m  OK  [0m] Started Regular background program processing daemon.
[   49.318655] cloud-init[958]: The key fingerprint is:
[   49.341391] cloud-init[958]: SHA256:3nNI3u89BnH+IHey2rshVjcVz6s8SSJBi4pi12ZrGQg root@ubuntu-xenial
[   49.349450] cloud-init[958]: The key's randomart image is:
[   49.352952] cloud-init[958]: +--[ED25519 256]--+
[   49.354967] cloud-init[958]: |         .     . |
[   49.384687] cloud-init[958]: |        o .    .o|
[   49.425665] cloud-init[958]: | E     . o      +|
[   49.429540] cloud-init[958]: |  . + .   .  . .o|
[   49.440396] cloud-init[958]: | o + *  S... .=o.|
[   49.448558] cloud-init[958]: |. o o +. +.o=o*oo|
[   49.456720] cloud-init[958]: |     +  . = =Bo=.|
[   49.472656] [cloud-init[0;32m  OK  [0m[958]: ] |    .      + +o=.|Started ACPI event daemon.

[   49.474729] cloud-init[958]: |            .oBoo|
[   49.514265] [[0;32m  OK  [0m] Started FUSE filesystem for LXC.
cloud-init[958]: +----[SHA256]-----+
         Starting LSB: MD monitoring daemon...
         Starting Pollinate to seed the pseudo random number generator...
         Starting Login Service...
         Starting System Logging Service...
[[0;32m  OK  [0m] Started Deferred execution scheduler.
         Starting Accounts Service...
         Starting LSB: Record successful boot for GRUB...
         Starting LXD - container startup/shutdown...
         Starting /etc/rc.local Compatibility...
[[0;32m  OK  [0m] Started System Logging Service.
[[0;32m  OK  [0m] Started /etc/rc.local Compatibility.
[[0;32m  OK  [0m] Started Login Service.
[[0;32m  OK  [0m] Started Unattended Upgrades Shutdown.
[[0;32m  OK  [0m] Started Login to default iSCSI targets.
[[0;32m  OK  [0m] Reached target Remote File Systems (Pre).
[[0;32m  OK  [0m] Reached target Remote File Systems.
         Starting LSB: Set the CPU Frequency Scaling governor to "ondemand"...
         Starting Permit User Sessions...
         Starting LSB: automatic crash report generation...
         Starting LSB: daemon to balance interrupts for SMP systems...
[[0;32m  OK  [0m] Started LSB: Set the CPU Frequency Scaling governor to "ondemand".
[[0;32m  OK  [0m] Started Permit User Sessions.
         Starting Terminate Plymouth Boot Screen...
         Starting Hold until boot process finishes up...
[[0;32m  OK  [0m] Started Terminate Plymouth Boot Screen.
[[0;32m  OK  [0m] Started Hold until boot process finishes up.
[[0;32m  OK  [0m] Started LSB: Record successful boot for GRUB.
[[0;32m  OK  [0m] Started Getty on tty1.
[[0;32m  OK  [0m] Started Serial Getty on ttyS0.
[[0;32m  OK  [0m] Reached target Login Prompts.
         Starting Set console scheme...
[[0;32m  OK  [0m] Started LSB: MD monitoring daemon.
[[0;32m  OK  [0m] Started LSB: daemon to balance interrupts for SMP systems.
[[0;32m  OK  [0m] Started Set console scheme.
         Starting Authenticate and Authorize Users to Run Privileged Tasks...
[[0;32m  OK  [0m] Started LSB: automatic crash report generation.
[[0;32m  OK  [0m] Started Virtualbox guest utils.
[[0;32m  OK  [0m] Started Authenticate and Authorize Users to Run Privileged Tasks.
[[0;32m  OK  [0m] Started Accounts Service.
[[0;32m  OK  [0m] Started Snappy daemon.
         Starting Wait until snapd is fully seeded...

Ubuntu 16.04.6 LTS ubuntu-xenial ttyS0

ubuntu-xenial login: [   68.057011] cloud-init[1402]: Generating locales (this might take a while)...
[   74.702242] cloud-init[1402]:   en_US.UTF-8... done
[   74.704616] cloud-init[1402]: Generation complete.
[   84.997252] cloud-init[1402]: Cloud-init v. 19.1-1-gbaa47854-0ubuntu1~16.04.1 running 'modules:config' at Thu, 22 Aug 2019 17:44:48 +0000. Up 64.47 seconds.
ci-info: no authorized ssh keys fingerprints found for user ubuntu.
<14>Aug 22 17:45:11 ec2: 
<14>Aug 22 17:45:11 ec2: #############################################################
<14>Aug 22 17:45:11 ec2: -----BEGIN SSH HOST KEY FINGERPRINTS-----
<14>Aug 22 17:45:11 ec2: 1024 SHA256:Im6+VulVa55oedT53OJkGpJJ6vUy2dXUU9/XZr7Cd6U root@ubuntu-xenial (DSA)
<14>Aug 22 17:45:11 ec2: 256 SHA256:1OMXUpVkkrZkmQkfELEseZ6r1XvtfOjhVZMNtRafq9g root@ubuntu-xenial (ECDSA)
<14>Aug 22 17:45:11 ec2: 256 SHA256:3nNI3u89BnH+IHey2rshVjcVz6s8SSJBi4pi12ZrGQg root@ubuntu-xenial (ED25519)
<14>Aug 22 17:45:11 ec2: 2048 SHA256:ac4rqT7ZCGns5IIF0AQue6JaoSbH6uuhTBkb2S8r+os root@ubuntu-xenial (RSA)
<14>Aug 22 17:45:11 ec2: -----END SSH HOST KEY FINGERPRINTS-----
<14>Aug 22 17:45:11 ec2: #############################################################
-----BEGIN SSH HOST KEY KEYS-----
ecdsa-sha2-nistp256 AAAAE2VjZHNhLXNoYTItbmlzdHAyNTYAAAAIbmlzdHAyNTYAAABBBC8pOy7d+46W7FxMmLgQuFclOPGl4wPiuqkGyzveCGn6wedx7kXAr0R3LACJM6qgiVBj16jR5Pop8473EipnDhk= root@ubuntu-xenial
ssh-ed25519 AAAAC3NzaC1lZDI1NTE5AAAAILDlhS8l0QKxi4UmSVEuSSA5eaLse9V4YpPMg5kMVanC root@ubuntu-xenial
ssh-rsa AAAAB3NzaC1yc2EAAAADAQABAAABAQDzrDP4EH6LX2eHFJeWrHCiDR8cDskqgvdGPiz9qAVOz53jTe3cK5hdymdWFqfn6NEXw6H+MkbMapEVoIfPlEJHAZAhOt9wSiNN7+C2cYcwQBnZx8ga4lIQsTi1WDMusUmWEI6U4g8JuOZHb2DwtfLOSGYpO1m3Z6gJPxeqO1mgpDrD2MONXNimtbTUFESXBJOUSzIm7K0suyB156Sw63gyzruJoXQ9vLxSuMgXHwkb2kD/qLZUojUgdqwHd/FLu7KkbYGg0KkFxn1mtNNOwa2SXNI8HUuIyhQLfKFl74nszQVrPIDACjegLInKT6KAnOo2VtE+2qRrFushOzzZ1Okh root@ubuntu-xenial
-----END SSH HOST KEY KEYS-----
[   87.444403] cloud-init[1662]: Cloud-init v. 19.1-1-gbaa47854-0ubuntu1~16.04.1 running 'modules:final' at Thu, 22 Aug 2019 17:45:09 +0000. Up 85.98 seconds.
[   87.445624] cloud-init[1662]: ci-info: no authorized ssh keys fingerprints found for user ubuntu.
[   87.446670] cloud-init[1662]: Cloud-init v. 19.1-1-gbaa47854-0ubuntu1~16.04.1 finished at Thu, 22 Aug 2019 17:45:11 +0000. Datasource DataSourceNoCloud [seed=/dev/sdb][dsmode=net].  Up 87.41 seconds
